2026-06-13 18:11:10.450 +05:30 [WRN] No store type was specified for the decimal property 'GrandTotal' on entity type 'Order'. This will cause values to be silently truncated if they do not fit in the default precision and scale. Explicitly specify the SQL server column type that can accommodate all the values in 'OnModelCreating' using 'HasColumnType', specify precision and scale using 'HasPrecision', or configure a value converter using 'HasConversion'.
2026-06-13 18:11:16.030 +05:30 [WRN] The ASP.NET Core developer certificate is not trusted. For information about trusting the ASP.NET Core developer certificate, see https://aka.ms/aspnet/https-trust-dev-cert
2026-06-13 18:13:29.113 +05:30 [INF] HTTP HEAD / responded 404 in 1914.0433 ms
2026-06-13 18:13:31.178 +05:30 [INF] HTTP HEAD /api/categories responded 405 in 2.0682 ms
2026-06-13 18:13:34.311 +05:30 [WRN] You do not have a valid license key for the Lucky Penny software AutoMapper. This is allowed for development and testing scenarios. If you are running in production you are required to have a licensed version. Please visit https://luckypennysoftware.com to obtain a valid license.
2026-06-13 18:13:34.628 +05:30 [INF] HTTP GET /api/categories responded 200 in 447.1764 ms
2026-06-13 18:14:09.537 +05:30 [INF] HTTP POST /api/auth/login responded 400 in 151.5607 ms
2026-06-13 18:14:19.137 +05:30 [INF] HTTP GET /api/categories responded 200 in 221.0797 ms
2026-06-13 18:14:19.158 +05:30 [INF] HTTP GET /api/wishlist responded 401 in 242.1096 ms
2026-06-13 18:14:19.192 +05:30 [INF] HTTP GET /api/wishlist responded 401 in 4.3713 ms
2026-06-13 18:14:19.207 +05:30 [INF] HTTP GET /api/categories responded 200 in 33.3469 ms
2026-06-13 18:14:19.253 +05:30 [INF] HTTP GET /api/wishlist/ids responded 401 in 3.9824 ms
2026-06-13 18:14:19.461 +05:30 [INF] HTTP GET /api/products responded 200 in 285.2929 ms
2026-06-13 18:14:19.601 +05:30 [INF] HTTP GET /api/wishlist/ids responded 401 in 0.7215 ms
2026-06-13 18:14:19.801 +05:30 [INF] HTTP GET /api/products responded 200 in 39.0636 ms
2026-06-13 18:14:24.387 +05:30 [INF] HTTP GET /api/products responded 200 in 29.2602 ms
2026-06-13 18:14:24.667 +05:30 [INF] HTTP GET /api/orders responded 401 in 0.5035 ms
2026-06-13 18:14:24.736 +05:30 [INF] HTTP GET /api/products responded 200 in 19.3191 ms
2026-06-13 18:14:24.992 +05:30 [INF] HTTP GET /api/orders responded 401 in 0.3534 ms
2026-06-13 18:15:03.462 +05:30 [INF] HTTP POST /api/auth/register responded 201 in 495.1642 ms
2026-06-13 18:15:03.586 +05:30 [INF] HTTP GET /api/wishlist responded 200 in 51.3421 ms
2026-06-13 18:15:03.925 +05:30 [INF] HTTP GET /api/wishlist/ids responded 200 in 10.6988 ms
2026-06-13 18:15:04.781 +05:30 [INF] HTTP GET /api/categories responded 200 in 19.1885 ms
2026-06-13 18:15:05.103 +05:30 [INF] HTTP GET /api/categories responded 200 in 2.2633 ms
2026-06-13 18:15:05.138 +05:30 [INF] HTTP GET /api/products responded 200 in 6.1635 ms
2026-06-13 18:15:05.465 +05:30 [INF] HTTP GET /api/products responded 200 in 6.5977 ms
2026-06-13 18:15:17.402 +05:30 [INF] HTTP GET /api/products/4 responded 200 in 55.9998 ms
2026-06-13 18:15:17.417 +05:30 [INF] HTTP GET /api/products/4 responded 200 in 3.2349 ms
2026-06-13 18:15:17.609 +05:30 [INF] HTTP GET /api/products responded 200 in 19.4034 ms
2026-06-13 18:15:17.757 +05:30 [INF] HTTP GET /api/products responded 200 in 28.5561 ms
2026-06-13 18:15:19.794 +05:30 [INF] HTTP GET /api/products/2 responded 200 in 14.9848 ms
2026-06-13 18:15:20.088 +05:30 [INF] HTTP GET /api/products/4 responded 200 in 2.0018 ms
2026-06-13 18:15:20.120 +05:30 [INF] HTTP GET /api/products/2 responded 200 in 3.1511 ms
2026-06-13 18:15:20.421 +05:30 [INF] HTTP GET /api/products/4 responded 200 in 8.6941 ms
2026-06-13 18:15:22.223 +05:30 [INF] HTTP GET /api/users/addresses responded 200 in 30.4193 ms
2026-06-13 18:15:22.320 +05:30 [INF] HTTP GET /api/users/addresses responded 200 in 4.5494 ms
2026-06-13 18:15:45.542 +05:30 [INF] HTTP POST /api/users/addresses responded 201 in 84.7948 ms
2026-06-13 18:15:45.557 +05:30 [INF] HTTP GET /api/users/addresses responded 200 in 2.9261 ms
2026-06-13 18:16:17.142 +05:30 [INF] HTTP DELETE /api/cart responded 200 in 34.9727 ms
2026-06-13 18:16:17.917 +05:30 [INF] HTTP POST /api/cart/items responded 200 in 544.7614 ms
2026-06-13 18:16:18.696 +05:30 [INF] HTTP POST /api/cart/items responded 200 in 768.6668 ms
2026-06-13 18:16:20.736 +05:30 [INF] HTTP POST /api/orders responded 201 in 1742.4778 ms
2026-06-13 18:16:22.513 +05:30 [INF] HTTP POST /api/payment/create-order responded 200 in 1446.5635 ms
2026-06-13 18:18:06.014 +05:30 [INF] HTTP POST /api/payment/verify responded 200 in 42.3739 ms
2026-06-13 18:18:09.194 +05:30 [INF] HTTP GET /api/products responded 200 in 33.7589 ms
2026-06-13 18:18:09.515 +05:30 [INF] HTTP GET /api/products responded 200 in 3.5248 ms
2026-06-13 18:18:10.116 +05:30 [INF] HTTP GET /api/orders responded 200 in 948.8140 ms
2026-06-13 18:18:10.969 +05:30 [INF] HTTP GET /api/orders responded 200 in 558.9430 ms
2026-06-13 18:18:37.417 +05:30 [INF] HTTP GET /api/categories responded 200 in 20.8808 ms
2026-06-13 18:18:37.432 +05:30 [INF] HTTP GET /api/categories responded 200 in 3.3652 ms
2026-06-13 18:18:37.474 +05:30 [INF] HTTP GET /api/products responded 200 in 6.7545 ms
2026-06-13 18:18:37.494 +05:30 [INF] HTTP GET /api/products responded 200 in 6.2371 ms
2026-06-13 18:18:53.375 +05:30 [INF] HTTP GET /api/categories responded 200 in 33.4658 ms
2026-06-13 18:18:53.681 +05:30 [INF] HTTP GET /api/categories responded 200 in 1.9733 ms
2026-06-13 18:18:53.716 +05:30 [INF] HTTP GET /api/products responded 200 in 23.2574 ms
2026-06-13 18:18:53.744 +05:30 [INF] HTTP GET /api/products responded 200 in 4.1839 ms
2026-06-13 18:18:58.977 +05:30 [INF] HTTP GET /api/categories responded 200 in 6.6846 ms
2026-06-13 18:18:59.294 +05:30 [INF] HTTP GET /api/categories responded 200 in 1.7648 ms
2026-06-13 18:18:59.371 +05:30 [INF] HTTP GET /api/products responded 200 in 4.1492 ms
2026-06-13 18:18:59.686 +05:30 [INF] HTTP GET /api/products responded 200 in 3.2738 ms
2026-06-13 18:19:01.004 +05:30 [INF] HTTP GET /api/products/9 responded 200 in 9.6047 ms
2026-06-13 18:19:01.057 +05:30 [INF] HTTP GET /api/products/9 responded 200 in 1.7219 ms
2026-06-13 18:19:01.261 +05:30 [INF] HTTP GET /api/products responded 200 in 3.1510 ms
2026-06-13 18:19:01.325 +05:30 [INF] HTTP GET /api/products responded 200 in 4.1610 ms
2026-06-13 18:19:01.381 +05:30 [INF] HTTP GET /uploads/products/110c7f1f-ff72-4628-b696-ba46194f1d77.jpeg responded 200 in 58.4897 ms
2026-06-13 18:19:03.145 +05:30 [INF] HTTP GET /api/categories responded 200 in 2.4770 ms
2026-06-13 18:19:03.471 +05:30 [INF] HTTP GET /api/categories responded 200 in 2.9053 ms
2026-06-13 18:19:03.508 +05:30 [INF] HTTP GET /api/products responded 200 in 5.0316 ms
2026-06-13 18:19:03.527 +05:30 [INF] HTTP GET /api/products responded 200 in 5.8746 ms
2026-06-13 18:19:04.785 +05:30 [INF] HTTP GET /api/products/8 responded 200 in 2.9380 ms
2026-06-13 18:19:04.829 +05:30 [INF] HTTP GET /api/products/8 responded 200 in 2.3190 ms
2026-06-13 18:19:05.047 +05:30 [INF] HTTP GET /api/products responded 200 in 2.9742 ms
2026-06-13 18:19:05.111 +05:30 [INF] HTTP GET /api/products responded 200 in 3.7977 ms
2026-06-13 18:19:07.058 +05:30 [INF] HTTP GET /api/products/8 responded 200 in 2.7310 ms
2026-06-13 18:19:07.073 +05:30 [INF] HTTP GET /api/products/8 responded 200 in 2.9557 ms
2026-06-13 18:19:20.148 +05:30 [INF] HTTP POST /api/auth/login responded 200 in 137.1926 ms
2026-06-13 18:19:20.521 +05:30 [INF] HTTP GET /api/wishlist responded 200 in 12.5037 ms
2026-06-13 18:19:20.775 +05:30 [INF] HTTP GET /api/wishlist/ids responded 200 in 1.6299 ms
2026-06-13 18:19:21.243 +05:30 [INF] HTTP GET /api/users/addresses responded 200 in 5.4925 ms
2026-06-13 18:19:21.555 +05:30 [INF] HTTP GET /api/users/addresses responded 200 in 1.7538 ms
2026-06-13 18:22:24.444 +05:30 [INF] HTTP GET /api/wishlist responded 200 in 55.0576 ms
2026-06-13 18:22:24.465 +05:30 [INF] HTTP GET /api/categories responded 200 in 74.8632 ms
2026-06-13 18:22:24.469 +05:30 [INF] HTTP GET /api/wishlist responded 200 in 4.6058 ms
2026-06-13 18:22:24.492 +05:30 [INF] HTTP GET /api/categories responded 200 in 3.3983 ms
2026-06-13 18:22:24.683 +05:30 [INF] HTTP GET /api/wishlist/ids responded 200 in 11.3119 ms
2026-06-13 18:22:24.726 +05:30 [INF] HTTP GET /api/products responded 200 in 45.0675 ms
2026-06-13 18:22:25.005 +05:30 [INF] HTTP GET /api/wishlist/ids responded 200 in 1.8361 ms
2026-06-13 18:22:25.061 +05:30 [INF] HTTP GET /api/products responded 200 in 6.2684 ms
2026-06-13 18:22:51.326 +05:30 [INF] HTTP GET /api/categories responded 200 in 23.0609 ms
2026-06-13 18:22:51.663 +05:30 [INF] HTTP GET /api/categories responded 200 in 26.0560 ms
2026-06-13 18:22:51.747 +05:30 [INF] HTTP GET /api/products responded 200 in 28.3754 ms
2026-06-13 18:22:52.096 +05:30 [INF] HTTP GET /api/products responded 200 in 30.9942 ms
2026-06-13 18:29:45.606 +05:30 [INF] HTTP GET /api/products/p1 responded 404 in 12.9010 ms
2026-06-13 18:29:45.629 +05:30 [INF] HTTP GET /api/products/p1 responded 404 in 0.1506 ms
2026-06-13 18:29:45.987 +05:30 [INF] HTTP GET /api/products responded 200 in 349.5556 ms
2026-06-13 18:29:46.326 +05:30 [INF] HTTP GET /api/products responded 200 in 24.2862 ms
2026-06-13 18:30:00.501 +05:30 [INF] HTTP GET /api/products/1 responded 200 in 107.1136 ms
2026-06-13 18:30:00.601 +05:30 [INF] HTTP GET /api/products/1 responded 200 in 10.2089 ms
2026-06-13 18:30:00.845 +05:30 [INF] HTTP GET /api/products/1 responded 200 in 15.6961 ms
2026-06-13 18:30:00.954 +05:30 [INF] HTTP GET /api/products/1 responded 200 in 26.4278 ms
2026-06-13 18:30:53.924 +05:30 [INF] HTTP GET /api/categories responded 200 in 175.8587 ms
2026-06-13 18:30:53.967 +05:30 [INF] HTTP GET /api/wishlist responded 200 in 197.4431 ms
2026-06-13 18:30:54.009 +05:30 [INF] HTTP GET /api/categories responded 200 in 19.2989 ms
2026-06-13 18:30:54.080 +05:30 [INF] HTTP GET /api/wishlist responded 200 in 34.1095 ms
2026-06-13 18:30:54.132 +05:30 [INF] HTTP GET /api/products responded 200 in 113.1225 ms
2026-06-13 18:30:54.216 +05:30 [INF] HTTP GET /api/wishlist/ids responded 200 in 20.3100 ms
2026-06-13 18:30:54.598 +05:30 [INF] HTTP GET /api/products responded 200 in 91.7237 ms
2026-06-13 18:30:54.616 +05:30 [INF] HTTP GET /api/wishlist/ids responded 200 in 65.4193 ms
2026-06-13 18:31:01.153 +05:30 [INF] HTTP GET /api/categories responded 200 in 86.3846 ms
2026-06-13 18:31:01.175 +05:30 [INF] HTTP GET /api/wishlist responded 200 in 111.4290 ms
2026-06-13 18:31:01.206 +05:30 [INF] HTTP GET /api/categories responded 200 in 8.5830 ms
2026-06-13 18:31:01.244 +05:30 [INF] HTTP GET /api/wishlist responded 200 in 44.8795 ms
2026-06-13 18:31:01.304 +05:30 [INF] HTTP GET /api/wishlist/ids responded 200 in 20.3996 ms
2026-06-13 18:31:01.412 +05:30 [INF] HTTP GET /api/products responded 200 in 127.6240 ms
2026-06-13 18:31:01.837 +05:30 [INF] HTTP GET /api/products responded 200 in 90.9062 ms
2026-06-13 18:31:01.926 +05:30 [INF] HTTP GET /api/wishlist/ids responded 200 in 35.9106 ms
2026-06-13 18:31:15.828 +05:30 [INF] HTTP GET /api/products/8 responded 200 in 66.2383 ms
2026-06-13 18:31:16.157 +05:30 [INF] HTTP GET /api/products/8 responded 200 in 8.7156 ms
2026-06-13 18:31:16.261 +05:30 [INF] HTTP GET /api/products responded 200 in 56.8700 ms
2026-06-13 18:31:16.642 +05:30 [INF] HTTP GET /api/products responded 200 in 58.9943 ms
2026-06-13 18:31:19.810 +05:30 [INF] HTTP GET /api/products/8 responded 200 in 32.0544 ms
2026-06-13 18:31:19.961 +05:30 [INF] HTTP GET /api/products/8 responded 200 in 11.3163 ms
2026-06-13 18:31:26.642 +05:30 [INF] HTTP GET /api/products responded 200 in 158.1636 ms
2026-06-13 18:31:27.026 +05:30 [INF] HTTP GET /api/products responded 200 in 26.5361 ms
2026-06-13 18:31:28.528 +05:30 [INF] HTTP GET /api/orders responded 200 in 2041.8448 ms
2026-06-13 18:31:30.059 +05:30 [INF] HTTP GET /api/orders responded 200 in 1329.3139 ms
2026-06-13 18:31:44.023 +05:30 [INF] HTTP GET /api/categories responded 200 in 32.1021 ms
2026-06-13 18:31:44.068 +05:30 [INF] HTTP GET /api/categories responded 200 in 6.6093 ms
2026-06-13 18:31:44.299 +05:30 [INF] HTTP GET /api/products responded 200 in 64.2797 ms
2026-06-13 18:31:44.386 +05:30 [INF] HTTP GET /api/products responded 200 in 47.4985 ms
2026-06-13 18:31:49.701 +05:30 [INF] HTTP GET /api/products/8 responded 200 in 55.9913 ms
2026-06-13 18:31:49.739 +05:30 [INF] HTTP GET /api/products/8 responded 200 in 7.1912 ms
2026-06-13 18:31:50.098 +05:30 [INF] HTTP GET /api/products responded 200 in 49.3159 ms
2026-06-13 18:31:50.475 +05:30 [INF] HTTP GET /api/products responded 200 in 42.2749 ms
2026-06-13 18:31:52.905 +05:30 [INF] HTTP GET /api/products/8 responded 200 in 38.7149 ms
2026-06-13 18:31:52.954 +05:30 [INF] HTTP GET /api/products/8 responded 200 in 8.3129 ms
2026-06-13 18:32:03.705 +05:30 [INF] HTTP POST /api/auth/login responded 200 in 546.0244 ms
2026-06-13 18:32:04.184 +05:30 [INF] HTTP GET /api/wishlist responded 200 in 25.6208 ms
2026-06-13 18:32:04.484 +05:30 [INF] HTTP GET /api/wishlist/ids responded 200 in 41.8812 ms
2026-06-13 18:32:04.591 +05:30 [INF] HTTP GET /api/users/addresses responded 200 in 29.5304 ms
2026-06-13 18:32:04.635 +05:30 [INF] HTTP GET /api/users/addresses responded 200 in 8.3890 ms
2026-06-13 18:35:47.307 +05:30 [INF] HTTP GET /api/wishlist responded 200 in 721.0983 ms
2026-06-13 18:35:47.313 +05:30 [INF] HTTP GET /api/users/addresses responded 200 in 727.4180 ms
2026-06-13 18:35:47.340 +05:30 [INF] HTTP GET /api/wishlist responded 200 in 7.2487 ms
2026-06-13 18:35:48.024 +05:30 [INF] HTTP GET /api/wishlist/ids responded 200 in 216.2680 ms
2026-06-13 18:35:48.043 +05:30 [INF] HTTP GET /api/users/addresses responded 200 in 136.5728 ms
2026-06-13 18:35:49.417 +05:30 [INF] HTTP GET /api/wishlist/ids responded 200 in 30.0676 ms
2026-06-13 18:35:54.973 +05:30 [INF] HTTP GET /api/wishlist responded 200 in 154.8123 ms
2026-06-13 18:35:55.475 +05:30 [INF] HTTP GET /api/wishlist responded 200 in 402.4977 ms
2026-06-13 18:35:55.725 +05:30 [INF] HTTP GET /api/users/addresses responded 200 in 216.2015 ms
2026-06-13 18:35:56.506 +05:30 [INF] HTTP GET /api/users/addresses responded 200 in 422.0901 ms
2026-06-13 18:35:56.838 +05:30 [INF] HTTP GET /api/wishlist/ids responded 200 in 74.2531 ms
2026-06-13 18:35:57.229 +05:30 [INF] HTTP GET /api/wishlist/ids responded 200 in 7.1014 ms
2026-06-13 18:35:58.891 +05:30 [INF] HTTP GET /api/wishlist responded 200 in 2.4511 ms
2026-06-13 18:35:58.903 +05:30 [INF] HTTP GET /api/wishlist responded 200 in 2.4708 ms
2026-06-13 18:35:58.965 +05:30 [INF] HTTP GET /api/users/addresses responded 200 in 4.2898 ms
2026-06-13 18:35:59.281 +05:30 [INF] HTTP GET /api/users/addresses responded 200 in 1.7997 ms
2026-06-13 18:35:59.294 +05:30 [INF] HTTP GET /api/wishlist/ids responded 200 in 2.6980 ms
2026-06-13 18:35:59.621 +05:30 [INF] HTTP GET /api/wishlist/ids responded 200 in 4.8708 ms
2026-06-13 18:36:11.999 +05:30 [INF] HTTP GET /api/wishlist responded 200 in 12.3407 ms
2026-06-13 18:36:12.017 +05:30 [INF] HTTP GET /api/wishlist responded 200 in 5.4360 ms
2026-06-13 18:36:12.096 +05:30 [INF] HTTP GET /api/users/addresses responded 200 in 3.6257 ms
2026-06-13 18:36:12.410 +05:30 [INF] HTTP GET /api/users/addresses responded 200 in 1.2942 ms
2026-06-13 18:36:12.461 +05:30 [INF] HTTP GET /api/wishlist/ids responded 200 in 6.1813 ms
2026-06-13 18:36:12.816 +05:30 [INF] HTTP GET /api/wishlist/ids responded 200 in 33.5454 ms
2026-06-13 18:36:24.357 +05:30 [INF] HTTP GET /api/categories responded 200 in 61.3873 ms
2026-06-13 18:36:24.369 +05:30 [INF] HTTP GET /api/categories responded 200 in 4.0734 ms
2026-06-13 18:36:24.452 +05:30 [INF] HTTP GET /api/products responded 200 in 65.0192 ms
2026-06-13 18:36:24.465 +05:30 [INF] HTTP GET /api/products responded 200 in 4.6712 ms
2026-06-13 18:36:30.891 +05:30 [INF] HTTP GET /api/products/1 responded 200 in 55.8780 ms
2026-06-13 18:36:30.910 +05:30 [INF] HTTP GET /api/products/1 responded 200 in 3.8721 ms
2026-06-13 18:36:30.936 +05:30 [INF] HTTP GET /api/products/1 responded 200 in 6.5781 ms
2026-06-13 18:36:30.957 +05:30 [INF] HTTP GET /api/products/1 responded 200 in 7.6464 ms
2026-06-13 18:36:48.103 +05:30 [INF] HTTP GET /api/products/1 responded 200 in 36.6331 ms
2026-06-13 18:36:48.122 +05:30 [INF] HTTP GET /api/products/1 responded 200 in 4.0172 ms
2026-06-13 18:36:48.155 +05:30 [INF] HTTP GET /api/products/1 responded 200 in 14.7373 ms
2026-06-13 18:36:48.178 +05:30 [INF] HTTP GET /api/products/1 responded 200 in 6.0053 ms
2026-06-13 18:37:12.511 +05:30 [INF] HTTP GET /api/products/9 responded 200 in 50.9177 ms
2026-06-13 18:37:12.851 +05:30 [INF] HTTP GET /api/products/9 responded 200 in 4.3743 ms
2026-06-13 18:37:12.946 +05:30 [INF] HTTP GET /api/products responded 200 in 82.2905 ms
2026-06-13 18:37:13.108 +05:30 [INF] HTTP GET /api/products responded 200 in 14.2885 ms
2026-06-13 18:37:13.418 +05:30 [INF] HTTP GET /uploads/products/110c7f1f-ff72-4628-b696-ba46194f1d77.jpeg responded 200 in 143.7344 ms
2026-06-13 18:37:20.636 +05:30 [INF] HTTP GET /api/categories responded 200 in 51.7036 ms
2026-06-13 18:37:20.993 +05:30 [INF] HTTP GET /api/categories responded 200 in 4.2308 ms
2026-06-13 18:37:21.169 +05:30 [INF] HTTP GET /api/products responded 200 in 49.9206 ms
2026-06-13 18:37:21.204 +05:30 [INF] HTTP GET /api/products responded 200 in 9.7972 ms
2026-06-13 18:37:28.692 +05:30 [INF] HTTP GET /api/products/8 responded 200 in 41.3452 ms
2026-06-13 18:37:29.050 +05:30 [INF] HTTP GET /api/products/8 responded 200 in 33.1643 ms
2026-06-13 18:37:29.135 +05:30 [INF] HTTP GET /api/products responded 200 in 12.0204 ms
2026-06-13 18:37:29.291 +05:30 [INF] HTTP GET /api/products responded 200 in 12.2885 ms
2026-06-13 18:37:42.079 +05:30 [INF] HTTP GET /api/products/8 responded 200 in 38.3326 ms
2026-06-13 18:37:42.079 +05:30 [INF] HTTP GET /api/products/1 responded 200 in 46.0680 ms
2026-06-13 18:37:42.103 +05:30 [INF] HTTP GET /api/products/8 responded 200 in 6.1771 ms
2026-06-13 18:37:42.106 +05:30 [INF] HTTP GET /api/products/1 responded 200 in 7.3736 ms
2026-06-13 18:37:42.127 +05:30 [INF] HTTP GET /api/products/1 responded 200 in 3.3082 ms
2026-06-13 18:37:42.155 +05:30 [INF] HTTP GET /api/products/1 responded 200 in 4.9989 ms
2026-06-13 18:39:02.174 +05:30 [INF] HTTP GET /api/wishlist responded 200 in 207.6430 ms
2026-06-13 18:39:02.189 +05:30 [INF] HTTP GET /api/categories responded 200 in 224.5065 ms
2026-06-13 18:39:02.212 +05:30 [INF] HTTP GET /api/wishlist responded 200 in 7.3349 ms
2026-06-13 18:39:02.237 +05:30 [INF] HTTP GET /api/categories responded 200 in 30.0555 ms
2026-06-13 18:39:02.866 +05:30 [INF] HTTP GET /api/wishlist/ids responded 200 in 48.5611 ms
2026-06-13 18:39:02.894 +05:30 [INF] HTTP GET /api/products responded 200 in 73.1221 ms
2026-06-13 18:39:03.210 +05:30 [INF] HTTP GET /api/wishlist/ids responded 200 in 17.0241 ms
2026-06-13 18:39:03.312 +05:30 [INF] HTTP GET /api/products responded 200 in 93.9113 ms
2026-06-13 18:39:35.075 +05:30 [INF] HTTP GET /api/products/4 responded 200 in 538.7005 ms
2026-06-13 18:39:35.145 +05:30 [INF] HTTP GET /api/products/4 responded 200 in 22.9285 ms
2026-06-13 18:39:35.709 +05:30 [INF] HTTP GET /api/products responded 200 in 204.0219 ms
2026-06-13 18:39:36.242 +05:30 [INF] HTTP GET /api/products responded 200 in 194.5860 ms
2026-06-13 18:39:39.484 +05:30 [INF] HTTP GET /api/products/8 responded 200 in 90.8221 ms
2026-06-13 18:39:39.492 +05:30 [INF] HTTP GET /api/products/4 responded 200 in 101.6900 ms
2026-06-13 18:39:39.872 +05:30 [INF] HTTP GET /api/products/8 responded 200 in 44.1921 ms
2026-06-13 18:39:39.897 +05:30 [INF] HTTP GET /api/products/4 responded 200 in 70.1363 ms
2026-06-13 18:39:42.913 +05:30 [INF] HTTP GET /api/products responded 200 in 164.3145 ms
2026-06-13 18:39:43.098 +05:30 [INF] HTTP GET /api/products responded 200 in 76.1830 ms
2026-06-13 18:39:48.971 +05:30 [INF] HTTP GET /api/orders responded 200 in 5992.0926 ms
2026-06-13 18:39:50.657 +05:30 [INF] HTTP GET /api/orders responded 200 in 1651.6473 ms
2026-06-13 18:39:53.316 +05:30 [INF] HTTP GET /api/categories responded 200 in 124.1555 ms
2026-06-13 18:39:53.388 +05:30 [INF] HTTP GET /api/categories responded 200 in 19.9813 ms
2026-06-13 18:39:55.503 +05:30 [INF] HTTP GET /api/products responded 200 in 2079.8181 ms
2026-06-13 18:39:55.613 +05:30 [INF] HTTP GET /api/products responded 200 in 73.2681 ms
2026-06-13 18:39:56.033 +05:30 [INF] HTTP GET /api/products/8 responded 200 in 70.3980 ms
2026-06-13 18:39:56.100 +05:30 [INF] HTTP GET /api/products/4 responded 200 in 133.2229 ms
2026-06-13 18:39:56.404 +05:30 [INF] HTTP GET /api/products/8 responded 200 in 37.2664 ms
2026-06-13 18:39:56.443 +05:30 [INF] HTTP GET /api/products/4 responded 200 in 9.8157 ms
2026-06-13 18:40:28.501 +05:30 [INF] HTTP POST /api/auth/login responded 200 in 500.6965 ms
2026-06-13 18:40:29.045 +05:30 [INF] HTTP GET /api/wishlist responded 200 in 112.9249 ms
2026-06-13 18:40:29.199 +05:30 [INF] HTTP GET /api/wishlist/ids responded 200 in 10.3049 ms
2026-06-13 18:40:29.504 +05:30 [INF] HTTP GET /api/users/addresses responded 200 in 90.4647 ms
2026-06-13 18:40:29.582 +05:30 [INF] HTTP GET /api/users/addresses responded 200 in 16.0837 ms
2026-06-13 18:40:33.934 +05:30 [INF] HTTP GET /api/wishlist responded 200 in 58.3562 ms
2026-06-13 18:40:34.046 +05:30 [INF] HTTP GET /api/wishlist responded 200 in 52.9801 ms
2026-06-13 18:40:34.187 +05:30 [INF] HTTP GET /api/users/addresses responded 200 in 109.6530 ms
2026-06-13 18:40:34.232 +05:30 [INF] HTTP GET /api/users/addresses responded 200 in 6.5762 ms
2026-06-13 18:40:34.294 +05:30 [INF] HTTP GET /api/wishlist/ids responded 200 in 54.5547 ms
2026-06-13 18:40:34.331 +05:30 [INF] HTTP GET /api/wishlist/ids responded 200 in 8.2613 ms
2026-06-13 18:40:34.579 +05:30 [INF] HTTP POST /api/auth/login responded 200 in 299.0291 ms
2026-06-13 18:40:35.214 +05:30 [INF] HTTP GET /api/wishlist responded 200 in 31.2643 ms
2026-06-13 18:40:35.751 +05:30 [INF] HTTP GET /api/wishlist/ids responded 200 in 25.0179 ms
2026-06-13 18:40:39.014 +05:30 [INF] HTTP GET /api/wishlist responded 200 in 252.6809 ms
2026-06-13 18:40:39.017 +05:30 [INF] HTTP GET /api/users/addresses responded 200 in 22.4827 ms
2026-06-13 18:40:39.559 +05:30 [INF] HTTP GET /api/wishlist responded 200 in 10.4645 ms
2026-06-13 18:40:40.770 +05:30 [INF] HTTP GET /api/wishlist/ids responded 200 in 10.0327 ms
2026-06-13 18:40:40.784 +05:30 [INF] HTTP GET /api/wishlist/ids responded 200 in 7.9816 ms
2026-06-13 18:40:40.860 +05:30 [INF] HTTP GET /api/users/addresses responded 200 in 1313.9307 ms
2026-06-13 18:40:41.092 +05:30 [INF] HTTP GET /api/users/addresses responded 200 in 8.8886 ms
2026-06-13 18:40:41.467 +05:30 [INF] HTTP GET /api/users/addresses responded 200 in 38.0970 ms
2026-06-13 18:40:54.040 +05:30 [INF] HTTP GET /api/wishlist responded 200 in 10.0293 ms
2026-06-13 18:40:54.129 +05:30 [INF] HTTP GET /api/products/8 responded 200 in 69.0631 ms
2026-06-13 18:40:54.142 +05:30 [INF] HTTP GET /api/products/8 responded 200 in 2.9331 ms
2026-06-13 18:40:54.184 +05:30 [INF] HTTP GET /api/products/4 responded 200 in 117.4385 ms
2026-06-13 18:40:54.293 +05:30 [INF] HTTP GET /api/wishlist/ids responded 200 in 168.2579 ms
2026-06-13 18:40:54.296 +05:30 [INF] HTTP GET /api/wishlist responded 200 in 201.8397 ms
2026-06-13 18:40:54.509 +05:30 [INF] HTTP GET /api/products/4 responded 200 in 10.5008 ms
2026-06-13 18:40:54.655 +05:30 [INF] HTTP GET /api/wishlist/ids responded 200 in 16.2225 ms
2026-06-13 18:41:03.104 +05:30 [INF] HTTP GET /api/wishlist responded 401 in 23.7344 ms
2026-06-13 18:41:03.128 +05:30 [INF] HTTP GET /api/wishlist responded 401 in 0.9792 ms
2026-06-13 18:41:03.194 +05:30 [INF] HTTP GET /api/wishlist/ids responded 401 in 1.4300 ms
2026-06-13 18:41:03.222 +05:30 [INF] HTTP GET /api/users/addresses responded 401 in 1.3060 ms
2026-06-13 18:41:03.222 +05:30 [INF] HTTP GET /api/wishlist/ids responded 401 in 0.5224 ms
2026-06-13 18:41:03.241 +05:30 [INF] HTTP GET /api/users/addresses responded 401 in 0.4324 ms
2026-06-13 18:41:09.681 +05:30 [INF] HTTP GET /api/products responded 200 in 25.3161 ms
2026-06-13 18:41:09.934 +05:30 [INF] HTTP GET /api/orders responded 401 in 0.3837 ms
2026-06-13 18:41:09.998 +05:30 [INF] HTTP GET /api/products responded 200 in 3.4682 ms
2026-06-13 18:41:10.264 +05:30 [INF] HTTP GET /api/orders responded 401 in 1.0087 ms
2026-06-13 18:41:13.961 +05:30 [INF] HTTP GET /api/products/1 responded 200 in 13.8545 ms
2026-06-13 18:41:13.963 +05:30 [INF] HTTP GET /api/products/4 responded 200 in 16.8331 ms
2026-06-13 18:41:14.289 +05:30 [INF] HTTP GET /api/products/1 responded 200 in 2.2495 ms
2026-06-13 18:41:14.290 +05:30 [INF] HTTP GET /api/products/4 responded 200 in 1.9054 ms
2026-06-13 18:41:29.212 +05:30 [INF] HTTP POST /api/auth/login responded 200 in 120.1140 ms
2026-06-13 18:41:29.597 +05:30 [INF] HTTP GET /api/wishlist responded 200 in 22.3386 ms
2026-06-13 18:41:29.843 +05:30 [INF] HTTP GET /api/wishlist/ids responded 200 in 4.6569 ms
2026-06-13 18:41:29.966 +05:30 [INF] HTTP GET /api/users/addresses responded 200 in 7.6342 ms
2026-06-13 18:41:30.098 +05:30 [INF] HTTP GET /api/users/addresses responded 200 in 2.0556 ms
2026-06-13 18:44:48.235 +05:30 [INF] HTTP GET /api/wishlist responded 200 in 34.9771 ms
2026-06-13 18:44:48.247 +05:30 [INF] HTTP GET /api/wishlist responded 200 in 2.5720 ms
2026-06-13 18:44:48.298 +05:30 [INF] HTTP GET /api/wishlist responded 200 in 7.2513 ms
2026-06-13 18:44:48.314 +05:30 [INF] HTTP GET /api/products/8 responded 200 in 28.8128 ms
2026-06-13 18:44:48.324 +05:30 [INF] HTTP GET /api/users/addresses responded 200 in 10.7365 ms
2026-06-13 18:44:48.337 +05:30 [INF] HTTP GET /api/users/addresses responded 200 in 3.2858 ms
2026-06-13 18:44:48.667 +05:30 [INF] HTTP GET /api/wishlist/ids responded 200 in 7.9547 ms
2026-06-13 18:44:48.898 +05:30 [INF] HTTP GET /api/wishlist responded 200 in 1.5066 ms
2026-06-13 18:44:48.908 +05:30 [INF] HTTP GET /api/wishlist responded 200 in 3.3393 ms
2026-06-13 18:44:48.940 +05:30 [INF] HTTP GET /api/products/8 responded 200 in 2.0729 ms
2026-06-13 18:44:48.940 +05:30 [INF] HTTP GET /api/products/4 responded 200 in 4.1170 ms
2026-06-13 18:44:48.968 +05:30 [INF] HTTP GET /api/wishlist responded 200 in 23.7629 ms
2026-06-13 18:44:48.998 +05:30 [INF] HTTP GET /api/wishlist/ids responded 200 in 3.8135 ms
2026-06-13 18:44:49.005 +05:30 [INF] HTTP GET /api/users/addresses responded 200 in 5.8502 ms
2026-06-13 18:44:49.274 +05:30 [INF] HTTP GET /api/wishlist/ids responded 200 in 12.7478 ms
2026-06-13 18:44:49.360 +05:30 [INF] HTTP GET /api/wishlist/ids responded 200 in 3.8925 ms
2026-06-13 18:44:49.360 +05:30 [INF] HTTP GET /api/users/addresses responded 200 in 5.9585 ms
2026-06-13 18:44:49.393 +05:30 [INF] HTTP GET /api/wishlist/ids responded 200 in 1.6139 ms
2026-06-13 18:44:49.707 +05:30 [INF] HTTP GET /api/wishlist/ids responded 200 in 14.6863 ms
2026-06-13 18:44:56.353 +05:30 [INF] HTTP GET /api/products/8 responded 200 in 284.6634 ms
2026-06-13 18:44:56.455 +05:30 [INF] HTTP GET /api/wishlist responded 200 in 383.2567 ms
2026-06-13 18:44:56.467 +05:30 [INF] HTTP GET /api/wishlist responded 200 in 2.0301 ms
2026-06-13 18:44:56.493 +05:30 [INF] HTTP GET /api/wishlist responded 200 in 18.0557 ms
2026-06-13 18:44:56.496 +05:30 [INF] HTTP GET /api/wishlist/ids responded 200 in 2.0676 ms
2026-06-13 18:44:56.528 +05:30 [INF] HTTP GET /api/products/4 responded 200 in 459.1883 ms
2026-06-13 18:44:56.668 +05:30 [INF] HTTP GET /api/products/4 responded 200 in 132.4594 ms
2026-06-13 18:44:56.772 +05:30 [INF] HTTP GET /api/products/8 responded 200 in 366.9591 ms
2026-06-13 18:44:56.874 +05:30 [INF] HTTP GET /api/wishlist responded 200 in 27.6266 ms
2026-06-13 18:44:56.876 +05:30 [INF] HTTP GET /api/wishlist/ids responded 200 in 31.7918 ms
2026-06-13 18:44:56.953 +05:30 [INF] HTTP GET /api/wishlist responded 200 in 6.1044 ms
2026-06-13 18:44:57.022 +05:30 [INF] HTTP GET /api/wishlist responded 200 in 38.0666 ms
2026-06-13 18:44:57.072 +05:30 [INF] HTTP GET /api/products/8 responded 200 in 652.6972 ms
2026-06-13 18:44:57.147 +05:30 [INF] HTTP GET /api/wishlist responded 200 in 1004.9329 ms
2026-06-13 18:44:57.148 +05:30 [INF] HTTP GET /api/users/addresses responded 200 in 126.8743 ms
2026-06-13 18:44:57.150 +05:30 [INF] HTTP GET /api/users/addresses responded 200 in 1042.7110 ms
2026-06-13 18:44:57.178 +05:30 [INF] HTTP GET /api/products/8 responded 200 in 76.7978 ms
2026-06-13 18:44:57.223 +05:30 [INF] HTTP GET /api/wishlist/ids responded 200 in 4.5726 ms
2026-06-13 18:44:57.330 +05:30 [INF] HTTP GET /api/wishlist/ids responded 200 in 5.1665 ms
2026-06-13 18:44:57.473 +05:30 [INF] HTTP GET /api/users/addresses responded 200 in 3.6008 ms
2026-06-13 18:44:57.473 +05:30 [INF] HTTP GET /api/users/addresses responded 200 in 4.6252 ms
2026-06-13 18:44:57.479 +05:30 [INF] HTTP GET /api/wishlist/ids responded 200 in 9.0078 ms
2026-06-13 18:44:57.479 +05:30 [INF] HTTP GET /api/wishlist responded 200 in 9.7921 ms
2026-06-13 18:44:57.546 +05:30 [INF] HTTP GET /api/wishlist/ids responded 200 in 2.4452 ms
2026-06-13 18:44:57.667 +05:30 [INF] HTTP GET /api/wishlist/ids responded 200 in 15.2861 ms
2026-06-13 18:44:57.838 +05:30 [INF] HTTP GET /api/wishlist/ids responded 200 in 17.5385 ms
2026-06-13 18:45:00.894 +05:30 [INF] HTTP GET /api/wishlist responded 200 in 5.2585 ms
2026-06-13 18:45:00.903 +05:30 [INF] HTTP GET /api/wishlist responded 200 in 1.5066 ms
2026-06-13 18:45:01.071 +05:30 [INF] HTTP GET /api/users/addresses responded 200 in 6.5833 ms
2026-06-13 18:45:01.129 +05:30 [INF] HTTP GET /api/users/addresses responded 200 in 1.8413 ms
2026-06-13 18:45:01.129 +05:30 [INF] HTTP GET /api/wishlist/ids responded 200 in 1.4024 ms
2026-06-13 18:45:01.236 +05:30 [INF] HTTP GET /api/wishlist/ids responded 200 in 1.0957 ms
2026-06-13 18:45:02.036 +05:30 [INF] HTTP GET /api/wishlist responded 200 in 30.6402 ms
2026-06-13 18:45:02.059 +05:30 [INF] HTTP GET /api/wishlist responded 200 in 3.2563 ms
2026-06-13 18:45:02.143 +05:30 [INF] HTTP GET /api/users/addresses responded 200 in 10.6113 ms
2026-06-13 18:45:02.457 +05:30 [INF] HTTP GET /api/users/addresses responded 200 in 4.4795 ms
2026-06-13 18:45:02.492 +05:30 [INF] HTTP GET /api/wishlist/ids responded 200 in 7.6135 ms
2026-06-13 18:45:02.818 +05:30 [INF] HTTP GET /api/wishlist/ids responded 200 in 5.9858 ms
2026-06-13 18:45:11.361 +05:30 [INF] HTTP GET /api/products/8 responded 200 in 12.2421 ms
2026-06-13 18:45:11.364 +05:30 [INF] HTTP GET /api/wishlist responded 200 in 7.1179 ms
2026-06-13 18:45:11.375 +05:30 [INF] HTTP GET /api/wishlist responded 200 in 1.7958 ms
2026-06-13 18:45:11.415 +05:30 [INF] HTTP GET /api/users/addresses responded 200 in 4.1537 ms
2026-06-13 18:45:11.428 +05:30 [INF] HTTP GET /api/wishlist/ids responded 200 in 2.5498 ms
2026-06-13 18:45:11.429 +05:30 [INF] HTTP GET /api/users/addresses responded 200 in 3.6072 ms
2026-06-13 18:45:11.793 +05:30 [INF] HTTP GET /api/wishlist/ids responded 200 in 33.4019 ms
2026-06-13 18:45:11.915 +05:30 [INF] HTTP GET /api/wishlist responded 200 in 9.6730 ms
2026-06-13 18:45:11.986 +05:30 [INF] HTTP GET /api/products/4 responded 200 in 12.2219 ms
2026-06-13 18:45:11.992 +05:30 [INF] HTTP GET /api/wishlist responded 200 in 67.3821 ms
2026-06-13 18:45:12.063 +05:30 [INF] HTTP GET /api/products/8 responded 200 in 87.3985 ms
2026-06-13 18:45:12.073 +05:30 [INF] HTTP GET /api/users/addresses responded 200 in 6.0225 ms
2026-06-13 18:45:12.387 +05:30 [INF] HTTP GET /api/wishlist/ids responded 200 in 38.4891 ms
2026-06-13 18:45:12.410 +05:30 [INF] HTTP GET /api/users/addresses responded 200 in 8.2432 ms
2026-06-13 18:45:12.730 +05:30 [INF] HTTP GET /api/wishlist/ids responded 200 in 22.1261 ms
2026-06-13 18:45:17.736 +05:30 [INF] HTTP GET /api/wishlist responded 200 in 34.7540 ms
2026-06-13 18:45:17.752 +05:30 [INF] HTTP GET /api/wishlist responded 200 in 1.7402 ms
2026-06-13 18:45:17.777 +05:30 [INF] HTTP GET /api/products/8 responded 200 in 20.5896 ms
2026-06-13 18:45:17.800 +05:30 [INF] HTTP GET /api/products/8 responded 200 in 3.3637 ms
2026-06-13 18:45:17.891 +05:30 [INF] HTTP GET /api/users/addresses responded 200 in 21.6359 ms
2026-06-13 18:45:17.905 +05:30 [INF] HTTP GET /api/users/addresses responded 200 in 2.6292 ms
2026-06-13 18:45:18.284 +05:30 [INF] HTTP GET /api/products/4 responded 200 in 220.9695 ms
2026-06-13 18:45:18.292 +05:30 [INF] HTTP GET /api/products/8 responded 200 in 230.4128 ms
2026-06-13 18:45:18.300 +05:30 [INF] HTTP GET /api/wishlist responded 200 in 244.9675 ms
2026-06-13 18:45:18.303 +05:30 [INF] HTTP GET /api/wishlist/ids responded 200 in 6.1937 ms
2026-06-13 18:45:18.304 +05:30 [INF] HTTP GET /api/products/4 responded 200 in 4.0130 ms
2026-06-13 18:45:18.312 +05:30 [INF] HTTP GET /api/products/8 responded 200 in 3.6530 ms
2026-06-13 18:45:18.313 +05:30 [INF] HTTP GET /api/users/addresses responded 200 in 194.3498 ms
2026-06-13 18:45:18.320 +05:30 [INF] HTTP GET /api/wishlist responded 200 in 2.4818 ms
2026-06-13 18:45:18.587 +05:30 [INF] HTTP GET /api/wishlist/ids responded 200 in 21.7202 ms
2026-06-13 18:45:18.650 +05:30 [INF] HTTP GET /api/wishlist/ids responded 200 in 3.8417 ms
2026-06-13 18:45:18.678 +05:30 [INF] HTTP GET /api/users/addresses responded 200 in 27.9246 ms
2026-06-13 18:45:18.964 +05:30 [INF] HTTP GET /api/wishlist/ids responded 200 in 5.3810 ms
2026-06-13 18:45:28.922 +05:30 [INF] HTTP GET /api/wishlist responded 200 in 17.5417 ms
2026-06-13 18:45:29.038 +05:30 [INF] HTTP GET /api/wishlist responded 200 in 6.4864 ms
2026-06-13 18:45:29.050 +05:30 [INF] HTTP GET /api/users/addresses responded 200 in 4.7275 ms
2026-06-13 18:45:29.060 +05:30 [INF] HTTP GET /api/wishlist/ids responded 200 in 1.9005 ms
2026-06-13 18:45:29.129 +05:30 [INF] HTTP GET /api/users/addresses responded 200 in 4.0381 ms
2026-06-13 18:45:29.243 +05:30 [INF] HTTP GET /api/wishlist/ids responded 200 in 7.9917 ms
2026-06-13 18:45:29.940 +05:30 [INF] HTTP GET /api/wishlist responded 200 in 13.2187 ms
2026-06-13 18:45:29.953 +05:30 [INF] HTTP GET /api/wishlist responded 200 in 1.5625 ms
2026-06-13 18:45:30.024 +05:30 [INF] HTTP GET /api/users/addresses responded 200 in 7.3459 ms
2026-06-13 18:45:30.351 +05:30 [INF] HTTP GET /api/users/addresses responded 200 in 4.1845 ms
2026-06-13 18:45:30.356 +05:30 [INF] HTTP GET /api/wishlist/ids responded 200 in 10.4331 ms
2026-06-13 18:45:30.679 +05:30 [INF] HTTP GET /api/wishlist/ids responded 200 in 6.0635 ms
2026-06-13 18:45:37.281 +05:30 [INF] HTTP GET /api/users/addresses responded 200 in 6.7691 ms
2026-06-13 18:45:37.898 +05:30 [INF] HTTP GET /api/users/addresses responded 200 in 7.5543 ms
2026-06-13 18:46:22.168 +05:30 [INF] HTTP GET /api/products responded 200 in 48.0398 ms
2026-06-13 18:46:22.181 +05:30 [INF] HTTP GET /api/products responded 200 in 3.3171 ms
2026-06-13 18:46:22.637 +05:30 [INF] HTTP GET /api/orders responded 200 in 504.6840 ms
2026-06-13 18:46:23.183 +05:30 [INF] HTTP GET /api/orders responded 200 in 533.6430 ms
2026-06-13 18:46:30.464 +05:30 [INF] HTTP GET /api/categories responded 200 in 41.7456 ms
2026-06-13 18:46:30.500 +05:30 [INF] HTTP GET /api/categories responded 200 in 22.9014 ms
2026-06-13 18:46:30.640 +05:30 [INF] HTTP GET /api/products responded 200 in 29.3691 ms
2026-06-13 18:46:30.687 +05:30 [INF] HTTP GET /api/products responded 200 in 28.0128 ms
2026-06-13 18:46:37.154 +05:30 [INF] HTTP GET /api/products/8 responded 200 in 20.9548 ms
2026-06-13 18:46:37.510 +05:30 [INF] HTTP GET /api/products/8 responded 200 in 29.4285 ms
2026-06-13 18:46:37.523 +05:30 [INF] HTTP GET /api/products responded 200 in 42.1071 ms
2026-06-13 18:46:37.875 +05:30 [INF] HTTP GET /api/products responded 200 in 27.0026 ms
2026-06-13 18:46:39.124 +05:30 [INF] HTTP GET /api/products/8 responded 200 in 94.3095 ms
2026-06-13 18:46:39.158 +05:30 [INF] HTTP GET /api/products/8 responded 200 in 5.4843 ms
2026-06-13 18:46:39.158 +05:30 [INF] HTTP GET /api/products/4 responded 200 in 85.2990 ms
2026-06-13 18:46:39.290 +05:30 [INF] HTTP GET /api/products/4 responded 200 in 9.1281 ms
2026-06-13 18:46:49.339 +05:30 [INF] HTTP POST /api/auth/login responded 200 in 252.4514 ms
2026-06-13 18:46:49.380 +05:30 [INF] HTTP GET /api/wishlist responded 200 in 7.6092 ms
2026-06-13 18:46:49.726 +05:30 [INF] HTTP GET /api/wishlist/ids responded 200 in 12.1357 ms
2026-06-13 18:46:49.976 +05:30 [INF] HTTP GET /api/users/addresses responded 200 in 3.9763 ms
2026-06-13 18:46:50.194 +05:30 [INF] HTTP GET /api/users/addresses responded 200 in 10.1786 ms
2026-06-13 18:46:52.631 +05:30 [INF] HTTP GET /api/wishlist responded 200 in 12.2262 ms
2026-06-13 18:46:52.657 +05:30 [INF] HTTP GET /api/wishlist responded 200 in 11.6100 ms
2026-06-13 18:46:52.731 +05:30 [INF] HTTP GET /api/users/addresses responded 200 in 7.6527 ms
2026-06-13 18:46:52.760 +05:30 [INF] HTTP GET /api/users/addresses responded 200 in 13.4106 ms
2026-06-13 18:46:52.774 +05:30 [INF] HTTP GET /api/wishlist/ids responded 200 in 12.7639 ms
2026-06-13 18:46:52.790 +05:30 [INF] HTTP GET /api/wishlist/ids responded 200 in 3.0234 ms
2026-06-13 18:46:54.442 +05:30 [INF] HTTP GET /api/wishlist responded 200 in 16.1269 ms
2026-06-13 18:46:54.459 +05:30 [INF] HTTP GET /api/wishlist responded 200 in 9.8549 ms
2026-06-13 18:46:54.522 +05:30 [INF] HTTP GET /api/users/addresses responded 200 in 10.7362 ms
2026-06-13 18:46:54.544 +05:30 [INF] HTTP GET /api/users/addresses responded 200 in 10.1168 ms
2026-06-13 18:46:54.558 +05:30 [INF] HTTP GET /api/wishlist/ids responded 200 in 15.2497 ms
2026-06-13 18:46:54.578 +05:30 [INF] HTTP GET /api/wishlist/ids responded 200 in 8.6505 ms
2026-06-13 18:52:09.488 +05:30 [INF] HTTP GET /api/users/addresses responded 200 in 342.2403 ms
2026-06-13 18:52:09.487 +05:30 [INF] HTTP GET /api/users/addresses responded 200 in 342.3352 ms
2026-06-13 18:53:33.360 +05:30 [INF] HTTP GET /api/wishlist responded 200 in 72.3097 ms
2026-06-13 18:53:33.381 +05:30 [INF] HTTP GET /api/wishlist responded 200 in 5.5421 ms
2026-06-13 18:53:33.442 +05:30 [INF] HTTP GET /api/users/addresses responded 200 in 21.0577 ms
2026-06-13 18:53:33.533 +05:30 [INF] HTTP GET /api/users/addresses responded 200 in 23.7905 ms
2026-06-13 18:53:33.596 +05:30 [INF] HTTP GET /api/wishlist/ids responded 200 in 66.7168 ms
2026-06-13 18:53:33.612 +05:30 [INF] HTTP GET /api/wishlist/ids responded 200 in 3.2160 ms
2026-06-13 18:53:50.611 +05:30 [INF] HTTP GET /api/products responded 200 in 98.2766 ms
2026-06-13 18:53:50.935 +05:30 [INF] HTTP GET /api/products responded 200 in 13.6067 ms
2026-06-13 18:53:51.463 +05:30 [INF] HTTP GET /api/orders responded 200 in 634.1156 ms
2026-06-13 18:53:52.279 +05:30 [INF] HTTP GET /api/orders responded 200 in 512.0396 ms
2026-06-13 18:54:00.782 +05:30 [INF] HTTP GET /api/categories responded 200 in 26.9734 ms
2026-06-13 18:54:00.794 +05:30 [INF] HTTP GET /api/categories responded 200 in 1.8976 ms
2026-06-13 18:54:00.932 +05:30 [INF] HTTP GET /api/products responded 200 in 21.4132 ms
2026-06-13 18:54:00.951 +05:30 [INF] HTTP GET /api/products responded 200 in 6.9947 ms
2026-06-13 18:54:05.845 +05:30 [INF] HTTP GET /api/products/8 responded 200 in 15.5828 ms
2026-06-13 18:54:05.856 +05:30 [INF] HTTP GET /api/products/8 responded 200 in 2.9684 ms
2026-06-13 18:54:06.260 +05:30 [INF] HTTP GET /api/products responded 200 in 60.3054 ms
2026-06-13 18:54:06.468 +05:30 [INF] HTTP GET /api/products responded 200 in 16.8431 ms
2026-06-13 18:54:08.371 +05:30 [INF] HTTP GET /api/products/8 responded 200 in 15.1063 ms
2026-06-13 18:54:08.727 +05:30 [INF] HTTP GET /api/products/4 responded 200 in 47.1759 ms
2026-06-13 18:54:08.755 +05:30 [INF] HTTP GET /api/products/8 responded 200 in 46.7373 ms
2026-06-13 18:54:09.058 +05:30 [INF] HTTP GET /api/products/4 responded 200 in 6.9850 ms
2026-06-13 18:54:26.141 +05:30 [INF] HTTP POST /api/auth/login responded 200 in 213.5849 ms
2026-06-13 18:54:26.504 +05:30 [INF] HTTP GET /api/wishlist responded 200 in 9.6134 ms
2026-06-13 18:54:26.764 +05:30 [INF] HTTP GET /api/wishlist/ids responded 200 in 8.4237 ms
2026-06-13 18:54:26.821 +05:30 [INF] HTTP GET /api/users/addresses responded 200 in 3.5989 ms
2026-06-13 18:54:26.993 +05:30 [INF] HTTP GET /api/users/addresses responded 200 in 3.5355 ms
2026-06-13 18:54:54.847 +05:30 [INF] HTTP DELETE /api/cart responded 200 in 34.0232 ms
2026-06-13 18:54:55.519 +05:30 [INF] HTTP POST /api/cart/items responded 200 in 630.6073 ms
2026-06-13 18:54:56.534 +05:30 [INF] HTTP POST /api/cart/items responded 200 in 688.5934 ms
2026-06-13 18:54:58.653 +05:30 [INF] HTTP POST /api/orders responded 201 in 1798.0610 ms
2026-06-13 18:55:00.184 +05:30 [INF] HTTP POST /api/payment/create-order responded 200 in 1181.2875 ms
2026-06-13 18:56:38.829 +05:30 [INF] HTTP POST /api/payment/verify responded 200 in 21.0046 ms
2026-06-13 18:56:45.083 +05:30 [INF] HTTP GET /api/categories responded 200 in 11.8066 ms
2026-06-13 18:56:45.483 +05:30 [INF] HTTP GET /api/categories responded 200 in 3.8174 ms
2026-06-13 18:56:45.520 +05:30 [INF] HTTP GET /api/products responded 200 in 106.5810 ms
2026-06-13 18:56:45.885 +05:30 [INF] HTTP GET /api/products responded 200 in 7.5237 ms
2026-06-13 18:56:54.492 +05:30 [INF] HTTP GET /api/products responded 200 in 2.1901 ms
2026-06-13 18:56:54.523 +05:30 [INF] HTTP GET /api/products responded 200 in 2.0905 ms
2026-06-13 18:56:55.410 +05:30 [INF] HTTP GET /api/orders responded 200 in 890.5170 ms
2026-06-13 18:56:56.427 +05:30 [INF] HTTP GET /api/orders responded 200 in 1003.5519 ms
2026-06-13 18:59:09.658 +05:30 [INF] HTTP GET /api/categories responded 200 in 40.9273 ms
2026-06-13 18:59:09.995 +05:30 [INF] HTTP GET /api/categories responded 200 in 10.3020 ms
2026-06-13 18:59:10.015 +05:30 [INF] HTTP GET /api/products responded 200 in 31.0949 ms
2026-06-13 18:59:10.335 +05:30 [INF] HTTP GET /api/products responded 200 in 12.4802 ms
2026-06-13 19:05:00.644 +05:30 [INF] HTTP GET /api/products/3 responded 200 in 101.2611 ms
2026-06-13 19:05:00.662 +05:30 [INF] HTTP GET /api/products/3 responded 200 in 4.1238 ms
2026-06-13 19:05:00.808 +05:30 [INF] HTTP GET /api/products responded 200 in 38.0230 ms
2026-06-13 19:05:00.990 +05:30 [INF] HTTP GET /api/products responded 200 in 16.0579 ms
2026-06-13 19:05:03.987 +05:30 [INF] HTTP GET /api/categories responded 200 in 14.9681 ms
2026-06-13 19:05:04.340 +05:30 [INF] HTTP GET /api/categories responded 200 in 32.3309 ms
2026-06-13 19:05:04.376 +05:30 [INF] HTTP GET /api/products responded 200 in 51.4943 ms
2026-06-13 19:05:04.710 +05:30 [INF] HTTP GET /api/products responded 200 in 20.2777 ms
2026-06-13 19:05:24.532 +05:30 [INF] HTTP GET /api/products/7 responded 200 in 22.2587 ms
2026-06-13 19:05:24.552 +05:30 [INF] HTTP GET /api/products/7 responded 200 in 3.5172 ms
2026-06-13 19:05:24.779 +05:30 [INF] HTTP GET /api/products responded 200 in 15.0404 ms
2026-06-13 19:05:24.846 +05:30 [INF] HTTP GET /api/products responded 200 in 3.6652 ms
2026-06-13 19:05:32.110 +05:30 [INF] HTTP GET /api/categories responded 200 in 24.5478 ms
2026-06-13 19:05:32.124 +05:30 [INF] HTTP GET /api/categories responded 200 in 2.9050 ms
2026-06-13 19:05:32.445 +05:30 [INF] HTTP GET /api/products responded 200 in 16.8227 ms
2026-06-13 19:05:32.774 +05:30 [INF] HTTP GET /api/products responded 200 in 15.6268 ms
2026-06-13 19:05:34.290 +05:30 [INF] HTTP GET /api/products/6 responded 200 in 9.3677 ms
2026-06-13 19:05:34.302 +05:30 [INF] HTTP GET /api/products/6 responded 200 in 1.8389 ms
2026-06-13 19:05:34.556 +05:30 [INF] HTTP GET /api/products responded 200 in 14.2068 ms
2026-06-13 19:05:34.609 +05:30 [INF] HTTP GET /api/products responded 200 in 3.5534 ms
2026-06-13 19:05:52.459 +05:30 [INF] HTTP GET /api/products/7 responded 200 in 13.8650 ms
2026-06-13 19:05:52.481 +05:30 [INF] HTTP GET /api/products responded 200 in 12.4125 ms
2026-06-13 19:06:26.093 +05:30 [INF] HTTP GET /api/categories responded 200 in 11.5477 ms
2026-06-13 19:06:26.116 +05:30 [INF] HTTP GET /api/wishlist responded 200 in 36.0618 ms
2026-06-13 19:06:26.125 +05:30 [INF] HTTP GET /api/categories responded 200 in 20.3490 ms
2026-06-13 19:06:26.129 +05:30 [INF] HTTP GET /api/wishlist responded 200 in 2.8458 ms
2026-06-13 19:06:26.147 +05:30 [INF] HTTP GET /api/products responded 200 in 33.0014 ms
2026-06-13 19:06:26.182 +05:30 [INF] HTTP GET /api/wishlist/ids responded 200 in 4.0177 ms
2026-06-13 19:06:26.505 +05:30 [INF] HTTP GET /api/wishlist/ids responded 200 in 12.9776 ms
2026-06-13 19:06:26.515 +05:30 [INF] HTTP GET /api/products responded 200 in 21.7554 ms
2026-06-13 19:06:41.048 +05:30 [INF] HTTP GET /api/categories responded 200 in 66.2588 ms
2026-06-13 19:06:41.414 +05:30 [INF] HTTP GET /api/categories responded 200 in 21.6949 ms
2026-06-13 19:06:41.489 +05:30 [INF] HTTP GET /api/products responded 200 in 50.0209 ms
2026-06-13 19:06:41.703 +05:30 [INF] HTTP GET /api/products responded 200 in 50.5181 ms
2026-06-13 19:06:50.943 +05:30 [INF] HTTP GET /api/products/7 responded 200 in 127.1002 ms
2026-06-13 19:06:51.101 +05:30 [INF] HTTP GET /api/wishlist responded 200 in 265.2309 ms
2026-06-13 19:06:51.150 +05:30 [INF] HTTP GET /api/products/7 responded 200 in 144.2654 ms
2026-06-13 19:06:51.277 +05:30 [INF] HTTP GET /api/products responded 200 in 259.1062 ms
2026-06-13 19:06:51.408 +05:30 [INF] HTTP GET /api/wishlist/ids responded 200 in 271.4482 ms
2026-06-13 19:06:51.418 +05:30 [INF] HTTP GET /api/wishlist responded 200 in 283.9918 ms
2026-06-13 19:06:51.919 +05:30 [INF] HTTP GET /api/wishlist/ids responded 200 in 60.7214 ms
2026-06-13 19:06:51.947 +05:30 [INF] HTTP GET /api/products responded 200 in 337.8270 ms
2026-06-13 19:07:08.525 +05:30 [INF] HTTP GET /api/products/6 responded 200 in 89.9674 ms
2026-06-13 19:07:08.988 +05:30 [INF] HTTP GET /api/products responded 200 in 108.1604 ms
2026-06-13 19:07:58.296 +05:30 [WRN] No store type was specified for the decimal property 'GrandTotal' on entity type 'Order'. This will cause values to be silently truncated if they do not fit in the default precision and scale. Explicitly specify the SQL server column type that can accommodate all the values in 'OnModelCreating' using 'HasColumnType', specify precision and scale using 'HasPrecision', or configure a value converter using 'HasConversion'.
2026-06-13 19:08:00.330 +05:30 [WRN] The ASP.NET Core developer certificate is not trusted. For information about trusting the ASP.NET Core developer certificate, see https://aka.ms/aspnet/https-trust-dev-cert
2026-06-13 19:08:29.787 +05:30 [WRN] You do not have a valid license key for the Lucky Penny software AutoMapper. This is allowed for development and testing scenarios. If you are running in production you are required to have a licensed version. Please visit https://luckypennysoftware.com to obtain a valid license.
2026-06-13 19:08:30.052 +05:30 [INF] HTTP GET /api/products/7 responded 200 in 422.9024 ms
2026-06-13 19:08:30.278 +05:30 [INF] HTTP GET /api/products responded 200 in 189.7186 ms
2026-06-13 19:08:32.019 +05:30 [INF] HTTP GET /api/categories responded 200 in 64.0630 ms
2026-06-13 19:08:32.358 +05:30 [INF] HTTP GET /api/categories responded 200 in 8.3575 ms
2026-06-13 19:08:32.387 +05:30 [INF] HTTP GET /api/products responded 200 in 35.4977 ms
2026-06-13 19:08:32.722 +05:30 [INF] HTTP GET /api/products responded 200 in 18.9980 ms
2026-06-13 19:08:38.665 +05:30 [INF] HTTP GET /api/products/9 responded 200 in 49.6338 ms
2026-06-13 19:08:38.687 +05:30 [INF] HTTP GET /api/products/9 responded 200 in 4.0141 ms
2026-06-13 19:08:38.943 +05:30 [INF] HTTP GET /api/products responded 200 in 76.3011 ms
2026-06-13 19:08:39.012 +05:30 [INF] HTTP GET /api/products responded 200 in 26.6786 ms
2026-06-13 19:08:39.293 +05:30 [INF] HTTP GET /uploads/products/110c7f1f-ff72-4628-b696-ba46194f1d77.jpeg responded 200 in 25.5187 ms
2026-06-13 19:08:56.359 +05:30 [INF] HTTP GET /api/categories responded 200 in 19.8528 ms
2026-06-13 19:08:56.689 +05:30 [INF] HTTP GET /api/categories responded 200 in 11.5851 ms
2026-06-13 19:08:56.719 +05:30 [INF] HTTP GET /api/products responded 200 in 21.3423 ms
2026-06-13 19:08:56.735 +05:30 [INF] HTTP GET /api/products responded 200 in 5.6730 ms
2026-06-13 19:08:58.961 +05:30 [INF] HTTP GET /api/products/17 responded 200 in 10.6146 ms
2026-06-13 19:08:59.048 +05:30 [INF] HTTP GET /api/products/17 responded 200 in 9.2710 ms
2026-06-13 19:08:59.212 +05:30 [INF] HTTP GET /api/products responded 200 in 18.3735 ms
2026-06-13 19:08:59.294 +05:30 [INF] HTTP GET /api/products responded 200 in 22.6273 ms
2026-06-13 19:09:22.054 +05:30 [INF] HTTP GET /api/products/17 responded 200 in 48.9119 ms
2026-06-13 19:09:22.194 +05:30 [INF] HTTP GET /api/products responded 200 in 91.2018 ms
2026-06-13 19:09:44.024 +05:30 [INF] HTTP GET /api/categories responded 200 in 104.5357 ms
2026-06-13 19:09:44.068 +05:30 [INF] HTTP GET /api/categories responded 200 in 25.9941 ms
2026-06-13 19:09:44.414 +05:30 [INF] HTTP GET /api/products responded 200 in 55.6038 ms
2026-06-13 19:09:44.698 +05:30 [INF] HTTP GET /api/users/addresses responded 200 in 714.8264 ms
2026-06-13 19:09:44.698 +05:30 [INF] HTTP GET /api/users/addresses responded 200 in 419.4846 ms
2026-06-13 19:09:44.845 +05:30 [INF] HTTP GET /api/products responded 200 in 108.1770 ms
2026-06-13 19:10:00.260 +05:30 [INF] HTTP GET /api/categories responded 200 in 17.3666 ms
2026-06-13 19:10:00.277 +05:30 [INF] HTTP GET /api/categories responded 200 in 3.6922 ms
2026-06-13 19:10:00.373 +05:30 [INF] HTTP GET /api/wishlist responded 200 in 124.6444 ms
2026-06-13 19:10:00.407 +05:30 [INF] HTTP GET /api/wishlist responded 200 in 19.2767 ms
2026-06-13 19:10:01.650 +05:30 [INF] HTTP GET /api/products responded 200 in 49.9274 ms
2026-06-13 19:10:01.686 +05:30 [INF] HTTP GET /api/wishlist/ids responded 200 in 53.7057 ms
2026-06-13 19:10:02.018 +05:30 [INF] HTTP GET /api/wishlist/ids responded 200 in 14.0390 ms
2026-06-13 19:10:02.055 +05:30 [INF] HTTP GET /api/products responded 200 in 78.5107 ms
2026-06-13 19:10:28.619 +05:30 [INF] HTTP GET /api/products/17 responded 200 in 39.3801 ms
2026-06-13 19:10:29.038 +05:30 [INF] HTTP GET /api/products/17 responded 200 in 73.2886 ms
2026-06-13 19:10:29.153 +05:30 [INF] HTTP GET /api/products responded 200 in 44.7173 ms
2026-06-13 19:10:29.289 +05:30 [INF] HTTP GET /api/products responded 200 in 79.6760 ms
2026-06-13 19:11:03.351 +05:30 [INF] HTTP GET /api/products/8 responded 200 in 38.6291 ms
2026-06-13 19:11:03.628 +05:30 [INF] HTTP GET /api/products/17 responded 200 in 5.8965 ms
2026-06-13 19:11:03.687 +05:30 [INF] HTTP GET /api/products/8 responded 200 in 6.7876 ms
2026-06-13 19:11:03.995 +05:30 [INF] HTTP GET /api/products/17 responded 200 in 38.2216 ms
2026-06-13 19:12:23.370 +05:30 [INF] HTTP GET /api/products/17 responded 200 in 43.1391 ms
2026-06-13 19:12:23.457 +05:30 [INF] HTTP GET /api/products/17 responded 200 in 13.5548 ms
2026-06-13 19:12:23.611 +05:30 [INF] HTTP GET /api/products responded 200 in 66.3332 ms
2026-06-13 19:12:23.711 +05:30 [INF] HTTP GET /api/products responded 200 in 28.9060 ms
2026-06-13 19:17:24.485 +05:30 [INF] HTTP GET /api/users/addresses responded 200 in 138.9180 ms
2026-06-13 19:17:24.935 +05:30 [INF] HTTP GET /api/users/addresses responded 200 in 14.8558 ms
2026-06-13 19:19:14.283 +05:30 [INF] HTTP GET /api/categories responded 200 in 124.5533 ms
2026-06-13 19:19:14.283 +05:30 [INF] HTTP GET /api/wishlist responded 200 in 124.9425 ms
2026-06-13 19:19:14.318 +05:30 [INF] HTTP GET /api/wishlist responded 200 in 20.0743 ms
2026-06-13 19:19:14.325 +05:30 [INF] HTTP GET /api/categories responded 200 in 27.7412 ms
2026-06-13 19:19:14.334 +05:30 [INF] HTTP GET /api/wishlist/ids responded 200 in 8.7871 ms
2026-06-13 19:19:14.401 +05:30 [INF] HTTP GET /api/products responded 200 in 70.0486 ms
2026-06-13 19:19:14.732 +05:30 [INF] HTTP GET /api/wishlist/ids responded 200 in 7.1238 ms
2026-06-13 19:19:14.779 +05:30 [INF] HTTP GET /api/products responded 200 in 20.6137 ms
2026-06-13 19:19:50.445 +05:30 [INF] HTTP GET /api/wishlist responded 200 in 247.2549 ms
2026-06-13 19:19:50.559 +05:30 [INF] HTTP GET /api/wishlist responded 200 in 22.4200 ms
2026-06-13 19:19:50.643 +05:30 [INF] HTTP GET /api/wishlist/ids responded 200 in 104.4110 ms
2026-06-13 19:19:50.732 +05:30 [INF] HTTP GET /api/wishlist/ids responded 200 in 24.8741 ms
2026-06-13 19:19:50.751 +05:30 [INF] HTTP GET /api/products/17 responded 200 in 543.8700 ms
2026-06-13 19:19:50.934 +05:30 [INF] HTTP GET /api/products/17 responded 200 in 124.0094 ms
2026-06-13 19:19:51.684 +05:30 [INF] HTTP GET /api/products responded 200 in 553.5371 ms
2026-06-13 19:19:52.184 +05:30 [INF] HTTP GET /api/products responded 200 in 127.5611 ms
2026-06-13 19:19:55.094 +05:30 [INF] HTTP GET /api/products/17 responded 200 in 29.3053 ms
2026-06-13 19:19:55.156 +05:30 [INF] HTTP GET /api/products/17 responded 200 in 14.1872 ms
2026-06-13 19:19:55.652 +05:30 [INF] HTTP GET /api/products responded 200 in 111.3038 ms
2026-06-13 19:19:56.186 +05:30 [INF] HTTP GET /api/products responded 200 in 386.0611 ms
2026-06-13 19:20:06.729 +05:30 [INF] HTTP GET /api/categories responded 200 in 88.6276 ms
2026-06-13 19:20:07.101 +05:30 [INF] HTTP GET /api/categories responded 200 in 34.0783 ms
2026-06-13 19:20:07.193 +05:30 [INF] HTTP GET /api/products responded 200 in 90.3993 ms
2026-06-13 19:20:07.337 +05:30 [INF] HTTP GET /api/products responded 200 in 120.4605 ms
2026-06-13 19:21:05.608 +05:30 [INF] HTTP POST /api/wishlist responded 200 in 580.8269 ms
2026-06-13 19:21:05.668 +05:30 [INF] HTTP GET /api/wishlist responded 200 in 25.9912 ms
2026-06-13 19:21:06.095 +05:30 [INF] HTTP GET /api/wishlist/ids responded 200 in 19.7921 ms
2026-06-13 19:26:49.371 +05:30 [INF] HTTP GET /api/products/2 responded 200 in 311.9200 ms
2026-06-13 19:26:49.406 +05:30 [INF] HTTP GET /api/products/2 responded 200 in 12.1423 ms
2026-06-13 19:26:49.541 +05:30 [INF] HTTP GET /api/products responded 200 in 134.0537 ms
2026-06-13 19:26:49.881 +05:30 [INF] HTTP GET /api/products responded 200 in 13.6332 ms
2026-06-13 19:26:52.764 +05:30 [INF] HTTP GET /api/categories responded 200 in 26.5042 ms
2026-06-13 19:26:52.891 +05:30 [INF] HTTP GET /api/categories responded 200 in 3.5933 ms
2026-06-13 19:26:53.004 +05:30 [INF] HTTP GET /api/products responded 200 in 8.1371 ms
2026-06-13 19:26:53.122 +05:30 [INF] HTTP GET /api/products responded 200 in 30.2167 ms
2026-06-13 19:26:53.582 +05:30 [INF] HTTP GET /api/products/21 responded 200 in 3.3987 ms
2026-06-13 19:26:53.642 +05:30 [INF] HTTP GET /api/products/21 responded 200 in 48.6415 ms
2026-06-13 19:26:53.923 +05:30 [INF] HTTP GET /api/products responded 200 in 7.1682 ms
2026-06-13 19:26:54.250 +05:30 [INF] HTTP GET /api/products responded 200 in 4.9474 ms
2026-06-13 19:26:59.915 +05:30 [INF] HTTP GET /api/products/21 responded 200 in 3.5557 ms
2026-06-13 19:26:59.976 +05:30 [INF] HTTP GET /api/products/21 responded 200 in 3.0321 ms
2026-06-13 19:27:01.586 +05:30 [INF] HTTP GET /api/users/addresses responded 200 in 52.4377 ms
2026-06-13 19:27:01.609 +05:30 [INF] HTTP GET /api/users/addresses responded 200 in 3.8501 ms
2026-06-13 19:27:08.395 +05:30 [INF] HTTP DELETE /api/cart responded 200 in 131.0316 ms
2026-06-13 19:27:09.061 +05:30 [INF] HTTP POST /api/cart/items responded 200 in 524.0841 ms
2026-06-13 19:27:09.484 +05:30 [INF] HTTP POST /api/orders responded 201 in 404.8726 ms
2026-06-13 19:27:11.945 +05:30 [INF] HTTP POST /api/payment/create-order responded 200 in 2131.5461 ms
2026-06-13 19:32:57.001 +05:30 [INF] HTTP POST /api/payment/verify responded 200 in 62.1933 ms
2026-06-13 19:33:36.679 +05:30 [INF] HTTP GET /api/categories responded 200 in 36.2392 ms
2026-06-13 19:33:36.696 +05:30 [INF] HTTP GET /api/categories responded 200 in 3.0202 ms
2026-06-13 19:33:36.942 +05:30 [INF] HTTP GET /api/products responded 200 in 26.1044 ms
2026-06-13 19:33:36.958 +05:30 [INF] HTTP GET /api/products responded 200 in 4.3375 ms
2026-06-13 19:34:07.238 +05:30 [INF] HTTP GET /api/categories responded 200 in 15.8503 ms
2026-06-13 19:34:07.257 +05:30 [INF] HTTP GET /api/categories responded 200 in 3.8412 ms
2026-06-13 19:34:07.464 +05:30 [INF] HTTP GET /api/products responded 200 in 66.5212 ms
2026-06-13 19:34:07.495 +05:30 [INF] HTTP GET /api/products responded 200 in 13.4896 ms
2026-06-13 19:34:20.808 +05:30 [INF] HTTP GET /api/categories responded 200 in 28.3260 ms
2026-06-13 19:34:20.857 +05:30 [INF] HTTP GET /api/categories responded 200 in 27.8801 ms
2026-06-13 19:34:20.916 +05:30 [INF] HTTP GET /api/products responded 200 in 38.1726 ms
2026-06-13 19:34:20.972 +05:30 [INF] HTTP GET /api/products responded 200 in 15.0403 ms
2026-06-13 19:35:05.131 +05:30 [INF] HTTP GET /api/categories responded 200 in 19.0401 ms
2026-06-13 19:35:05.263 +05:30 [INF] HTTP GET /api/categories responded 200 in 2.4358 ms
2026-06-13 19:35:05.376 +05:30 [INF] HTTP GET /api/products responded 200 in 21.5553 ms
2026-06-13 19:35:05.456 +05:30 [INF] HTTP GET /api/products responded 200 in 5.0672 ms
2026-06-13 19:35:16.188 +05:30 [INF] HTTP GET /api/categories responded 200 in 16.4675 ms
2026-06-13 19:35:16.209 +05:30 [INF] HTTP GET /api/categories responded 200 in 2.9780 ms
2026-06-13 19:35:16.230 +05:30 [INF] HTTP GET /api/wishlist responded 200 in 57.0067 ms
2026-06-13 19:35:16.253 +05:30 [INF] HTTP GET /api/wishlist responded 200 in 3.9936 ms
2026-06-13 19:35:16.425 +05:30 [INF] HTTP GET /api/wishlist/ids responded 200 in 4.6684 ms
2026-06-13 19:35:16.467 +05:30 [INF] HTTP GET /api/products responded 200 in 49.2726 ms
2026-06-13 19:35:16.755 +05:30 [INF] HTTP GET /api/wishlist/ids responded 200 in 9.5892 ms
2026-06-13 19:35:16.826 +05:30 [INF] HTTP GET /api/products responded 200 in 30.4734 ms
2026-06-13 19:36:16.461 +05:30 [INF] HTTP GET /api/products/8 responded 200 in 196.0232 ms
2026-06-13 19:36:16.495 +05:30 [INF] HTTP GET /api/products/8 responded 200 in 9.9982 ms
2026-06-13 19:36:31.165 +05:30 [INF] HTTP GET /api/categories responded 200 in 34.4914 ms
2026-06-13 19:36:31.316 +05:30 [INF] HTTP GET /api/categories responded 200 in 21.0882 ms
2026-06-13 19:36:31.545 +05:30 [INF] HTTP GET /api/products responded 200 in 47.4655 ms
2026-06-13 19:36:31.623 +05:30 [INF] HTTP GET /api/products responded 200 in 54.1937 ms
2026-06-13 19:36:41.169 +05:30 [INF] HTTP GET /api/products/20 responded 200 in 46.0794 ms
2026-06-13 19:36:41.297 +05:30 [INF] HTTP GET /api/products/20 responded 200 in 5.4337 ms
2026-06-13 19:36:41.441 +05:30 [INF] HTTP GET /api/products responded 200 in 72.6232 ms
2026-06-13 19:36:41.531 +05:30 [INF] HTTP GET /api/products responded 200 in 33.6344 ms
2026-06-13 19:36:58.888 +05:30 [INF] HTTP GET /api/products/20 responded 200 in 47.1867 ms
2026-06-13 19:36:58.924 +05:30 [INF] HTTP GET /api/products/20 responded 200 in 10.6869 ms
2026-06-13 19:37:09.301 +05:30 [INF] HTTP GET /api/users/addresses responded 200 in 61.7178 ms
2026-06-13 19:37:09.424 +05:30 [INF] HTTP GET /api/users/addresses responded 200 in 32.8242 ms
2026-06-13 19:37:44.617 +05:30 [INF] HTTP GET /api/categories responded 200 in 49.3703 ms
2026-06-13 19:37:44.641 +05:30 [INF] HTTP GET /api/wishlist responded 200 in 78.3410 ms
2026-06-13 19:37:44.670 +05:30 [INF] HTTP GET /api/categories responded 200 in 4.1750 ms
2026-06-13 19:37:44.690 +05:30 [INF] HTTP GET /api/wishlist responded 200 in 11.6299 ms
2026-06-13 19:37:44.901 +05:30 [INF] HTTP GET /api/wishlist/ids responded 200 in 12.9569 ms
2026-06-13 19:37:44.925 +05:30 [INF] HTTP GET /api/products responded 200 in 38.6849 ms
2026-06-13 19:37:45.235 +05:30 [INF] HTTP GET /api/wishlist/ids responded 200 in 12.6968 ms
2026-06-13 19:37:45.274 +05:30 [INF] HTTP GET /api/products responded 200 in 32.7398 ms
2026-06-13 19:37:48.226 +05:30 [INF] HTTP GET /api/products/21 responded 200 in 15.8577 ms
2026-06-13 19:37:48.244 +05:30 [INF] HTTP GET /api/products/21 responded 200 in 3.8498 ms
2026-06-13 19:37:48.622 +05:30 [INF] HTTP GET /api/products responded 200 in 25.6443 ms
2026-06-13 19:37:48.891 +05:30 [INF] HTTP GET /api/products responded 200 in 28.6250 ms
