2026-06-16 22:00:30.224 +05:30 [INF] HTTP GET /api/wishlist responded 401 in 37.8789 ms
2026-06-16 22:00:30.287 +05:30 [INF] HTTP GET /api/wishlist responded 401 in 0.9547 ms
2026-06-16 22:00:30.377 +05:30 [INF] HTTP GET /api/categories responded 200 in 190.6176 ms
2026-06-16 22:00:30.391 +05:30 [INF] HTTP GET /api/categories responded 200 in 3.6282 ms
2026-06-16 22:00:30.428 +05:30 [INF] HTTP GET /api/wishlist/ids responded 401 in 1.7685 ms
2026-06-16 22:00:30.439 +05:30 [INF] HTTP GET /api/wishlist/ids responded 401 in 0.6590 ms
2026-06-16 22:00:30.911 +05:30 [INF] HTTP GET /api/products responded 200 in 163.1885 ms
2026-06-16 22:00:31.105 +05:30 [INF] HTTP GET /api/products responded 200 in 49.2163 ms
2026-06-16 22:06:51.488 +05:30 [INF] HTTP GET /api/wishlist responded 401 in 18.5260 ms
2026-06-16 22:06:51.507 +05:30 [INF] HTTP GET /api/wishlist responded 401 in 2.0375 ms
2026-06-16 22:06:51.531 +05:30 [INF] HTTP GET /api/categories responded 200 in 61.6923 ms
2026-06-16 22:06:51.548 +05:30 [INF] HTTP GET /api/categories responded 200 in 4.7293 ms
2026-06-16 22:06:51.660 +05:30 [INF] HTTP GET /api/wishlist/ids responded 401 in 2.0857 ms
2026-06-16 22:06:51.674 +05:30 [INF] HTTP GET /api/wishlist/ids responded 401 in 0.6274 ms
2026-06-16 22:06:52.050 +05:30 [INF] HTTP GET /api/products responded 200 in 45.6741 ms
2026-06-16 22:06:52.286 +05:30 [INF] HTTP GET /api/products responded 200 in 11.2421 ms
2026-06-16 22:09:15.149 +05:30 [INF] HTTP POST /api/payment/create-order responded 200 in 1652.7125 ms
2026-06-16 22:09:15.407 +05:30 [INF] HTTP POST /api/payment/verify responded 200 in 44.2772 ms
2026-06-16 22:09:18.641 +05:30 [INF] HTTP GET /api/categories responded 200 in 13.2383 ms
2026-06-16 22:09:18.887 +05:30 [INF] HTTP GET /api/categories responded 200 in 5.6386 ms
2026-06-16 22:09:18.982 +05:30 [INF] HTTP GET /api/products responded 200 in 22.8394 ms
2026-06-16 22:09:18.993 +05:30 [INF] HTTP GET /api/products responded 200 in 4.0196 ms
2026-06-16 22:09:20.564 +05:30 [INF] HTTP GET /api/categories responded 200 in 12.4557 ms
2026-06-16 22:09:20.687 +05:30 [INF] HTTP GET /api/categories responded 200 in 1.9868 ms
2026-06-16 22:09:20.880 +05:30 [INF] HTTP GET /api/products responded 200 in 54.7506 ms
2026-06-16 22:09:20.923 +05:30 [INF] HTTP GET /api/products responded 200 in 9.3877 ms
2026-06-16 22:09:52.574 +05:30 [INF] HTTP GET /api/wishlist responded 401 in 2.0416 ms
2026-06-16 22:09:52.588 +05:30 [INF] HTTP GET /api/categories responded 200 in 19.6476 ms
2026-06-16 22:09:52.591 +05:30 [INF] HTTP GET /api/wishlist responded 401 in 1.9850 ms
2026-06-16 22:09:52.602 +05:30 [INF] HTTP GET /api/categories responded 200 in 2.4885 ms
2026-06-16 22:09:52.646 +05:30 [INF] HTTP GET /api/wishlist/ids responded 401 in 0.6115 ms
2026-06-16 22:09:52.762 +05:30 [INF] HTTP GET /api/wishlist/ids responded 401 in 2.8527 ms
2026-06-16 22:09:53.171 +05:30 [INF] HTTP GET /api/products responded 200 in 28.3130 ms
2026-06-16 22:09:53.422 +05:30 [INF] HTTP GET /api/products responded 200 in 23.7808 ms
2026-06-16 22:09:57.931 +05:30 [INF] HTTP GET /api/products/21 responded 200 in 14.2254 ms
2026-06-16 22:09:57.942 +05:30 [INF] HTTP GET /api/products/21 responded 200 in 1.5099 ms
2026-06-16 22:09:58.329 +05:30 [INF] HTTP GET /api/products responded 200 in 52.3275 ms
2026-06-16 22:09:58.555 +05:30 [INF] HTTP GET /api/products responded 200 in 7.7718 ms
2026-06-16 22:10:00.979 +05:30 [INF] HTTP GET /api/categories responded 200 in 18.5111 ms
2026-06-16 22:10:01.333 +05:30 [INF] HTTP GET /api/categories responded 200 in 20.6068 ms
2026-06-16 22:10:01.375 +05:30 [INF] HTTP GET /api/products responded 200 in 57.0883 ms
2026-06-16 22:10:01.431 +05:30 [INF] HTTP GET /api/products responded 200 in 41.9542 ms
2026-06-16 22:10:05.659 +05:30 [INF] HTTP GET /api/categories responded 200 in 14.8776 ms
2026-06-16 22:10:06.000 +05:30 [INF] HTTP GET /api/categories responded 200 in 13.6745 ms
2026-06-16 22:10:06.019 +05:30 [INF] HTTP GET /api/products responded 200 in 19.4588 ms
2026-06-16 22:10:06.262 +05:30 [INF] HTTP GET /api/products responded 200 in 22.6125 ms
2026-06-16 22:10:09.249 +05:30 [INF] HTTP GET /api/categories responded 200 in 9.5943 ms
2026-06-16 22:10:09.565 +05:30 [INF] HTTP GET /api/categories responded 200 in 2.9477 ms
2026-06-16 22:10:09.613 +05:30 [INF] HTTP GET /api/products responded 200 in 17.7890 ms
2026-06-16 22:10:09.631 +05:30 [INF] HTTP GET /api/products responded 200 in 5.8306 ms
2026-06-16 22:10:12.379 +05:30 [INF] HTTP GET /api/categories responded 200 in 9.1964 ms
2026-06-16 22:10:12.705 +05:30 [INF] HTTP GET /api/categories responded 200 in 9.8099 ms
2026-06-16 22:10:12.736 +05:30 [INF] HTTP GET /api/products responded 200 in 17.0499 ms
2026-06-16 22:10:12.986 +05:30 [INF] HTTP GET /api/products responded 200 in 27.1611 ms
2026-06-16 22:14:22.660 +05:30 [INF] HTTP GET /api/wishlist responded 401 in 13.2460 ms
2026-06-16 22:14:22.675 +05:30 [INF] HTTP GET /api/wishlist responded 401 in 1.8980 ms
2026-06-16 22:14:22.689 +05:30 [INF] HTTP GET /api/categories responded 200 in 42.0080 ms
2026-06-16 22:14:22.709 +05:30 [INF] HTTP GET /api/categories responded 200 in 6.6516 ms
2026-06-16 22:14:22.745 +05:30 [INF] HTTP GET /api/wishlist/ids responded 401 in 0.5772 ms
2026-06-16 22:14:22.923 +05:30 [INF] HTTP GET /api/wishlist/ids responded 401 in 0.5827 ms
2026-06-16 22:14:23.491 +05:30 [INF] HTTP GET /api/products responded 200 in 35.7240 ms
2026-06-16 22:14:23.736 +05:30 [INF] HTTP GET /api/products responded 200 in 19.2334 ms
