2026-06-04 21:22:38.349 +05:30 [WRN] No store type was specified for the decimal property 'GrandTotal' on entity type 'Order'. This will cause values to be silently truncated if they do not fit in the default precision and scale. Explicitly specify the SQL server column type that can accommodate all the values in 'OnModelCreating' using 'HasColumnType', specify precision and scale using 'HasPrecision', or configure a value converter using 'HasConversion'.
2026-06-04 21:22:41.350 +05:30 [WRN] The ASP.NET Core developer certificate is not trusted. For information about trusting the ASP.NET Core developer certificate, see https://aka.ms/aspnet/https-trust-dev-cert
2026-06-04 21:23:13.000 +05:30 [INF] HTTP GET /api/wishlist responded 401 in 1725.7475 ms
2026-06-04 21:23:13.031 +05:30 [WRN] You do not have a valid license key for the Lucky Penny software AutoMapper. This is allowed for development and testing scenarios. If you are running in production you are required to have a licensed version. Please visit https://luckypennysoftware.com to obtain a valid license.
2026-06-04 21:23:13.049 +05:30 [INF] HTTP GET /api/wishlist/ids responded 401 in 5.6535 ms
2026-06-04 21:23:13.396 +05:30 [INF] HTTP GET /api/categories responded 200 in 2124.8178 ms
2026-06-04 21:23:13.482 +05:30 [INF] HTTP GET /api/categories responded 200 in 78.1838 ms
2026-06-04 21:23:13.607 +05:30 [INF] HTTP GET /api/products responded 200 in 198.4297 ms
2026-06-04 21:23:13.641 +05:30 [INF] HTTP GET /api/products responded 200 in 21.2082 ms
2026-06-04 21:23:14.354 +05:30 [INF] HTTP GET /api/categories responded 200 in 12.2393 ms
2026-06-04 21:23:14.590 +05:30 [INF] HTTP GET /api/categories responded 200 in 13.8070 ms
2026-06-04 21:23:14.626 +05:30 [INF] HTTP GET /api/products responded 200 in 24.1680 ms
2026-06-04 21:23:14.672 +05:30 [INF] HTTP GET /api/products responded 200 in 6.5774 ms
2026-06-04 21:23:20.215 +05:30 [INF] HTTP GET /api/categories responded 200 in 24.1093 ms
2026-06-04 21:23:20.231 +05:30 [INF] HTTP GET /api/categories responded 200 in 4.3708 ms
2026-06-04 21:23:20.557 +05:30 [INF] HTTP GET /api/products responded 200 in 17.0518 ms
2026-06-04 21:23:20.899 +05:30 [INF] HTTP GET /api/products responded 200 in 31.4727 ms
2026-06-04 21:23:42.699 +05:30 [INF] HTTP GET /api/products/6 responded 200 in 74.3233 ms
2026-06-04 21:23:42.719 +05:30 [INF] HTTP GET /api/products/6 responded 200 in 5.2849 ms
2026-06-04 21:23:42.893 +05:30 [INF] HTTP GET /api/products responded 200 in 20.6207 ms
2026-06-04 21:23:43.031 +05:30 [INF] HTTP GET /api/products responded 200 in 4.4474 ms
2026-06-04 21:23:58.383 +05:30 [INF] HTTP GET /api/products/9 responded 200 in 34.7570 ms
2026-06-04 21:23:58.711 +05:30 [INF] HTTP GET /api/products/9 responded 200 in 5.4679 ms
2026-06-04 21:24:03.208 +05:30 [INF] HTTP GET /api/orders responded 401 in 2.1786 ms
2026-06-04 21:24:03.219 +05:30 [INF] HTTP GET /api/orders responded 401 in 0.7472 ms
2026-06-04 21:24:05.171 +05:30 [INF] HTTP GET /api/categories responded 200 in 24.4529 ms
2026-06-04 21:24:05.472 +05:30 [INF] HTTP GET /api/categories responded 200 in 8.9365 ms
2026-06-04 21:24:05.486 +05:30 [INF] HTTP GET /api/categories responded 200 in 3.5692 ms
2026-06-04 21:24:09.874 +05:30 [INF] HTTP GET /api/categories responded 200 in 9.0772 ms
2026-06-04 21:24:10.307 +05:30 [INF] HTTP GET /api/categories responded 200 in 2.6631 ms
2026-06-04 21:24:11.452 +05:30 [INF] HTTP GET /api/categories responded 200 in 11.8716 ms
2026-06-04 21:24:14.794 +05:30 [INF] HTTP GET /api/users/admin/all responded 401 in 1.2250 ms
2026-06-04 21:24:16.402 +05:30 [INF] HTTP GET /api/orders/admin/all responded 401 in 0.4314 ms
2026-06-04 21:24:17.196 +05:30 [INF] HTTP GET /api/categories responded 200 in 11.5347 ms
2026-06-04 21:24:19.025 +05:30 [INF] HTTP GET /api/wishlist responded 401 in 1.5907 ms
2026-06-04 21:24:19.038 +05:30 [INF] HTTP GET /api/wishlist/ids responded 401 in 1.1933 ms
2026-06-04 21:24:19.049 +05:30 [INF] HTTP GET /api/categories responded 200 in 23.8410 ms
2026-06-04 21:24:19.065 +05:30 [INF] HTTP GET /api/categories responded 200 in 2.8265 ms
2026-06-04 21:24:20.189 +05:30 [INF] HTTP GET /api/products responded 200 in 1322.9567 ms
2026-06-04 21:24:20.190 +05:30 [INF] HTTP GET /api/products responded 200 in 17027.2791 ms
2026-06-04 21:24:20.203 +05:30 [INF] HTTP GET /api/products responded 200 in 5.4609 ms
2026-06-04 21:25:29.140 +05:30 [INF] HTTP POST /api/auth/login responded 200 in 311.6101 ms
2026-06-04 21:25:29.203 +05:30 [INF] HTTP GET /api/wishlist responded 200 in 45.2699 ms
2026-06-04 21:25:29.542 +05:30 [INF] HTTP GET /api/wishlist/ids responded 200 in 12.0986 ms
2026-06-04 21:25:30.256 +05:30 [INF] HTTP GET /api/categories responded 200 in 14.7355 ms
2026-06-04 21:25:30.573 +05:30 [INF] HTTP GET /api/categories responded 200 in 3.0132 ms
2026-06-04 21:25:30.587 +05:30 [INF] HTTP GET /api/categories responded 200 in 2.8476 ms
2026-06-04 21:25:30.597 +05:30 [INF] HTTP GET /api/products responded 200 in 25.8398 ms
2026-06-04 21:25:30.910 +05:30 [INF] HTTP GET /api/products responded 200 in 3.7460 ms
2026-06-04 21:25:30.929 +05:30 [INF] HTTP GET /api/users/admin/all responded 200 in 20.0791 ms
2026-06-04 21:25:31.238 +05:30 [INF] HTTP GET /api/products responded 200 in 8.3106 ms
2026-06-04 21:25:31.288 +05:30 [INF] HTTP GET /api/users/admin/all responded 200 in 16.7725 ms
2026-06-04 21:25:31.617 +05:30 [INF] HTTP GET /api/users/admin/all responded 200 in 9.5194 ms
2026-06-04 21:25:31.671 +05:30 [INF] HTTP GET /api/orders/admin/all responded 200 in 397.0416 ms
2026-06-04 21:25:32.189 +05:30 [INF] HTTP GET /api/orders/admin/all responded 200 in 220.0434 ms
2026-06-04 21:25:32.887 +05:30 [INF] HTTP GET /api/orders/admin/all responded 200 in 378.2336 ms
2026-06-04 21:25:39.305 +05:30 [INF] HTTP GET /api/categories responded 200 in 13.9293 ms
2026-06-04 21:25:39.989 +05:30 [INF] HTTP GET /api/categories responded 200 in 3.3577 ms
2026-06-04 21:25:40.022 +05:30 [INF] HTTP GET /api/products responded 200 in 35.9367 ms
2026-06-04 21:25:41.436 +05:30 [INF] HTTP GET /api/orders/admin/all responded 200 in 243.7962 ms
2026-06-04 21:25:41.922 +05:30 [INF] HTTP GET /api/users/admin/all responded 200 in 9.2760 ms
2026-06-04 21:25:48.113 +05:30 [INF] HTTP GET /api/orders/admin/all responded 200 in 197.4714 ms
2026-06-04 21:25:49.148 +05:30 [INF] HTTP GET /api/products responded 200 in 15.0207 ms
2026-06-04 21:25:49.154 +05:30 [INF] HTTP GET /api/categories responded 200 in 9.2646 ms
2026-06-04 23:17:01.294 +05:30 [INF] HTTP GET /api/wishlist responded 401 in 45.1619 ms
2026-06-04 23:17:01.314 +05:30 [INF] HTTP GET /api/wishlist/ids responded 401 in 1.0343 ms
2026-06-04 23:17:01.415 +05:30 [INF] HTTP GET /api/categories responded 200 in 166.6983 ms
2026-06-04 23:17:01.432 +05:30 [INF] HTTP GET /api/categories responded 200 in 3.7542 ms
2026-06-04 23:17:01.458 +05:30 [INF] HTTP GET /api/products responded 200 in 209.7153 ms
2026-06-04 23:17:01.477 +05:30 [INF] HTTP GET /api/products responded 200 in 7.9964 ms
2026-06-04 23:17:31.291 +05:30 [INF] HTTP POST /api/auth/login responded 200 in 181.2997 ms
2026-06-04 23:17:31.389 +05:30 [INF] HTTP GET /api/wishlist responded 200 in 16.5140 ms
2026-06-04 23:17:31.622 +05:30 [INF] HTTP GET /api/wishlist/ids responded 200 in 3.6528 ms
2026-06-04 23:17:32.379 +05:30 [INF] HTTP GET /api/categories responded 200 in 15.5604 ms
2026-06-04 23:17:32.680 +05:30 [INF] HTTP GET /api/categories responded 200 in 4.3157 ms
2026-06-04 23:17:32.696 +05:30 [INF] HTTP GET /api/categories responded 200 in 4.0304 ms
2026-06-04 23:17:32.713 +05:30 [INF] HTTP GET /api/products responded 200 in 22.9205 ms
2026-06-04 23:17:32.994 +05:30 [INF] HTTP GET /api/products responded 200 in 3.0651 ms
2026-06-04 23:17:33.042 +05:30 [INF] HTTP GET /api/products responded 200 in 3.6954 ms
2026-06-04 23:17:33.048 +05:30 [INF] HTTP GET /api/users/admin/all responded 200 in 9.6681 ms
2026-06-04 23:17:33.307 +05:30 [INF] HTTP GET /api/users/admin/all responded 200 in 3.2526 ms
2026-06-04 23:17:33.373 +05:30 [INF] HTTP GET /api/users/admin/all responded 200 in 4.5061 ms
2026-06-04 23:17:33.659 +05:30 [INF] HTTP GET /api/orders/admin/all responded 200 in 289.4513 ms
2026-06-04 23:17:33.930 +05:30 [INF] HTTP GET /api/orders/admin/all responded 200 in 250.7365 ms
2026-06-04 23:17:34.463 +05:30 [INF] HTTP GET /api/orders/admin/all responded 200 in 219.3559 ms
2026-06-04 23:19:56.457 +05:30 [INF] HTTP GET /api/categories responded 200 in 20.0654 ms
2026-06-04 23:19:57.440 +05:30 [INF] HTTP GET /api/categories responded 200 in 1.7275 ms
2026-06-04 23:19:57.455 +05:30 [INF] HTTP GET /api/products responded 200 in 17.5644 ms
2026-06-04 23:20:11.604 +05:30 [INF] HTTP GET /api/orders/admin/all responded 200 in 249.6379 ms
2026-06-04 23:20:14.381 +05:30 [INF] HTTP GET /api/orders/admin/3 responded 200 in 348.4367 ms
2026-06-04 23:20:20.381 +05:30 [INF] HTTP GET /api/users/admin/all responded 200 in 11.1949 ms
2026-06-04 23:20:27.775 +05:30 [INF] HTTP GET /api/wishlist responded 200 in 18.6894 ms
2026-06-04 23:20:27.781 +05:30 [INF] HTTP GET /api/users/admin/all responded 200 in 24.0657 ms
2026-06-04 23:20:27.810 +05:30 [INF] HTTP GET /api/users/admin/all responded 200 in 12.6106 ms
2026-06-04 23:20:27.881 +05:30 [INF] HTTP GET /api/wishlist/ids responded 200 in 10.2998 ms
2026-06-04 23:21:53.895 +05:30 [INF] HTTP POST /api/auth/login responded 200 in 83.1402 ms
2026-06-04 23:21:54.081 +05:30 [INF] HTTP GET /api/wishlist responded 200 in 4.8261 ms
2026-06-04 23:21:54.236 +05:30 [INF] HTTP GET /api/wishlist/ids responded 200 in 2.0809 ms
2026-06-04 23:21:54.974 +05:30 [INF] HTTP GET /api/categories responded 200 in 12.0012 ms
2026-06-04 23:21:55.268 +05:30 [INF] HTTP GET /api/categories responded 200 in 2.5372 ms
2026-06-04 23:21:55.294 +05:30 [INF] HTTP GET /api/categories responded 200 in 2.1648 ms
2026-06-04 23:21:55.315 +05:30 [INF] HTTP GET /api/products responded 200 in 25.1447 ms
2026-06-04 23:21:55.582 +05:30 [INF] HTTP GET /api/products responded 200 in 3.1783 ms
2026-06-04 23:21:55.634 +05:30 [INF] HTTP GET /api/products responded 200 in 3.6842 ms
2026-06-04 23:21:55.634 +05:30 [INF] HTTP GET /api/users/admin/all responded 200 in 5.6018 ms
2026-06-04 23:21:55.912 +05:30 [INF] HTTP GET /api/users/admin/all responded 200 in 5.2358 ms
2026-06-04 23:21:55.960 +05:30 [INF] HTTP GET /api/users/admin/all responded 200 in 3.0222 ms
2026-06-04 23:21:56.222 +05:30 [INF] HTTP GET /api/orders/admin/all responded 200 in 265.5892 ms
2026-06-04 23:21:56.469 +05:30 [INF] HTTP GET /api/orders/admin/all responded 200 in 229.2472 ms
2026-06-04 23:21:57.014 +05:30 [INF] HTTP GET /api/orders/admin/all responded 200 in 230.5568 ms
2026-06-04 23:44:20.128 +05:30 [INF] HTTP GET / responded 301 in 2.5646 ms
2026-06-04 23:44:20.193 +05:30 [INF] HTTP GET /index.html responded 200 in 62.4791 ms
2026-06-04 23:55:35.883 +05:30 [WRN] No store type was specified for the decimal property 'GrandTotal' on entity type 'Order'. This will cause values to be silently truncated if they do not fit in the default precision and scale. Explicitly specify the SQL server column type that can accommodate all the values in 'OnModelCreating' using 'HasColumnType', specify precision and scale using 'HasPrecision', or configure a value converter using 'HasConversion'.
2026-06-04 23:55:38.303 +05:30 [WRN] The ASP.NET Core developer certificate is not trusted. For information about trusting the ASP.NET Core developer certificate, see https://aka.ms/aspnet/https-trust-dev-cert
2026-06-04 23:55:38.352 +05:30 [ERR] Hosting failed to start
System.IO.IOException: Failed to bind to address https://127.0.0.1:53638: address already in use.
 ---> Microsoft.AspNetCore.Connections.AddressInUseException: Only one usage of each socket address (protocol/network address/port) is normally permitted.
 ---> System.Net.Sockets.SocketException (10048): Only one usage of each socket address (protocol/network address/port) is normally permitted.
   at System.Net.Sockets.Socket.UpdateStatusAfterSocketErrorAndThrowException(SocketError error, Boolean disconnectOnFailure, String callerName)
   at System.Net.Sockets.Socket.DoBind(EndPoint endPointSnapshot, SocketAddress socketAddress)
   at System.Net.Sockets.Socket.Bind(EndPoint localEP)
   at Microsoft.AspNetCore.Server.Kestrel.Transport.Sockets.SocketTransportOptions.CreateDefaultBoundListenSocket(EndPoint endpoint)
   at Microsoft.AspNetCore.Server.Kestrel.Transport.Sockets.SocketConnectionListener.Bind()
   --- End of inner exception stack trace ---
   at Microsoft.AspNetCore.Server.Kestrel.Transport.Sockets.SocketConnectionListener.Bind()
   at Microsoft.AspNetCore.Server.Kestrel.Transport.Sockets.SocketTransportFactory.BindAsync(EndPoint endpoint, CancellationToken cancellationToken)
   at Microsoft.AspNetCore.Server.Kestrel.Core.Internal.Infrastructure.TransportManager.BindAsync(EndPoint endPoint, ConnectionDelegate connectionDelegate, EndpointConfig endpointConfig, CancellationToken cancellationToken)
   at Microsoft.AspNetCore.Server.Kestrel.Core.KestrelServerImpl.<>c__DisplayClass28_0`1.<<StartAsync>g__OnBind|0>d.MoveNext()
--- End of stack trace from previous location ---
   at Microsoft.AspNetCore.Server.Kestrel.Core.Internal.AddressBinder.BindEndpointAsync(ListenOptions endpoint, AddressBindContext context, CancellationToken cancellationToken)
   --- End of inner exception stack trace ---
   at Microsoft.AspNetCore.Server.Kestrel.Core.Internal.AddressBinder.BindEndpointAsync(ListenOptions endpoint, AddressBindContext context, CancellationToken cancellationToken)
   at Microsoft.AspNetCore.Server.Kestrel.Core.LocalhostListenOptions.BindAsync(AddressBindContext context, CancellationToken cancellationToken)
   at Microsoft.AspNetCore.Server.Kestrel.Core.Internal.AddressBinder.AddressesStrategy.BindAsync(AddressBindContext context, CancellationToken cancellationToken)
   at Microsoft.AspNetCore.Server.Kestrel.Core.KestrelServerImpl.BindAsync(CancellationToken cancellationToken)
   at Microsoft.AspNetCore.Server.Kestrel.Core.KestrelServerImpl.StartAsync[TContext](IHttpApplication`1 application, CancellationToken cancellationToken)
   at Microsoft.AspNetCore.Hosting.GenericWebHostService.StartAsync(CancellationToken cancellationToken)
   at Microsoft.Extensions.Hosting.Internal.Host.<StartAsync>b__14_1(IHostedService service, CancellationToken token)
   at Microsoft.Extensions.Hosting.Internal.Host.ForeachService[T](IEnumerable`1 services, CancellationToken token, Boolean concurrent, Boolean abortOnFirstException, List`1 exceptions, Func`3 operation)
2026-06-04 23:55:38.373 +05:30 [FTL] Application failed to start.
System.IO.IOException: Failed to bind to address https://127.0.0.1:53638: address already in use.
 ---> Microsoft.AspNetCore.Connections.AddressInUseException: Only one usage of each socket address (protocol/network address/port) is normally permitted.
 ---> System.Net.Sockets.SocketException (10048): Only one usage of each socket address (protocol/network address/port) is normally permitted.
   at System.Net.Sockets.Socket.UpdateStatusAfterSocketErrorAndThrowException(SocketError error, Boolean disconnectOnFailure, String callerName)
   at System.Net.Sockets.Socket.DoBind(EndPoint endPointSnapshot, SocketAddress socketAddress)
   at System.Net.Sockets.Socket.Bind(EndPoint localEP)
   at Microsoft.AspNetCore.Server.Kestrel.Transport.Sockets.SocketTransportOptions.CreateDefaultBoundListenSocket(EndPoint endpoint)
   at Microsoft.AspNetCore.Server.Kestrel.Transport.Sockets.SocketConnectionListener.Bind()
   --- End of inner exception stack trace ---
   at Microsoft.AspNetCore.Server.Kestrel.Transport.Sockets.SocketConnectionListener.Bind()
   at Microsoft.AspNetCore.Server.Kestrel.Transport.Sockets.SocketTransportFactory.BindAsync(EndPoint endpoint, CancellationToken cancellationToken)
   at Microsoft.AspNetCore.Server.Kestrel.Core.Internal.Infrastructure.TransportManager.BindAsync(EndPoint endPoint, ConnectionDelegate connectionDelegate, EndpointConfig endpointConfig, CancellationToken cancellationToken)
   at Microsoft.AspNetCore.Server.Kestrel.Core.KestrelServerImpl.<>c__DisplayClass28_0`1.<<StartAsync>g__OnBind|0>d.MoveNext()
--- End of stack trace from previous location ---
   at Microsoft.AspNetCore.Server.Kestrel.Core.Internal.AddressBinder.BindEndpointAsync(ListenOptions endpoint, AddressBindContext context, CancellationToken cancellationToken)
   --- End of inner exception stack trace ---
   at Microsoft.AspNetCore.Server.Kestrel.Core.Internal.AddressBinder.BindEndpointAsync(ListenOptions endpoint, AddressBindContext context, CancellationToken cancellationToken)
   at Microsoft.AspNetCore.Server.Kestrel.Core.LocalhostListenOptions.BindAsync(AddressBindContext context, CancellationToken cancellationToken)
   at Microsoft.AspNetCore.Server.Kestrel.Core.Internal.AddressBinder.AddressesStrategy.BindAsync(AddressBindContext context, CancellationToken cancellationToken)
   at Microsoft.AspNetCore.Server.Kestrel.Core.KestrelServerImpl.BindAsync(CancellationToken cancellationToken)
   at Microsoft.AspNetCore.Server.Kestrel.Core.KestrelServerImpl.StartAsync[TContext](IHttpApplication`1 application, CancellationToken cancellationToken)
   at Microsoft.AspNetCore.Hosting.GenericWebHostService.StartAsync(CancellationToken cancellationToken)
   at Microsoft.Extensions.Hosting.Internal.Host.<StartAsync>b__14_1(IHostedService service, CancellationToken token)
   at Microsoft.Extensions.Hosting.Internal.Host.ForeachService[T](IEnumerable`1 services, CancellationToken token, Boolean concurrent, Boolean abortOnFirstException, List`1 exceptions, Func`3 operation)
   at Microsoft.Extensions.Hosting.Internal.Host.StartAsync(CancellationToken cancellationToken)
   at Microsoft.Extensions.Hosting.HostingAbstractionsHostExtensions.RunAsync(IHost host, CancellationToken token)
   at Microsoft.Extensions.Hosting.HostingAbstractionsHostExtensions.RunAsync(IHost host, CancellationToken token)
   at Microsoft.Extensions.Hosting.HostingAbstractionsHostExtensions.Run(IHost host)
   at Program.<Main>$(String[] args) in D:\Project\New folder (2)\ycc-server-csharp\EcommerceCA\EcommerceCA.API\Program.cs:line 77
2026-06-04 23:58:13.941 +05:30 [WRN] No store type was specified for the decimal property 'GrandTotal' on entity type 'Order'. This will cause values to be silently truncated if they do not fit in the default precision and scale. Explicitly specify the SQL server column type that can accommodate all the values in 'OnModelCreating' using 'HasColumnType', specify precision and scale using 'HasPrecision', or configure a value converter using 'HasConversion'.
2026-06-04 23:58:15.351 +05:30 [WRN] The ASP.NET Core developer certificate is not trusted. For information about trusting the ASP.NET Core developer certificate, see https://aka.ms/aspnet/https-trust-dev-cert
2026-06-04 23:58:57.127 +05:30 [INF] HTTP GET /api/products responded 307 in 28.4504 ms
