2026-06-14 02:03:22.441 +05:30 [WRN] No store type was specified for the decimal property 'GrandTotal' on entity type 'Order'. This will cause values to be silently truncated if they do not fit in the default precision and scale. Explicitly specify the SQL server column type that can accommodate all the values in 'OnModelCreating' using 'HasColumnType', specify precision and scale using 'HasPrecision', or configure a value converter using 'HasConversion'.
2026-06-14 02:03:30.731 +05:30 [WRN] The ASP.NET Core developer certificate is not trusted. For information about trusting the ASP.NET Core developer certificate, see https://aka.ms/aspnet/https-trust-dev-cert
2026-06-14 02:04:53.590 +05:30 [INF] HTTP GET /api/users/addresses responded 401 in 7826.3871 ms
2026-06-14 02:04:53.590 +05:30 [INF] HTTP GET /api/wishlist responded 401 in 7826.3940 ms
2026-06-14 02:04:53.590 +05:30 [INF] HTTP GET /api/users/addresses responded 401 in 7826.3782 ms
2026-06-14 02:04:53.590 +05:30 [INF] HTTP GET /api/wishlist responded 401 in 7826.3989 ms
2026-06-14 02:04:57.827 +05:30 [INF] HTTP GET /api/users/addresses responded 401 in 216.3082 ms
2026-06-14 02:04:57.829 +05:30 [INF] HTTP GET /api/wishlist responded 401 in 406.8463 ms
2026-06-14 02:04:57.933 +05:30 [INF] HTTP GET /api/wishlist/ids responded 401 in 2.0778 ms
2026-06-14 02:04:58.251 +05:30 [INF] HTTP GET /api/wishlist/ids responded 401 in 0.7384 ms
2026-06-14 02:04:59.063 +05:30 [WRN] You do not have a valid license key for the Lucky Penny software AutoMapper. This is allowed for development and testing scenarios. If you are running in production you are required to have a licensed version. Please visit https://luckypennysoftware.com to obtain a valid license.
2026-06-14 02:05:00.145 +05:30 [INF] HTTP GET /api/categories responded 200 in 1351.0190 ms
2026-06-14 02:05:00.669 +05:30 [INF] HTTP GET /api/categories responded 200 in 205.0338 ms
2026-06-14 02:05:01.140 +05:30 [INF] HTTP GET /api/products responded 200 in 663.5319 ms
2026-06-14 02:05:03.817 +05:30 [INF] HTTP GET /api/products responded 200 in 2358.5582 ms
2026-06-14 02:05:09.562 +05:30 [INF] HTTP GET /api/products/21 responded 200 in 63.3106 ms
2026-06-14 02:05:09.579 +05:30 [INF] HTTP GET /api/products/21 responded 200 in 5.7994 ms
2026-06-14 02:05:09.758 +05:30 [INF] HTTP GET /api/products responded 200 in 9.8695 ms
2026-06-14 02:05:09.892 +05:30 [INF] HTTP GET /api/products responded 200 in 4.9603 ms
2026-06-14 02:05:38.504 +05:30 [INF] HTTP GET /api/products/17 responded 200 in 16.5383 ms
2026-06-14 02:05:38.849 +05:30 [INF] HTTP GET /api/products responded 200 in 29.1122 ms
2026-06-14 02:10:18.156 +05:30 [INF] HTTP GET /api/products/17 responded 200 in 80.7428 ms
2026-06-14 02:10:18.201 +05:30 [INF] HTTP GET /api/products responded 200 in 25.1134 ms
2026-06-14 02:11:29.527 +05:30 [INF] HTTP GET /api/products/21 responded 200 in 30.4729 ms
2026-06-14 02:11:29.886 +05:30 [INF] HTTP GET /api/products responded 200 in 29.0663 ms
2026-06-14 02:11:34.643 +05:30 [INF] HTTP GET /api/categories responded 200 in 21.7978 ms
2026-06-14 02:11:34.662 +05:30 [INF] HTTP GET /api/categories responded 200 in 4.2565 ms
2026-06-14 02:11:35.002 +05:30 [INF] HTTP GET /api/products responded 200 in 31.5269 ms
2026-06-14 02:11:35.050 +05:30 [INF] HTTP GET /api/products responded 200 in 31.5245 ms
2026-06-14 02:11:43.677 +05:30 [INF] HTTP GET /api/products/21 responded 200 in 17.7122 ms
2026-06-14 02:11:43.698 +05:30 [INF] HTTP GET /api/products/21 responded 200 in 4.0691 ms
2026-06-14 02:11:43.947 +05:30 [INF] HTTP GET /api/products responded 200 in 28.5161 ms
2026-06-14 02:11:44.011 +05:30 [INF] HTTP GET /api/products responded 200 in 12.9199 ms
2026-06-14 02:11:47.848 +05:30 [INF] HTTP GET /api/products/1 responded 200 in 17.6290 ms
2026-06-14 02:11:47.854 +05:30 [INF] HTTP GET /api/products/4 responded 200 in 22.2321 ms
2026-06-14 02:11:48.136 +05:30 [INF] HTTP GET /api/products/21 responded 200 in 15.0291 ms
2026-06-14 02:11:48.172 +05:30 [INF] HTTP GET /api/products/1 responded 200 in 2.9540 ms
2026-06-14 02:11:48.176 +05:30 [INF] HTTP GET /api/products/4 responded 200 in 5.9071 ms
2026-06-14 02:11:48.460 +05:30 [INF] HTTP GET /api/products/21 responded 200 in 12.0341 ms
2026-06-14 02:12:07.038 +05:30 [INF] HTTP GET /api/categories responded 200 in 16.9454 ms
2026-06-14 02:12:07.154 +05:30 [INF] HTTP GET /api/categories responded 200 in 25.6552 ms
2026-06-14 02:12:07.309 +05:30 [INF] HTTP GET /api/products responded 200 in 26.1836 ms
2026-06-14 02:12:07.368 +05:30 [INF] HTTP GET /api/products responded 200 in 10.3058 ms
2026-06-14 02:12:08.972 +05:30 [INF] HTTP GET /api/products/21 responded 200 in 18.9042 ms
2026-06-14 02:12:08.990 +05:30 [INF] HTTP GET /api/products/21 responded 200 in 3.1291 ms
2026-06-14 02:12:09.356 +05:30 [INF] HTTP GET /api/products responded 200 in 18.2512 ms
2026-06-14 02:12:09.629 +05:30 [INF] HTTP GET /api/products responded 200 in 24.3317 ms
2026-06-14 02:12:12.197 +05:30 [INF] HTTP GET /api/products/21 responded 200 in 13.8801 ms
2026-06-14 02:12:12.535 +05:30 [INF] HTTP GET /api/products/21 responded 200 in 12.7831 ms
2026-06-14 02:12:16.782 +05:30 [INF] HTTP GET /api/users/addresses responded 401 in 2.4171 ms
2026-06-14 02:12:16.856 +05:30 [INF] HTTP GET /api/users/addresses responded 401 in 0.6378 ms
2026-06-14 02:12:27.227 +05:30 [INF] HTTP POST /api/users/addresses responded 401 in 3.1505 ms
2026-06-14 02:12:38.367 +05:30 [INF] HTTP POST /api/auth/login responded 200 in 400.2217 ms
2026-06-14 02:12:38.506 +05:30 [INF] HTTP GET /api/wishlist responded 200 in 82.9766 ms
2026-06-14 02:12:38.842 +05:30 [INF] HTTP GET /api/wishlist/ids responded 200 in 18.8756 ms
2026-06-14 02:12:39.156 +05:30 [INF] HTTP GET /api/users/addresses responded 200 in 68.3865 ms
2026-06-14 02:12:39.240 +05:30 [INF] HTTP GET /api/users/addresses responded 200 in 8.4580 ms
2026-06-14 02:12:46.865 +05:30 [INF] HTTP DELETE /api/cart responded 200 in 29.7462 ms
2026-06-14 02:12:47.250 +05:30 [INF] HTTP POST /api/cart/items responded 200 in 369.8798 ms
2026-06-14 02:12:47.700 +05:30 [INF] HTTP POST /api/orders responded 201 in 438.6786 ms
2026-06-14 02:12:49.134 +05:30 [INF] HTTP POST /api/payment/create-order responded 200 in 1114.9400 ms
2026-06-14 02:13:17.396 +05:30 [INF] HTTP POST /api/payment/verify responded 200 in 49.6567 ms
2026-06-14 02:13:24.124 +05:30 [INF] HTTP GET /api/categories responded 200 in 11.7429 ms
2026-06-14 02:13:24.453 +05:30 [INF] HTTP GET /api/categories responded 200 in 2.6671 ms
2026-06-14 02:13:24.478 +05:30 [INF] HTTP GET /api/products responded 200 in 26.1544 ms
2026-06-14 02:13:24.795 +05:30 [INF] HTTP GET /api/products responded 200 in 4.9678 ms
2026-06-14 02:17:28.176 +05:30 [INF] HTTP GET /api/wishlist responded 200 in 36.1384 ms
2026-06-14 02:17:28.190 +05:30 [INF] HTTP GET /api/categories responded 200 in 48.0328 ms
2026-06-14 02:17:28.496 +05:30 [INF] HTTP GET /api/wishlist responded 200 in 3.8901 ms
2026-06-14 02:17:28.519 +05:30 [INF] HTTP GET /api/categories responded 200 in 5.9096 ms
2026-06-14 02:17:28.933 +05:30 [INF] HTTP GET /api/wishlist/ids responded 200 in 2.0227 ms
2026-06-14 02:17:28.953 +05:30 [INF] HTTP GET /api/products responded 200 in 23.4303 ms
2026-06-14 02:17:29.194 +05:30 [INF] HTTP GET /api/wishlist/ids responded 200 in 1.8129 ms
2026-06-14 02:17:29.260 +05:30 [INF] HTTP GET /api/products responded 200 in 4.3381 ms
2026-06-14 04:09:11.307 +05:30 [INF] HTTP GET /api/wishlist responded 401 in 25.5384 ms
2026-06-14 04:09:11.332 +05:30 [INF] HTTP GET /api/wishlist responded 401 in 0.9147 ms
2026-06-14 04:09:11.382 +05:30 [INF] HTTP GET /api/categories responded 200 in 99.2726 ms
2026-06-14 04:09:11.415 +05:30 [INF] HTTP GET /api/categories responded 200 in 18.4590 ms
2026-06-14 04:09:11.517 +05:30 [INF] HTTP GET /api/wishlist/ids responded 401 in 1.7328 ms
2026-06-14 04:09:11.637 +05:30 [INF] HTTP GET /api/products responded 200 in 115.0680 ms
2026-06-14 04:09:11.893 +05:30 [INF] HTTP GET /api/wishlist/ids responded 401 in 0.6486 ms
2026-06-14 04:09:12.035 +05:30 [INF] HTTP GET /api/products responded 200 in 63.2291 ms
2026-06-14 04:10:04.411 +05:30 [INF] HTTP GET /api/wishlist responded 401 in 0.8445 ms
2026-06-14 04:10:04.452 +05:30 [INF] HTTP GET /api/categories responded 200 in 43.9191 ms
2026-06-14 04:10:04.455 +05:30 [INF] HTTP GET /api/wishlist responded 401 in 0.7385 ms
2026-06-14 04:10:04.472 +05:30 [INF] HTTP GET /api/categories responded 200 in 3.0873 ms
2026-06-14 04:10:04.588 +05:30 [INF] HTTP GET /api/wishlist/ids responded 401 in 1.3621 ms
2026-06-14 04:10:04.617 +05:30 [INF] HTTP GET /api/wishlist/ids responded 401 in 9.1766 ms
2026-06-14 04:10:05.068 +05:30 [INF] HTTP GET /api/products responded 200 in 19.8399 ms
2026-06-14 04:10:05.083 +05:30 [INF] HTTP GET /api/products responded 200 in 4.6764 ms
2026-06-14 04:13:55.508 +05:30 [INF] HTTP GET /api/wishlist responded 401 in 2.0245 ms
2026-06-14 04:13:55.526 +05:30 [INF] HTTP GET /api/wishlist responded 401 in 2.7200 ms
2026-06-14 04:13:55.601 +05:30 [INF] HTTP GET /api/categories responded 200 in 93.6894 ms
2026-06-14 04:13:55.625 +05:30 [INF] HTTP GET /api/categories responded 200 in 6.8370 ms
2026-06-14 04:13:55.718 +05:30 [INF] HTTP GET /api/wishlist/ids responded 401 in 2.7334 ms
2026-06-14 04:13:55.733 +05:30 [INF] HTTP GET /api/wishlist/ids responded 401 in 1.3261 ms
2026-06-14 04:13:56.338 +05:30 [INF] HTTP GET /api/products responded 200 in 26.7354 ms
2026-06-14 04:13:56.503 +05:30 [INF] HTTP GET /api/products responded 200 in 16.8913 ms
2026-06-14 04:14:28.258 +05:30 [INF] HTTP GET /api/wishlist responded 401 in 25.9398 ms
2026-06-14 04:14:28.282 +05:30 [INF] HTTP GET /api/wishlist responded 401 in 2.6427 ms
2026-06-14 04:14:28.310 +05:30 [INF] HTTP GET /api/categories responded 200 in 77.0810 ms
2026-06-14 04:14:28.337 +05:30 [INF] HTTP GET /api/categories responded 200 in 8.9246 ms
2026-06-14 04:14:28.412 +05:30 [INF] HTTP GET /api/wishlist/ids responded 401 in 0.7043 ms
2026-06-14 04:14:28.449 +05:30 [INF] HTTP GET /api/wishlist/ids responded 401 in 0.5024 ms
2026-06-14 04:14:29.067 +05:30 [INF] HTTP GET /api/products responded 200 in 26.4085 ms
2026-06-14 04:14:29.249 +05:30 [INF] HTTP GET /api/products responded 200 in 30.8178 ms
2026-06-14 04:14:41.271 +05:30 [INF] HTTP GET /api/wishlist responded 401 in 0.6868 ms
2026-06-14 04:14:41.287 +05:30 [INF] HTTP GET /api/wishlist responded 401 in 1.3106 ms
2026-06-14 04:14:41.294 +05:30 [INF] HTTP GET /api/categories responded 200 in 24.0827 ms
2026-06-14 04:14:41.318 +05:30 [INF] HTTP GET /api/categories responded 200 in 4.0509 ms
2026-06-14 04:14:41.432 +05:30 [INF] HTTP GET /api/wishlist/ids responded 401 in 0.6049 ms
2026-06-14 04:14:41.447 +05:30 [INF] HTTP GET /api/wishlist/ids responded 401 in 0.7831 ms
2026-06-14 04:14:42.162 +05:30 [INF] HTTP GET /api/products responded 200 in 15.1036 ms
2026-06-14 04:14:42.215 +05:30 [INF] HTTP GET /api/products responded 200 in 5.9109 ms
2026-06-14 04:17:55.856 +05:30 [INF] HTTP GET /api/categories responded 200 in 60.0897 ms
2026-06-14 04:17:56.181 +05:30 [INF] HTTP GET /api/categories responded 200 in 2.3259 ms
2026-06-14 04:17:56.311 +05:30 [INF] HTTP GET /api/products responded 200 in 18.8282 ms
2026-06-14 04:17:56.762 +05:30 [INF] HTTP GET /api/products responded 200 in 25.7316 ms
