2026-05-28 23:32:12.960 +05:30 [WRN] The ASP.NET Core developer certificate is not trusted. For information about trusting the ASP.NET Core developer certificate, see https://aka.ms/aspnet/https-trust-dev-cert
2026-05-28 23:32:28.460 +05:30 [WRN] You do not have a valid license key for the Lucky Penny software AutoMapper. This is allowed for development and testing scenarios. If you are running in production you are required to have a licensed version. Please visit https://luckypennysoftware.com to obtain a valid license.
2026-05-28 23:32:28.954 +05:30 [INF] HTTP GET /api/categories responded 200 in 2335.0217 ms
2026-05-28 23:32:29.447 +05:30 [INF] HTTP GET /api/products responded 200 in 329.2458 ms
2026-05-28 23:32:30.234 +05:30 [INF] HTTP POST /api/auth/register responded 201 in 730.9455 ms
2026-05-28 23:32:30.383 +05:30 [INF] HTTP POST /api/auth/login responded 200 in 130.6378 ms
2026-05-28 23:32:30.623 +05:30 [INF] HTTP GET /api/cart responded 200 in 214.4856 ms
2026-05-28 23:32:30.830 +05:30 [INF] HTTP POST /api/cart/items responded 200 in 161.8773 ms
2026-05-28 23:32:30.851 +05:30 [INF] HTTP GET /api/cart responded 200 in 8.2789 ms
2026-05-28 23:32:30.908 +05:30 [INF] HTTP DELETE /api/cart responded 200 in 43.1356 ms
2026-05-28 23:32:30.931 +05:30 [INF] HTTP GET /api/cart responded 200 in 6.4055 ms
2026-05-28 23:32:47.271 +05:30 [INF] HTTP GET /api/categories responded 200 in 39.8145 ms
2026-05-28 23:32:47.331 +05:30 [INF] HTTP GET /api/categories responded 200 in 40.8150 ms
2026-05-28 23:32:47.344 +05:30 [INF] HTTP GET /api/products responded 200 in 55.4740 ms
2026-05-28 23:32:47.377 +05:30 [INF] HTTP GET /api/products responded 200 in 15.8239 ms
2026-05-28 23:33:12.684 +05:30 [ERR] HTTP POST /api/auth/login responded 500 in 30.5826 ms
EcommerceCA.Common.Exceptions.UnauthorizedException: Invalid email or password.
   at EcommerceCA.Application.Services.AuthService.LoginAsync(LoginRequestDto dto) in D:\Project\New folder (2)\EcommerceCA (1)\EcommerceCA\EcommerceCA.Application\Services\AuthService.cs:line 58
   at EcommerceCA.API.Controllers.AuthController.Login(LoginRequestDto dto) in D:\Project\New folder (2)\EcommerceCA (1)\EcommerceCA\EcommerceCA.API\Controllers\AuthController.cs:line 38
   at Microsoft.AspNetCore.Mvc.Infrastructure.ActionMethodExecutor.TaskOfIActionResultExecutor.Execute(ActionContext actionContext, IActionResultTypeMapper mapper, ObjectMethodExecutor executor, Object controller, Object[] arguments)
   at Microsoft.AspNetCore.Mvc.Infrastructure.ControllerActionInvoker.<InvokeActionMethodAsync>g__Awaited|12_0(ControllerActionInvoker invoker, ValueTask`1 actionResultValueTask)
   at Microsoft.AspNetCore.Mvc.Infrastructure.ControllerActionInvoker.<InvokeNextActionFilterAsync>g__Awaited|10_0(ControllerActionInvoker invoker, Task lastTask, State next, Scope scope, Object state, Boolean isCompleted)
   at Microsoft.AspNetCore.Mvc.Infrastructure.ControllerActionInvoker.Rethrow(ActionExecutedContextSealed context)
   at Microsoft.AspNetCore.Mvc.Infrastructure.ControllerActionInvoker.Next(State& next, Scope& scope, Object& state, Boolean& isCompleted)
   at Microsoft.AspNetCore.Mvc.Infrastructure.ControllerActionInvoker.<InvokeInnerFilterAsync>g__Awaited|13_0(ControllerActionInvoker invoker, Task lastTask, State next, Scope scope, Object state, Boolean isCompleted)
   at Microsoft.AspNetCore.Mvc.Infrastructure.ResourceInvoker.<InvokeFilterPipelineAsync>g__Awaited|20_0(ResourceInvoker invoker, Task lastTask, State next, Scope scope, Object state, Boolean isCompleted)
   at Microsoft.AspNetCore.Mvc.Infrastructure.ResourceInvoker.<InvokeAsync>g__Awaited|17_0(ResourceInvoker invoker, Task task, IDisposable scope)
   at Microsoft.AspNetCore.Mvc.Infrastructure.ResourceInvoker.<InvokeAsync>g__Awaited|17_0(ResourceInvoker invoker, Task task, IDisposable scope)
   at Microsoft.AspNetCore.Authorization.AuthorizationMiddleware.Invoke(HttpContext context)
   at Microsoft.AspNetCore.Authentication.AuthenticationMiddleware.Invoke(HttpContext context)
   at Swashbuckle.AspNetCore.SwaggerUI.SwaggerUIMiddleware.Invoke(HttpContext httpContext)
   at Swashbuckle.AspNetCore.Swagger.SwaggerMiddleware.Invoke(HttpContext httpContext, ISwaggerProvider swaggerProvider)
   at Serilog.AspNetCore.RequestLoggingMiddleware.Invoke(HttpContext httpContext)
2026-05-28 23:33:12.725 +05:30 [ERR] Unhandled exception [POST] /api/auth/login — Invalid email or password.
EcommerceCA.Common.Exceptions.UnauthorizedException: Invalid email or password.
   at EcommerceCA.Application.Services.AuthService.LoginAsync(LoginRequestDto dto) in D:\Project\New folder (2)\EcommerceCA (1)\EcommerceCA\EcommerceCA.Application\Services\AuthService.cs:line 58
   at EcommerceCA.API.Controllers.AuthController.Login(LoginRequestDto dto) in D:\Project\New folder (2)\EcommerceCA (1)\EcommerceCA\EcommerceCA.API\Controllers\AuthController.cs:line 38
   at Microsoft.AspNetCore.Mvc.Infrastructure.ActionMethodExecutor.TaskOfIActionResultExecutor.Execute(ActionContext actionContext, IActionResultTypeMapper mapper, ObjectMethodExecutor executor, Object controller, Object[] arguments)
   at Microsoft.AspNetCore.Mvc.Infrastructure.ControllerActionInvoker.<InvokeActionMethodAsync>g__Awaited|12_0(ControllerActionInvoker invoker, ValueTask`1 actionResultValueTask)
   at Microsoft.AspNetCore.Mvc.Infrastructure.ControllerActionInvoker.<InvokeNextActionFilterAsync>g__Awaited|10_0(ControllerActionInvoker invoker, Task lastTask, State next, Scope scope, Object state, Boolean isCompleted)
   at Microsoft.AspNetCore.Mvc.Infrastructure.ControllerActionInvoker.Rethrow(ActionExecutedContextSealed context)
   at Microsoft.AspNetCore.Mvc.Infrastructure.ControllerActionInvoker.Next(State& next, Scope& scope, Object& state, Boolean& isCompleted)
   at Microsoft.AspNetCore.Mvc.Infrastructure.ControllerActionInvoker.<InvokeInnerFilterAsync>g__Awaited|13_0(ControllerActionInvoker invoker, Task lastTask, State next, Scope scope, Object state, Boolean isCompleted)
   at Microsoft.AspNetCore.Mvc.Infrastructure.ResourceInvoker.<InvokeFilterPipelineAsync>g__Awaited|20_0(ResourceInvoker invoker, Task lastTask, State next, Scope scope, Object state, Boolean isCompleted)
   at Microsoft.AspNetCore.Mvc.Infrastructure.ResourceInvoker.<InvokeAsync>g__Awaited|17_0(ResourceInvoker invoker, Task task, IDisposable scope)
   at Microsoft.AspNetCore.Mvc.Infrastructure.ResourceInvoker.<InvokeAsync>g__Awaited|17_0(ResourceInvoker invoker, Task task, IDisposable scope)
   at Microsoft.AspNetCore.Authorization.AuthorizationMiddleware.Invoke(HttpContext context)
   at Microsoft.AspNetCore.Authentication.AuthenticationMiddleware.Invoke(HttpContext context)
   at Swashbuckle.AspNetCore.SwaggerUI.SwaggerUIMiddleware.Invoke(HttpContext httpContext)
   at Swashbuckle.AspNetCore.Swagger.SwaggerMiddleware.Invoke(HttpContext httpContext, ISwaggerProvider swaggerProvider)
   at Serilog.AspNetCore.RequestLoggingMiddleware.Invoke(HttpContext httpContext)
   at EcommerceCA.API.Middleware.ExceptionMiddleware.InvokeAsync(HttpContext context) in D:\Project\New folder (2)\EcommerceCA (1)\EcommerceCA\EcommerceCA.API\Middleware\ExceptionMiddleware.cs:line 31
2026-05-28 23:33:54.027 +05:30 [INF] HTTP GET /api/categories responded 200 in 74.2201 ms
2026-05-28 23:33:54.372 +05:30 [INF] HTTP GET /api/categories responded 200 in 27.1125 ms
2026-05-28 23:33:54.582 +05:30 [INF] HTTP GET /api/products responded 200 in 145.3860 ms
2026-05-28 23:33:54.911 +05:30 [INF] HTTP GET /api/products responded 200 in 6.0779 ms
2026-05-28 23:33:55.915 +05:30 [INF] HTTP GET /api/categories responded 200 in 2.6519 ms
2026-05-28 23:33:56.154 +05:30 [INF] HTTP GET /api/categories responded 200 in 3.9359 ms
2026-05-28 23:33:56.265 +05:30 [INF] HTTP GET /api/products responded 200 in 10.9452 ms
2026-05-28 23:33:56.295 +05:30 [INF] HTTP GET /api/products responded 200 in 9.4695 ms
2026-05-28 23:34:38.596 +05:30 [INF] HTTP GET /api/categories responded 200 in 25.5931 ms
2026-05-28 23:34:38.820 +05:30 [INF] HTTP GET /api/categories responded 200 in 3.2716 ms
2026-05-28 23:34:38.943 +05:30 [INF] HTTP GET /api/products responded 200 in 34.2021 ms
2026-05-28 23:34:38.964 +05:30 [INF] HTTP GET /api/products responded 200 in 5.3475 ms
2026-05-28 23:44:50.607 +05:30 [INF] HTTP GET /api/categories responded 200 in 35.3420 ms
