2026-05-31 00:28:01.168 +05:30 [INF] HTTP GET /api/wishlist responded 401 in 171.3833 ms
2026-05-31 00:28:01.351 +05:30 [INF] HTTP GET /api/wishlist/ids responded 401 in 1.6649 ms
2026-05-31 00:28:01.484 +05:30 [INF] HTTP GET /api/categories responded 200 in 488.1583 ms
2026-05-31 00:28:01.594 +05:30 [INF] HTTP GET /api/categories responded 200 in 67.7977 ms
2026-05-31 00:28:01.627 +05:30 [INF] HTTP GET /api/products responded 200 in 631.2662 ms
2026-05-31 00:28:01.684 +05:30 [INF] HTTP GET /api/products responded 200 in 39.7565 ms
2026-05-31 00:28:20.114 +05:30 [INF] HTTP POST /api/auth/login responded 200 in 318.1066 ms
2026-05-31 00:28:20.158 +05:30 [INF] HTTP GET /api/wishlist responded 200 in 22.1422 ms
2026-05-31 00:28:20.490 +05:30 [INF] HTTP GET /api/wishlist/ids responded 200 in 6.7708 ms
2026-05-31 00:28:21.210 +05:30 [INF] HTTP GET /api/categories responded 200 in 13.4178 ms
2026-05-31 00:28:21.539 +05:30 [INF] HTTP GET /api/categories responded 200 in 13.5960 ms
2026-05-31 00:28:21.553 +05:30 [INF] HTTP GET /api/categories responded 200 in 3.8107 ms
2026-05-31 00:28:21.554 +05:30 [INF] HTTP GET /api/products responded 200 in 25.6465 ms
2026-05-31 00:28:21.904 +05:30 [INF] HTTP GET /api/products responded 200 in 16.2708 ms
2026-05-31 00:28:22.099 +05:30 [INF] HTTP GET /api/users/admin/all responded 200 in 208.8976 ms
2026-05-31 00:28:22.264 +05:30 [INF] HTTP GET /api/products responded 200 in 50.0934 ms
2026-05-31 00:28:22.435 +05:30 [INF] HTTP GET /api/users/admin/all responded 200 in 21.1900 ms
2026-05-31 00:28:22.696 +05:30 [INF] HTTP GET /api/orders/admin/all responded 200 in 277.5523 ms
2026-05-31 00:28:22.765 +05:30 [INF] HTTP GET /api/users/admin/all responded 200 in 13.3814 ms
2026-05-31 00:28:23.057 +05:30 [INF] HTTP GET /api/orders/admin/all responded 200 in 43.7016 ms
2026-05-31 00:28:23.405 +05:30 [INF] HTTP GET /api/orders/admin/all responded 200 in 34.4314 ms
2026-05-31 00:28:25.379 +05:30 [INF] HTTP GET /api/orders/admin/all responded 200 in 23.4403 ms
2026-05-31 00:28:33.356 +05:30 [INF] HTTP GET /api/categories responded 200 in 9.7816 ms
2026-05-31 00:28:33.367 +05:30 [INF] HTTP GET /api/products responded 200 in 20.7075 ms
2026-05-31 00:28:44.302 +05:30 [INF] HTTP GET /api/categories responded 200 in 7.5896 ms
2026-05-31 00:28:53.519 +05:30 [INF] HTTP GET /api/wishlist responded 401 in 3.3725 ms
2026-05-31 00:28:53.570 +05:30 [INF] HTTP GET /api/wishlist/ids responded 401 in 0.4004 ms
2026-05-31 00:45:23.991 +05:30 [INF] HTTP GET /api/categories responded 200 in 366.5442 ms
2026-05-31 00:45:24.056 +05:30 [INF] HTTP GET /api/products responded 200 in 430.8597 ms
2026-05-31 00:45:25.379 +05:30 [INF] HTTP GET /api/orders/admin/all responded 200 in 107.8617 ms
2026-05-31 00:45:28.296 +05:30 [INF] HTTP GET /api/orders/admin/1 responded 200 in 255.2244 ms
2026-05-31 00:46:03.521 +05:30 [INF] HTTP GET /api/categories responded 200 in 24.2026 ms
2026-05-31 00:46:03.568 +05:30 [INF] HTTP GET /api/products responded 200 in 34.9451 ms
2026-05-31 00:46:03.846 +05:30 [INF] HTTP GET /api/users/admin/all responded 200 in 88.1478 ms
2026-05-31 00:46:03.962 +05:30 [INF] HTTP GET /api/orders/admin/all responded 200 in 71.4797 ms
2026-05-31 00:46:11.231 +05:30 [INF] HTTP GET /api/products responded 200 in 28.5788 ms
2026-05-31 00:46:11.518 +05:30 [INF] HTTP GET /api/categories responded 200 in 8.1395 ms
2026-05-31 00:46:18.799 +05:30 [INF] HTTP POST /api/products/upload-image responded 200 in 194.4734 ms
2026-05-31 00:46:18.961 +05:30 [INF] HTTP GET /uploads/products/78ea82ae-5ff0-4fa6-a965-7c6ea820168f.png responded 200 in 92.7358 ms
2026-05-31 00:46:44.648 +05:30 [INF] HTTP GET /api/wishlist responded 401 in 8.9641 ms
2026-05-31 00:46:44.676 +05:30 [INF] HTTP GET /api/wishlist/ids responded 401 in 0.4736 ms
2026-05-31 00:46:44.772 +05:30 [INF] HTTP GET /api/wishlist responded 401 in 0.4370 ms
2026-05-31 00:46:45.111 +05:30 [INF] HTTP GET /api/wishlist/ids responded 401 in 1.7621 ms
2026-05-31 00:48:02.387 +05:30 [INF] HTTP POST /api/users/addresses responded 401 in 2.3620 ms
2026-05-31 00:48:04.170 +05:30 [INF] HTTP POST /api/auth/login responded 200 in 190.6827 ms
2026-05-31 00:48:04.211 +05:30 [INF] HTTP GET /api/wishlist responded 200 in 16.6115 ms
2026-05-31 00:48:04.543 +05:30 [INF] HTTP GET /api/wishlist/ids responded 200 in 6.9935 ms
2026-05-31 00:48:33.765 +05:30 [INF] HTTP POST /api/users/addresses responded 201 in 59.6891 ms
2026-05-31 00:48:48.684 +05:30 [INF] HTTP DELETE /api/cart responded 200 in 15.7553 ms
2026-05-31 00:48:49.137 +05:30 [INF] HTTP POST /api/cart/items responded 200 in 130.6727 ms
2026-05-31 00:48:49.440 +05:30 [INF] HTTP POST /api/orders responded 201 in 165.2711 ms
2026-05-31 00:48:54.054 +05:30 [INF] HTTP GET /api/categories responded 200 in 23.1976 ms
2026-05-31 00:48:54.413 +05:30 [INF] HTTP GET /api/categories responded 200 in 22.2050 ms
2026-05-31 00:48:54.435 +05:30 [INF] HTTP GET /api/products responded 200 in 42.9164 ms
2026-05-31 00:48:54.774 +05:30 [INF] HTTP GET /api/products responded 200 in 22.0859 ms
2026-05-31 00:49:04.156 +05:30 [INF] HTTP POST /api/wishlist responded 200 in 99.6497 ms
2026-05-31 00:49:04.354 +05:30 [INF] HTTP GET /api/wishlist responded 200 in 32.9296 ms
2026-05-31 00:49:04.484 +05:30 [INF] HTTP GET /api/wishlist/ids responded 200 in 8.5801 ms
2026-05-31 00:49:09.699 +05:30 [INF] HTTP DELETE /api/wishlist/9 responded 200 in 23.3104 ms
2026-05-31 00:49:10.019 +05:30 [INF] HTTP GET /api/wishlist responded 200 in 4.4320 ms
2026-05-31 00:49:10.278 +05:30 [INF] HTTP GET /api/wishlist/ids responded 200 in 5.2091 ms
2026-05-31 00:49:16.025 +05:30 [INF] HTTP GET /api/categories responded 200 in 15.7667 ms
2026-05-31 00:49:16.346 +05:30 [INF] HTTP GET /api/categories responded 200 in 3.0119 ms
2026-05-31 00:49:16.383 +05:30 [INF] HTTP GET /api/products responded 200 in 22.6144 ms
2026-05-31 00:49:16.728 +05:30 [INF] HTTP GET /api/products responded 200 in 26.6531 ms
2026-05-31 00:49:30.183 +05:30 [INF] HTTP GET /api/products/9 responded 200 in 20.8718 ms
2026-05-31 00:49:30.203 +05:30 [INF] HTTP GET /api/products/9 responded 200 in 5.8393 ms
2026-05-31 00:49:30.440 +05:30 [INF] HTTP GET /api/products responded 200 in 20.3603 ms
2026-05-31 00:49:30.536 +05:30 [INF] HTTP GET /api/products responded 200 in 19.7489 ms
2026-05-31 00:49:31.568 +05:30 [INF] HTTP GET /api/categories responded 200 in 24.5015 ms
2026-05-31 00:49:31.919 +05:30 [INF] HTTP GET /api/categories responded 200 in 27.7376 ms
2026-05-31 00:49:31.943 +05:30 [INF] HTTP GET /api/products responded 200 in 59.9952 ms
2026-05-31 00:49:31.996 +05:30 [INF] HTTP GET /api/products responded 200 in 39.9268 ms
2026-05-31 00:49:42.372 +05:30 [INF] HTTP GET /api/categories responded 200 in 22.3793 ms
2026-05-31 00:49:42.387 +05:30 [INF] HTTP GET /api/categories responded 200 in 3.1991 ms
2026-05-31 00:49:42.716 +05:30 [INF] HTTP GET /api/products responded 200 in 16.9524 ms
2026-05-31 00:49:43.029 +05:30 [INF] HTTP GET /api/products responded 200 in 3.9240 ms
2026-05-31 00:49:44.705 +05:30 [INF] HTTP GET /api/products/9 responded 200 in 11.9766 ms
2026-05-31 00:49:44.725 +05:30 [INF] HTTP GET /api/products/9 responded 200 in 2.2830 ms
2026-05-31 00:49:44.965 +05:30 [INF] HTTP GET /api/products responded 200 in 19.4060 ms
2026-05-31 00:49:45.053 +05:30 [INF] HTTP GET /api/products responded 200 in 22.3325 ms
2026-05-31 00:49:46.888 +05:30 [INF] HTTP GET /api/categories responded 200 in 35.4235 ms
2026-05-31 00:49:47.165 +05:30 [INF] HTTP GET /api/categories responded 200 in 1.9371 ms
2026-05-31 00:49:47.230 +05:30 [INF] HTTP GET /api/products responded 200 in 20.3527 ms
2026-05-31 00:49:47.277 +05:30 [INF] HTTP GET /api/products responded 200 in 31.9744 ms
2026-05-31 00:49:51.115 +05:30 [INF] HTTP GET /api/categories responded 200 in 27.3466 ms
2026-05-31 00:49:51.156 +05:30 [INF] HTTP GET /api/categories responded 200 in 21.4250 ms
2026-05-31 00:49:51.413 +05:30 [INF] HTTP GET /api/products responded 200 in 61.8238 ms
2026-05-31 00:49:51.481 +05:30 [INF] HTTP GET /api/products responded 200 in 27.8469 ms
2026-05-31 00:49:56.995 +05:30 [INF] HTTP GET /api/orders/admin/all responded 200 in 55.0910 ms
2026-05-31 00:49:59.786 +05:30 [INF] HTTP GET /api/orders/admin/2 responded 200 in 52.7480 ms
2026-05-31 00:50:30.698 +05:30 [INF] HTTP GET /api/users/admin/all responded 200 in 15.9006 ms
2026-05-31 00:50:41.518 +05:30 [INF] HTTP GET /api/categories responded 200 in 7.6350 ms
2026-05-31 00:50:45.872 +05:30 [INF] HTTP GET /api/categories responded 200 in 2.1611 ms
2026-05-31 00:50:45.924 +05:30 [INF] HTTP GET /api/products responded 200 in 16.8578 ms
2026-05-31 00:50:46.250 +05:30 [INF] HTTP GET /api/users/admin/all responded 200 in 7.8355 ms
2026-05-31 00:50:46.520 +05:30 [INF] HTTP GET /api/orders/admin/all responded 200 in 21.0204 ms
2026-05-31 00:51:06.082 +05:30 [INF] HTTP GET /api/categories responded 200 in 39.4622 ms
2026-05-31 00:51:07.367 +05:30 [INF] HTTP GET /api/categories responded 200 in 27.3926 ms
2026-05-31 00:51:07.391 +05:30 [INF] HTTP GET /api/products responded 200 in 85.2441 ms
2026-05-31 00:51:25.276 +05:30 [INF] HTTP POST /api/products/upload-image responded 200 in 58.8694 ms
2026-05-31 00:51:25.374 +05:30 [INF] HTTP GET /uploads/products/e0b2dba1-4ae0-406c-b963-b6c22c7f050a.png responded 200 in 43.3625 ms
2026-05-31 00:51:28.840 +05:30 [INF] HTTP POST /api/products/upload-image responded 200 in 5.5263 ms
2026-05-31 00:51:29.099 +05:30 [INF] HTTP GET /uploads/products/8b7bdc12-a3f4-472f-85a1-d75258ea9af1.png responded 200 in 0.9477 ms
2026-05-31 00:51:31.767 +05:30 [INF] HTTP POST /api/products/upload-image responded 200 in 3.8371 ms
2026-05-31 00:51:32.177 +05:30 [INF] HTTP GET /uploads/products/84ff6684-4de0-44b4-ad69-253d9a308aa5.png responded 200 in 2.0296 ms
2026-05-31 00:51:33.987 +05:30 [INF] HTTP PUT /api/products/9 responded 200 in 124.2079 ms
2026-05-31 00:51:34.334 +05:30 [INF] HTTP GET /api/products responded 200 in 18.8197 ms
2026-05-31 00:51:40.231 +05:30 [INF] HTTP GET /api/products/9 responded 200 in 33.3428 ms
2026-05-31 00:51:40.251 +05:30 [INF] HTTP GET /api/products/9 responded 200 in 3.9423 ms
2026-05-31 00:51:40.473 +05:30 [INF] HTTP GET /api/products responded 200 in 18.3921 ms
2026-05-31 00:51:40.562 +05:30 [INF] HTTP GET /api/products responded 200 in 4.5154 ms
2026-05-31 00:51:40.782 +05:30 [INF] HTTP GET /uploads/products/e0b2dba1-4ae0-406c-b963-b6c22c7f050a.png responded 200 in 1.3224 ms
2026-05-31 00:51:40.809 +05:30 [INF] HTTP GET /uploads/products/84ff6684-4de0-44b4-ad69-253d9a308aa5.png responded 200 in 1.0064 ms
2026-05-31 00:51:40.811 +05:30 [INF] HTTP GET /uploads/products/8b7bdc12-a3f4-472f-85a1-d75258ea9af1.png responded 200 in 1.2924 ms
2026-05-31 00:54:47.199 +05:30 [INF] HTTP GET /api/products responded 200 in 35.5831 ms
2026-05-31 00:54:47.234 +05:30 [INF] HTTP GET /api/products responded 200 in 5.3037 ms
2026-05-31 00:54:47.363 +05:30 [INF] HTTP GET /api/orders responded 200 in 198.7591 ms
2026-05-31 00:54:47.443 +05:30 [INF] HTTP GET /api/orders responded 200 in 23.2405 ms
2026-05-31 00:58:42.089 +05:30 [INF] HTTP GET /api/categories responded 200 in 42.9088 ms
2026-05-31 00:58:42.100 +05:30 [INF] HTTP GET /api/categories responded 200 in 1.7384 ms
2026-05-31 00:58:42.131 +05:30 [INF] HTTP GET /api/products responded 200 in 26.8763 ms
2026-05-31 00:58:42.146 +05:30 [INF] HTTP GET /api/products responded 200 in 4.1778 ms
2026-05-31 00:59:04.189 +05:30 [INF] HTTP GET /api/products/3 responded 200 in 14.1379 ms
2026-05-31 00:59:04.202 +05:30 [INF] HTTP GET /api/products/3 responded 200 in 2.5096 ms
2026-05-31 00:59:04.242 +05:30 [INF] HTTP GET /api/products responded 200 in 23.4977 ms
2026-05-31 00:59:04.568 +05:30 [INF] HTTP GET /api/products responded 200 in 14.2656 ms
2026-05-31 00:59:14.162 +05:30 [INF] HTTP GET /api/categories responded 200 in 13.5886 ms
2026-05-31 00:59:14.175 +05:30 [INF] HTTP GET /api/categories responded 200 in 3.0291 ms
2026-05-31 00:59:14.228 +05:30 [INF] HTTP GET /api/products responded 200 in 21.2591 ms
2026-05-31 00:59:14.242 +05:30 [INF] HTTP GET /api/products responded 200 in 3.9474 ms
2026-05-31 00:59:18.522 +05:30 [INF] HTTP GET /api/products/2 responded 200 in 12.3343 ms
2026-05-31 00:59:18.851 +05:30 [INF] HTTP GET /api/products/2 responded 200 in 10.8784 ms
2026-05-31 00:59:18.878 +05:30 [INF] HTTP GET /api/products responded 200 in 17.3101 ms
2026-05-31 00:59:19.207 +05:30 [INF] HTTP GET /api/products responded 200 in 17.6240 ms
2026-05-31 01:02:51.755 +05:30 [INF] HTTP GET /api/categories responded 200 in 38.5220 ms
2026-05-31 01:02:51.771 +05:30 [INF] HTTP GET /api/categories responded 200 in 5.7699 ms
2026-05-31 01:02:51.991 +05:30 [INF] HTTP GET /api/products responded 200 in 21.5846 ms
2026-05-31 01:02:52.083 +05:30 [INF] HTTP GET /api/products responded 200 in 3.8253 ms
2026-05-31 01:03:00.147 +05:30 [INF] HTTP GET /api/products/6 responded 200 in 14.0019 ms
2026-05-31 01:03:00.465 +05:30 [INF] HTTP GET /api/products/6 responded 200 in 3.7059 ms
2026-05-31 01:03:00.499 +05:30 [INF] HTTP GET /api/products responded 200 in 4.0454 ms
2026-05-31 01:03:00.823 +05:30 [INF] HTTP GET /api/products responded 200 in 6.2344 ms
