2026-06-15 23:30:05.612 +05:30 [WRN] No store type was specified for the decimal property 'GrandTotal' on entity type 'Order'. This will cause values to be silently truncated if they do not fit in the default precision and scale. Explicitly specify the SQL server column type that can accommodate all the values in 'OnModelCreating' using 'HasColumnType', specify precision and scale using 'HasPrecision', or configure a value converter using 'HasConversion'.
2026-06-15 23:30:09.612 +05:30 [WRN] The ASP.NET Core developer certificate is not trusted. For information about trusting the ASP.NET Core developer certificate, see https://aka.ms/aspnet/https-trust-dev-cert
2026-06-15 23:30:15.043 +05:30 [INF] HTTP POST /api/payment/create-order responded 200 in 3608.9673 ms
2026-06-15 23:30:15.216 +05:30 [INF] HTTP POST /api/payment/verify responded 200 in 100.2264 ms
2026-06-15 23:32:11.787 +05:30 [WRN] No store type was specified for the decimal property 'GrandTotal' on entity type 'Order'. This will cause values to be silently truncated if they do not fit in the default precision and scale. Explicitly specify the SQL server column type that can accommodate all the values in 'OnModelCreating' using 'HasColumnType', specify precision and scale using 'HasPrecision', or configure a value converter using 'HasConversion'.
2026-06-15 23:32:13.010 +05:30 [WRN] The ASP.NET Core developer certificate is not trusted. For information about trusting the ASP.NET Core developer certificate, see https://aka.ms/aspnet/https-trust-dev-cert
2026-06-15 23:32:33.666 +05:30 [WRN] You do not have a valid license key for the Lucky Penny software AutoMapper. This is allowed for development and testing scenarios. If you are running in production you are required to have a licensed version. Please visit https://luckypennysoftware.com to obtain a valid license.
2026-06-15 23:32:33.659 +05:30 [INF] HTTP GET /api/wishlist responded 401 in 134.1372 ms
2026-06-15 23:32:33.694 +05:30 [INF] HTTP GET /api/wishlist responded 401 in 3.7209 ms
2026-06-15 23:32:33.949 +05:30 [INF] HTTP GET /api/categories responded 200 in 425.6478 ms
2026-06-15 23:32:33.993 +05:30 [INF] HTTP GET /api/wishlist/ids responded 401 in 2.3366 ms
2026-06-15 23:32:34.313 +05:30 [INF] HTTP GET /api/wishlist/ids responded 401 in 1.1726 ms
2026-06-15 23:32:34.427 +05:30 [INF] HTTP GET /api/categories responded 200 in 163.5732 ms
2026-06-15 23:32:34.527 +05:30 [INF] HTTP GET /api/products responded 200 in 246.1933 ms
2026-06-15 23:32:34.857 +05:30 [INF] HTTP GET /api/products responded 200 in 14.1601 ms
2026-06-15 23:33:21.109 +05:30 [INF] HTTP GET /api/categories responded 200 in 18.7669 ms
2026-06-15 23:33:21.124 +05:30 [INF] HTTP GET /api/categories responded 200 in 5.6746 ms
2026-06-15 23:33:21.153 +05:30 [INF] HTTP GET /api/products responded 200 in 20.9670 ms
2026-06-15 23:33:21.169 +05:30 [INF] HTTP GET /api/products responded 200 in 9.1275 ms
2026-06-15 23:34:03.582 +05:30 [INF] HTTP GET /api/products/20 responded 200 in 59.8649 ms
2026-06-15 23:34:03.928 +05:30 [INF] HTTP GET /api/products/20 responded 200 in 18.4595 ms
2026-06-15 23:34:03.948 +05:30 [INF] HTTP GET /api/products responded 200 in 37.5866 ms
2026-06-15 23:34:04.282 +05:30 [INF] HTTP GET /api/products responded 200 in 16.7060 ms
2026-06-15 23:34:14.082 +05:30 [INF] HTTP GET /api/products/21 responded 200 in 8.5503 ms
2026-06-15 23:34:14.142 +05:30 [INF] HTTP GET /api/products/20 responded 200 in 7.5451 ms
2026-06-15 23:34:14.149 +05:30 [INF] HTTP GET /api/products/21 responded 200 in 14.6595 ms
2026-06-15 23:34:14.347 +05:30 [INF] HTTP GET /api/products/20 responded 200 in 9.3459 ms
2026-06-15 23:34:18.046 +05:30 [INF] HTTP GET /api/users/addresses responded 401 in 1.0573 ms
2026-06-15 23:34:18.057 +05:30 [INF] HTTP GET /api/users/addresses responded 401 in 0.5160 ms
2026-06-15 23:34:40.571 +05:30 [INF] HTTP POST /api/users/addresses responded 401 in 3.8303 ms
2026-06-15 23:34:55.233 +05:30 [INF] HTTP POST /api/auth/login responded 200 in 285.2979 ms
2026-06-15 23:34:55.609 +05:30 [INF] HTTP GET /api/wishlist responded 200 in 33.3087 ms
2026-06-15 23:34:55.857 +05:30 [INF] HTTP GET /api/wishlist/ids responded 200 in 12.7720 ms
2026-06-15 23:34:55.975 +05:30 [INF] HTTP GET /api/users/addresses responded 200 in 51.1023 ms
2026-06-15 23:34:56.087 +05:30 [INF] HTTP GET /api/users/addresses responded 200 in 9.4852 ms
2026-06-15 23:35:05.143 +05:30 [INF] HTTP DELETE /api/cart responded 200 in 25.7055 ms
2026-06-15 23:35:05.327 +05:30 [INF] HTTP POST /api/cart/items responded 200 in 172.3414 ms
2026-06-15 23:35:05.384 +05:30 [INF] HTTP POST /api/cart/items responded 200 in 46.2739 ms
2026-06-15 23:35:05.956 +05:30 [INF] HTTP POST /api/orders responded 201 in 251.1005 ms
2026-06-15 23:35:07.606 +05:30 [INF] HTTP POST /api/payment/create-order responded 200 in 1638.8951 ms
2026-06-15 23:36:38.357 +05:30 [INF] HTTP POST /api/payment/verify responded 200 in 30.1434 ms
2026-06-15 23:36:41.478 +05:30 [INF] HTTP GET /api/products responded 200 in 16.4629 ms
2026-06-15 23:36:41.809 +05:30 [INF] HTTP GET /api/products responded 200 in 12.8594 ms
2026-06-15 23:36:42.518 +05:30 [INF] HTTP GET /api/orders responded 200 in 1056.0495 ms
2026-06-15 23:36:43.786 +05:30 [INF] HTTP GET /api/orders responded 200 in 989.2159 ms
2026-06-15 23:36:45.824 +05:30 [INF] HTTP GET /api/categories responded 200 in 14.7431 ms
2026-06-15 23:36:46.051 +05:30 [INF] HTTP GET /api/categories responded 200 in 4.0469 ms
2026-06-15 23:36:46.070 +05:30 [INF] HTTP GET /api/products responded 200 in 4.6323 ms
2026-06-15 23:36:46.121 +05:30 [INF] HTTP GET /api/products responded 200 in 4.9652 ms
2026-06-15 23:47:41.242 +05:30 [INF] HTTP GET /api/categories responded 200 in 22.3319 ms
2026-06-15 23:47:41.347 +05:30 [INF] HTTP GET /api/categories responded 200 in 3.1502 ms
2026-06-15 23:47:41.492 +05:30 [INF] HTTP GET /api/products responded 200 in 21.8846 ms
2026-06-15 23:47:41.570 +05:30 [INF] HTTP GET /api/products responded 200 in 4.1983 ms
2026-06-15 23:47:47.767 +05:30 [INF] HTTP GET /api/products/21 responded 200 in 13.8479 ms
2026-06-15 23:47:47.787 +05:30 [INF] HTTP GET /api/products/21 responded 200 in 11.6664 ms
2026-06-15 23:47:48.109 +05:30 [INF] HTTP GET /api/products responded 200 in 22.2834 ms
2026-06-15 23:47:48.456 +05:30 [INF] HTTP GET /api/products responded 200 in 28.6012 ms
2026-06-15 23:47:55.654 +05:30 [INF] HTTP GET /api/categories responded 200 in 16.8299 ms
2026-06-15 23:47:55.684 +05:30 [INF] HTTP GET /api/categories responded 200 in 16.5373 ms
2026-06-15 23:47:55.925 +05:30 [INF] HTTP GET /api/products responded 200 in 26.1831 ms
2026-06-15 23:47:56.000 +05:30 [INF] HTTP GET /api/products responded 200 in 22.9096 ms
2026-06-15 23:48:00.304 +05:30 [INF] HTTP GET /api/products/17 responded 200 in 11.9988 ms
2026-06-15 23:48:00.318 +05:30 [INF] HTTP GET /api/products/17 responded 200 in 3.7080 ms
2026-06-15 23:48:00.640 +05:30 [INF] HTTP GET /api/products responded 200 in 15.8329 ms
2026-06-15 23:48:00.955 +05:30 [INF] HTTP GET /api/products responded 200 in 3.8432 ms
2026-06-15 23:48:08.201 +05:30 [INF] HTTP GET /api/categories responded 200 in 10.3144 ms
2026-06-15 23:48:08.257 +05:30 [INF] HTTP GET /api/categories responded 200 in 3.3983 ms
2026-06-15 23:48:08.458 +05:30 [INF] HTTP GET /api/products responded 200 in 4.8324 ms
2026-06-15 23:48:08.530 +05:30 [INF] HTTP GET /api/products responded 200 in 6.3682 ms
2026-06-15 23:50:37.823 +05:30 [INF] HTTP GET /api/categories responded 200 in 17.2392 ms
2026-06-15 23:50:37.833 +05:30 [INF] HTTP GET /api/wishlist responded 200 in 28.6792 ms
2026-06-15 23:50:37.838 +05:30 [INF] HTTP GET /api/categories responded 200 in 3.4586 ms
2026-06-15 23:50:38.147 +05:30 [INF] HTTP GET /api/wishlist responded 200 in 1.9796 ms
2026-06-15 23:50:38.266 +05:30 [INF] HTTP GET /api/wishlist/ids responded 200 in 2.3337 ms
2026-06-15 23:50:38.278 +05:30 [INF] HTTP GET /api/wishlist/ids responded 200 in 2.2983 ms
2026-06-15 23:50:38.279 +05:30 [INF] HTTP GET /api/products responded 200 in 21.4852 ms
2026-06-15 23:50:38.597 +05:30 [INF] HTTP GET /api/products responded 200 in 5.7360 ms
