2026-06-12 21:46:14.540 +05:30 [INF] HTTP GET /api/wishlist responded 401 in 23.3842 ms
2026-06-12 21:46:14.629 +05:30 [INF] HTTP GET /api/wishlist responded 401 in 14.7451 ms
2026-06-12 21:46:14.639 +05:30 [INF] HTTP GET /api/categories responded 200 in 132.7058 ms
2026-06-12 21:46:14.720 +05:30 [INF] HTTP GET /api/wishlist/ids responded 401 in 1.0852 ms
2026-06-12 21:46:14.785 +05:30 [INF] HTTP GET /api/categories responded 200 in 108.6658 ms
2026-06-12 21:46:14.939 +05:30 [INF] HTTP GET /api/products responded 200 in 175.4037 ms
2026-06-12 21:46:15.109 +05:30 [INF] HTTP GET /api/wishlist/ids responded 401 in 0.8586 ms
2026-06-12 21:46:15.548 +05:30 [INF] HTTP GET /api/products responded 200 in 162.2892 ms
2026-06-12 21:47:06.575 +05:30 [INF] HTTP GET /api/wishlist responded 401 in 5.7592 ms
2026-06-12 21:47:06.688 +05:30 [INF] HTTP GET /api/wishlist responded 401 in 1.0768 ms
2026-06-12 21:47:06.691 +05:30 [INF] HTTP GET /api/wishlist/ids responded 401 in 0.3962 ms
2026-06-12 21:47:06.784 +05:30 [INF] HTTP GET /api/categories responded 200 in 105.4807 ms
2026-06-12 21:47:06.789 +05:30 [INF] HTTP GET /api/wishlist/ids responded 401 in 2.4644 ms
2026-06-12 21:47:06.855 +05:30 [INF] HTTP GET /api/categories responded 200 in 41.3334 ms
2026-06-12 21:47:07.466 +05:30 [INF] HTTP GET /api/products responded 200 in 304.2114 ms
2026-06-12 21:47:08.044 +05:30 [INF] HTTP GET /api/products responded 200 in 187.3904 ms
2026-06-12 21:48:05.328 +05:30 [INF] HTTP GET /api/wishlist responded 401 in 2.5089 ms
2026-06-12 21:48:05.523 +05:30 [INF] HTTP GET /api/wishlist responded 401 in 0.5179 ms
2026-06-12 21:48:05.684 +05:30 [INF] HTTP GET /api/categories responded 200 in 346.4883 ms
2026-06-12 21:48:05.756 +05:30 [INF] HTTP GET /api/wishlist/ids responded 401 in 3.9617 ms
2026-06-12 21:48:05.809 +05:30 [INF] HTTP GET /api/categories responded 200 in 48.7224 ms
2026-06-12 21:48:06.249 +05:30 [INF] HTTP GET /api/products responded 200 in 53.4958 ms
2026-06-12 21:48:57.651 +05:30 [INF] HTTP GET /api/wishlist responded 401 in 0.5760 ms
2026-06-12 21:48:57.822 +05:30 [INF] HTTP GET /api/wishlist responded 401 in 0.4749 ms
2026-06-12 21:48:57.902 +05:30 [INF] HTTP GET /api/categories responded 200 in 250.0209 ms
2026-06-12 21:48:58.039 +05:30 [INF] HTTP GET /api/wishlist/ids responded 401 in 0.4300 ms
2026-06-12 21:48:58.200 +05:30 [INF] HTTP GET /api/categories responded 200 in 103.8750 ms
2026-06-12 21:48:58.457 +05:30 [INF] HTTP GET /api/wishlist/ids responded 401 in 0.8653 ms
2026-06-12 21:48:59.177 +05:30 [INF] HTTP GET /api/products responded 200 in 789.1768 ms
2026-06-12 21:48:59.686 +05:30 [INF] HTTP GET /api/products responded 200 in 137.8287 ms
2026-06-12 21:55:35.892 +05:30 [WRN] No store type was specified for the decimal property 'GrandTotal' on entity type 'Order'. This will cause values to be silently truncated if they do not fit in the default precision and scale. Explicitly specify the SQL server column type that can accommodate all the values in 'OnModelCreating' using 'HasColumnType', specify precision and scale using 'HasPrecision', or configure a value converter using 'HasConversion'.
2026-06-12 21:55:38.447 +05:30 [WRN] The ASP.NET Core developer certificate is not trusted. For information about trusting the ASP.NET Core developer certificate, see https://aka.ms/aspnet/https-trust-dev-cert
2026-06-12 22:00:28.228 +05:30 [INF] HTTP GET /api/wishlist responded 401 in 1601.4044 ms
2026-06-12 22:00:28.281 +05:30 [WRN] You do not have a valid license key for the Lucky Penny software AutoMapper. This is allowed for development and testing scenarios. If you are running in production you are required to have a licensed version. Please visit https://luckypennysoftware.com to obtain a valid license.
2026-06-12 22:00:28.292 +05:30 [INF] HTTP GET /api/wishlist responded 401 in 5.1700 ms
2026-06-12 22:00:28.301 +05:30 [INF] HTTP GET /api/wishlist/ids responded 401 in 3.2316 ms
2026-06-12 22:00:28.324 +05:30 [INF] HTTP GET /api/wishlist/ids responded 401 in 0.6936 ms
2026-06-12 22:00:28.877 +05:30 [INF] HTTP GET /api/categories responded 200 in 2252.2283 ms
2026-06-12 22:00:29.147 +05:30 [INF] HTTP GET /api/categories responded 200 in 237.5303 ms
2026-06-12 22:00:29.641 +05:30 [INF] HTTP GET /api/products responded 200 in 398.8308 ms
2026-06-12 22:00:30.015 +05:30 [INF] HTTP GET /api/products responded 200 in 48.3035 ms
2026-06-12 22:00:31.142 +05:30 [INF] HTTP GET /api/categories responded 200 in 24.2883 ms
2026-06-12 22:00:31.413 +05:30 [INF] HTTP GET /api/categories responded 200 in 11.1094 ms
2026-06-12 22:00:31.461 +05:30 [INF] HTTP GET /api/products responded 200 in 33.9685 ms
2026-06-12 22:00:31.536 +05:30 [INF] HTTP GET /api/products responded 200 in 30.4836 ms
2026-06-12 22:00:52.998 +05:30 [INF] HTTP GET /api/categories responded 200 in 20.6146 ms
2026-06-12 22:00:53.320 +05:30 [INF] HTTP GET /api/categories responded 200 in 6.5535 ms
2026-06-12 22:00:53.363 +05:30 [INF] HTTP GET /api/products responded 200 in 36.9513 ms
2026-06-12 22:00:53.707 +05:30 [INF] HTTP GET /api/products responded 200 in 21.8690 ms
2026-06-12 22:00:57.652 +05:30 [INF] HTTP GET /api/products/4 responded 200 in 67.3935 ms
2026-06-12 22:00:57.675 +05:30 [INF] HTTP GET /api/products/4 responded 200 in 4.5363 ms
2026-06-12 22:00:57.840 +05:30 [INF] HTTP GET /api/products responded 200 in 15.9141 ms
2026-06-12 22:00:58.003 +05:30 [INF] HTTP GET /api/products responded 200 in 29.9286 ms
2026-06-12 22:01:01.877 +05:30 [INF] HTTP GET /api/products/4 responded 200 in 22.1998 ms
2026-06-12 22:01:02.223 +05:30 [INF] HTTP GET /api/products/4 responded 200 in 18.7600 ms
2026-06-12 22:01:11.245 +05:30 [INF] HTTP POST /api/users/addresses responded 401 in 2.6260 ms
2026-06-12 22:01:18.582 +05:30 [INF] HTTP POST /api/auth/login responded 200 in 347.7013 ms
2026-06-12 22:01:18.987 +05:30 [INF] HTTP GET /api/wishlist responded 200 in 44.9155 ms
2026-06-12 22:01:19.197 +05:30 [INF] HTTP GET /api/wishlist/ids responded 200 in 9.0405 ms
2026-06-12 22:01:19.913 +05:30 [INF] HTTP GET /api/categories responded 200 in 26.8254 ms
2026-06-12 22:01:20.242 +05:30 [INF] HTTP GET /api/categories responded 200 in 3.8868 ms
2026-06-12 22:01:20.267 +05:30 [INF] HTTP GET /api/products responded 200 in 26.8174 ms
2026-06-12 22:01:20.589 +05:30 [INF] HTTP GET /api/products responded 200 in 7.4280 ms
2026-06-12 22:17:39.126 +05:30 [INF] HTTP GET /api/wishlist responded 401 in 83.1339 ms
2026-06-12 22:17:39.159 +05:30 [INF] HTTP GET /api/wishlist responded 401 in 1.4541 ms
2026-06-12 22:17:39.459 +05:30 [INF] HTTP GET /api/wishlist/ids responded 401 in 3.9192 ms
2026-06-12 22:17:39.489 +05:30 [INF] HTTP GET /api/wishlist/ids responded 401 in 1.2046 ms
2026-06-12 22:17:40.451 +05:30 [INF] HTTP GET /api/categories responded 200 in 1409.4892 ms
2026-06-12 22:17:40.675 +05:30 [INF] HTTP GET /api/categories responded 200 in 115.3740 ms
2026-06-12 22:17:41.401 +05:30 [INF] HTTP GET /api/products responded 200 in 492.8201 ms
2026-06-12 22:17:41.866 +05:30 [INF] HTTP GET /api/products responded 200 in 79.9865 ms
2026-06-12 22:17:50.003 +05:30 [INF] HTTP GET /api/categories responded 200 in 72.4746 ms
2026-06-12 22:17:50.361 +05:30 [INF] HTTP GET /api/categories responded 200 in 26.7615 ms
2026-06-12 22:17:50.449 +05:30 [INF] HTTP GET /api/products responded 200 in 120.8895 ms
2026-06-12 22:17:50.611 +05:30 [INF] HTTP GET /api/products responded 200 in 22.7513 ms
2026-06-12 22:18:08.203 +05:30 [INF] HTTP GET /api/products/1 responded 200 in 86.5082 ms
2026-06-12 22:18:08.249 +05:30 [INF] HTTP GET /api/products/1 responded 200 in 8.4075 ms
2026-06-12 22:18:08.416 +05:30 [INF] HTTP GET /api/products responded 200 in 48.7498 ms
2026-06-12 22:18:08.634 +05:30 [INF] HTTP GET /api/products responded 200 in 23.3311 ms
2026-06-12 22:18:21.634 +05:30 [INF] HTTP GET /api/products/1 responded 200 in 53.7983 ms
2026-06-12 22:18:22.095 +05:30 [INF] HTTP GET /api/products/1 responded 200 in 103.0863 ms
2026-06-12 22:18:29.373 +05:30 [INF] HTTP GET /api/users/addresses responded 401 in 1.7528 ms
2026-06-12 22:18:29.721 +05:30 [INF] HTTP GET /api/users/addresses responded 401 in 1.7355 ms
2026-06-12 22:18:35.956 +05:30 [INF] HTTP GET /api/orders responded 401 in 1.5966 ms
2026-06-12 22:18:36.324 +05:30 [INF] HTTP GET /api/orders responded 401 in 0.9236 ms
2026-06-12 22:18:36.486 +05:30 [INF] HTTP GET /api/products responded 200 in 223.5095 ms
2026-06-12 22:18:36.951 +05:30 [INF] HTTP GET /api/products responded 200 in 79.5408 ms
2026-06-12 22:22:57.375 +05:30 [INF] HTTP POST /api/auth/register responded 201 in 3100.2222 ms
2026-06-12 22:22:58.522 +05:30 [INF] HTTP GET /api/wishlist responded 200 in 102.0811 ms
2026-06-12 22:22:59.031 +05:30 [INF] HTTP GET /api/wishlist/ids responded 200 in 22.1535 ms
2026-06-12 22:23:00.977 +05:30 [INF] HTTP GET /api/categories responded 200 in 75.3517 ms
2026-06-12 22:23:01.408 +05:30 [INF] HTTP GET /api/categories responded 200 in 94.8999 ms
2026-06-12 22:23:01.635 +05:30 [INF] HTTP GET /api/products responded 200 in 111.5216 ms
2026-06-12 22:23:01.690 +05:30 [INF] HTTP GET /api/products responded 200 in 26.1909 ms
2026-06-12 22:23:12.508 +05:30 [INF] HTTP GET /api/products/1 responded 200 in 37.4173 ms
2026-06-12 22:23:12.537 +05:30 [INF] HTTP GET /api/products/1 responded 200 in 3.5183 ms
2026-06-12 22:23:20.252 +05:30 [INF] HTTP GET /api/users/addresses responded 200 in 119.2721 ms
2026-06-12 22:23:20.289 +05:30 [INF] HTTP GET /api/users/addresses responded 200 in 13.5320 ms
2026-06-12 22:25:16.007 +05:30 [INF] HTTP POST /api/users/addresses responded 201 in 329.9602 ms
2026-06-12 22:25:16.080 +05:30 [INF] HTTP GET /api/users/addresses responded 200 in 10.8600 ms
2026-06-12 22:26:10.832 +05:30 [INF] HTTP GET /api/categories responded 200 in 27.5716 ms
2026-06-12 22:26:10.848 +05:30 [INF] HTTP GET /api/categories responded 200 in 2.8307 ms
2026-06-12 22:26:10.855 +05:30 [INF] HTTP GET /api/wishlist responded 200 in 51.2399 ms
2026-06-12 22:26:10.884 +05:30 [INF] HTTP GET /api/wishlist responded 200 in 6.0729 ms
2026-06-12 22:26:11.663 +05:30 [INF] HTTP GET /api/wishlist/ids responded 200 in 35.5459 ms
2026-06-12 22:26:11.661 +05:30 [INF] HTTP GET /api/products responded 200 in 115.2457 ms
2026-06-12 22:26:12.012 +05:30 [INF] HTTP GET /api/wishlist/ids responded 200 in 11.1657 ms
2026-06-12 22:26:12.026 +05:30 [INF] HTTP GET /api/products responded 200 in 26.4904 ms
2026-06-12 22:27:10.628 +05:30 [INF] HTTP GET /api/wishlist responded 200 in 10.4844 ms
2026-06-12 22:27:10.633 +05:30 [INF] HTTP GET /api/categories responded 200 in 22.1342 ms
2026-06-12 22:27:10.647 +05:30 [INF] HTTP GET /api/wishlist responded 200 in 2.5368 ms
2026-06-12 22:27:10.652 +05:30 [INF] HTTP GET /api/categories responded 200 in 5.3698 ms
2026-06-12 22:27:10.804 +05:30 [INF] HTTP GET /api/wishlist/ids responded 200 in 6.2213 ms
2026-06-12 22:27:10.826 +05:30 [INF] HTTP GET /api/products responded 200 in 27.7045 ms
2026-06-12 22:27:11.132 +05:30 [INF] HTTP GET /api/wishlist/ids responded 200 in 1.4983 ms
2026-06-12 22:27:11.164 +05:30 [INF] HTTP GET /api/products responded 200 in 5.0503 ms
2026-06-12 22:27:14.816 +05:30 [INF] HTTP GET /api/wishlist responded 200 in 20.6730 ms
2026-06-12 22:27:14.837 +05:30 [INF] HTTP GET /api/wishlist responded 200 in 4.8221 ms
2026-06-12 22:27:15.487 +05:30 [INF] HTTP GET /api/products responded 200 in 46.7468 ms
2026-06-12 22:27:15.504 +05:30 [INF] HTTP GET /api/products responded 200 in 4.2269 ms
2026-06-12 22:27:15.548 +05:30 [INF] HTTP GET /api/wishlist/ids responded 200 in 9.9642 ms
2026-06-12 22:27:15.829 +05:30 [INF] HTTP GET /api/orders responded 200 in 387.4066 ms
2026-06-12 22:27:15.875 +05:30 [INF] HTTP GET /api/wishlist/ids responded 200 in 15.5078 ms
2026-06-12 22:27:15.928 +05:30 [INF] HTTP GET /api/orders responded 200 in 65.7894 ms
2026-06-12 22:27:23.979 +05:30 [INF] HTTP GET /api/products/1 responded 200 in 18.4152 ms
2026-06-12 22:27:23.995 +05:30 [INF] HTTP GET /api/wishlist responded 200 in 24.0904 ms
2026-06-12 22:27:24.060 +05:30 [INF] HTTP GET /api/products/1 responded 200 in 2.0632 ms
2026-06-12 22:27:24.068 +05:30 [INF] HTTP GET /api/wishlist responded 200 in 3.5955 ms
2026-06-12 22:27:24.517 +05:30 [INF] HTTP GET /api/wishlist/ids responded 200 in 4.2989 ms
2026-06-12 22:27:24.612 +05:30 [INF] HTTP GET /api/wishlist/ids responded 200 in 4.9700 ms
2026-06-12 22:27:33.928 +05:30 [INF] HTTP GET /api/users/addresses responded 200 in 14.9095 ms
2026-06-12 22:27:34.307 +05:30 [INF] HTTP GET /api/users/addresses responded 200 in 3.8140 ms
2026-06-12 22:27:55.747 +05:30 [INF] HTTP GET /api/wishlist responded 200 in 17.2392 ms
2026-06-12 22:27:55.781 +05:30 [INF] HTTP GET /api/wishlist responded 200 in 7.4706 ms
2026-06-12 22:27:56.274 +05:30 [INF] HTTP GET /api/users/addresses responded 200 in 8.1611 ms
2026-06-12 22:27:56.292 +05:30 [INF] HTTP GET /api/users/addresses responded 200 in 6.5378 ms
2026-06-12 22:27:56.340 +05:30 [INF] HTTP GET /api/wishlist/ids responded 200 in 21.0266 ms
2026-06-12 22:27:56.365 +05:30 [INF] HTTP GET /api/wishlist/ids responded 200 in 9.5876 ms
2026-06-12 22:28:12.412 +05:30 [INF] HTTP GET /api/wishlist responded 200 in 15.3538 ms
2026-06-12 22:28:12.431 +05:30 [INF] HTTP GET /api/wishlist responded 200 in 3.3405 ms
2026-06-12 22:28:12.836 +05:30 [INF] HTTP GET /api/products responded 200 in 31.8031 ms
2026-06-12 22:28:12.856 +05:30 [INF] HTTP GET /api/products responded 200 in 5.0876 ms
2026-06-12 22:28:12.869 +05:30 [INF] HTTP GET /api/orders responded 200 in 59.5219 ms
2026-06-12 22:28:12.920 +05:30 [INF] HTTP GET /api/orders responded 200 in 38.2108 ms
2026-06-12 22:28:13.265 +05:30 [INF] HTTP GET /api/wishlist/ids responded 200 in 2.3575 ms
2026-06-12 22:28:13.300 +05:30 [INF] HTTP GET /api/wishlist/ids responded 200 in 1.9336 ms
2026-06-12 22:29:32.430 +05:30 [ERR] HTTP POST /api/auth/login responded 500 in 335.5806 ms
EcommerceCA.Common.Exceptions.UnauthorizedException: Invalid email or password.
   at EcommerceCA.Application.Services.AuthService.LoginAsync(LoginRequestDto dto) in D:\Project\New folder (2)\ycc-server-csharp\EcommerceCA\EcommerceCA.Application\Services\AuthService.cs:line 73
   at EcommerceCA.API.Controllers.AuthController.Login(LoginRequestDto dto) in D:\Project\New folder (2)\ycc-server-csharp\EcommerceCA\EcommerceCA.API\Controllers\AuthController.cs:line 38
   at Microsoft.AspNetCore.Mvc.Infrastructure.ActionMethodExecutor.TaskOfIActionResultExecutor.Execute(ActionContext actionContext, IActionResultTypeMapper mapper, ObjectMethodExecutor executor, Object controller, Object[] arguments)
   at Microsoft.AspNetCore.Mvc.Infrastructure.ControllerActionInvoker.<InvokeActionMethodAsync>g__Awaited|12_0(ControllerActionInvoker invoker, ValueTask`1 actionResultValueTask)
   at Microsoft.AspNetCore.Mvc.Infrastructure.ControllerActionInvoker.<InvokeNextActionFilterAsync>g__Awaited|10_0(ControllerActionInvoker invoker, Task lastTask, State next, Scope scope, Object state, Boolean isCompleted)
   at Microsoft.AspNetCore.Mvc.Infrastructure.ControllerActionInvoker.Rethrow(ActionExecutedContextSealed context)
   at Microsoft.AspNetCore.Mvc.Infrastructure.ControllerActionInvoker.Next(State& next, Scope& scope, Object& state, Boolean& isCompleted)
   at Microsoft.AspNetCore.Mvc.Infrastructure.ControllerActionInvoker.<InvokeInnerFilterAsync>g__Awaited|13_0(ControllerActionInvoker invoker, Task lastTask, State next, Scope scope, Object state, Boolean isCompleted)
   at Microsoft.AspNetCore.Mvc.Infrastructure.ResourceInvoker.<InvokeFilterPipelineAsync>g__Awaited|20_0(ResourceInvoker invoker, Task lastTask, State next, Scope scope, Object state, Boolean isCompleted)
   at Microsoft.AspNetCore.Mvc.Infrastructure.ResourceInvoker.<InvokeAsync>g__Awaited|17_0(ResourceInvoker invoker, Task task, IDisposable scope)
   at Microsoft.AspNetCore.Mvc.Infrastructure.ResourceInvoker.<InvokeAsync>g__Awaited|17_0(ResourceInvoker invoker, Task task, IDisposable scope)
   at Microsoft.AspNetCore.Authorization.AuthorizationMiddleware.Invoke(HttpContext context)
   at Microsoft.AspNetCore.Authentication.AuthenticationMiddleware.Invoke(HttpContext context)
   at Swashbuckle.AspNetCore.SwaggerUI.SwaggerUIMiddleware.Invoke(HttpContext httpContext)
   at Swashbuckle.AspNetCore.Swagger.SwaggerMiddleware.Invoke(HttpContext httpContext, ISwaggerProvider swaggerProvider)
   at Serilog.AspNetCore.RequestLoggingMiddleware.Invoke(HttpContext httpContext)
2026-06-12 22:29:32.592 +05:30 [ERR] Unhandled exception [POST] /api/auth/login — Invalid email or password.
EcommerceCA.Common.Exceptions.UnauthorizedException: Invalid email or password.
   at EcommerceCA.Application.Services.AuthService.LoginAsync(LoginRequestDto dto) in D:\Project\New folder (2)\ycc-server-csharp\EcommerceCA\EcommerceCA.Application\Services\AuthService.cs:line 73
   at EcommerceCA.API.Controllers.AuthController.Login(LoginRequestDto dto) in D:\Project\New folder (2)\ycc-server-csharp\EcommerceCA\EcommerceCA.API\Controllers\AuthController.cs:line 38
   at Microsoft.AspNetCore.Mvc.Infrastructure.ActionMethodExecutor.TaskOfIActionResultExecutor.Execute(ActionContext actionContext, IActionResultTypeMapper mapper, ObjectMethodExecutor executor, Object controller, Object[] arguments)
   at Microsoft.AspNetCore.Mvc.Infrastructure.ControllerActionInvoker.<InvokeActionMethodAsync>g__Awaited|12_0(ControllerActionInvoker invoker, ValueTask`1 actionResultValueTask)
   at Microsoft.AspNetCore.Mvc.Infrastructure.ControllerActionInvoker.<InvokeNextActionFilterAsync>g__Awaited|10_0(ControllerActionInvoker invoker, Task lastTask, State next, Scope scope, Object state, Boolean isCompleted)
   at Microsoft.AspNetCore.Mvc.Infrastructure.ControllerActionInvoker.Rethrow(ActionExecutedContextSealed context)
   at Microsoft.AspNetCore.Mvc.Infrastructure.ControllerActionInvoker.Next(State& next, Scope& scope, Object& state, Boolean& isCompleted)
   at Microsoft.AspNetCore.Mvc.Infrastructure.ControllerActionInvoker.<InvokeInnerFilterAsync>g__Awaited|13_0(ControllerActionInvoker invoker, Task lastTask, State next, Scope scope, Object state, Boolean isCompleted)
   at Microsoft.AspNetCore.Mvc.Infrastructure.ResourceInvoker.<InvokeFilterPipelineAsync>g__Awaited|20_0(ResourceInvoker invoker, Task lastTask, State next, Scope scope, Object state, Boolean isCompleted)
   at Microsoft.AspNetCore.Mvc.Infrastructure.ResourceInvoker.<InvokeAsync>g__Awaited|17_0(ResourceInvoker invoker, Task task, IDisposable scope)
   at Microsoft.AspNetCore.Mvc.Infrastructure.ResourceInvoker.<InvokeAsync>g__Awaited|17_0(ResourceInvoker invoker, Task task, IDisposable scope)
   at Microsoft.AspNetCore.Authorization.AuthorizationMiddleware.Invoke(HttpContext context)
   at Microsoft.AspNetCore.Authentication.AuthenticationMiddleware.Invoke(HttpContext context)
   at Swashbuckle.AspNetCore.SwaggerUI.SwaggerUIMiddleware.Invoke(HttpContext httpContext)
   at Swashbuckle.AspNetCore.Swagger.SwaggerMiddleware.Invoke(HttpContext httpContext, ISwaggerProvider swaggerProvider)
   at Serilog.AspNetCore.RequestLoggingMiddleware.Invoke(HttpContext httpContext)
   at EcommerceCA.API.Middleware.ExceptionMiddleware.InvokeAsync(HttpContext context) in D:\Project\New folder (2)\ycc-server-csharp\EcommerceCA\EcommerceCA.API\Middleware\ExceptionMiddleware.cs:line 31
2026-06-12 22:32:05.457 +05:30 [INF] HTTP GET /api/categories responded 200 in 51.6223 ms
2026-06-12 22:32:05.679 +05:30 [INF] HTTP GET /api/categories responded 200 in 7.9744 ms
2026-06-12 22:32:07.560 +05:30 [INF] HTTP GET /api/products responded 200 in 31.9790 ms
2026-06-12 22:32:07.579 +05:30 [INF] HTTP GET /api/products responded 200 in 6.7484 ms
2026-06-12 22:35:25.388 +05:30 [ERR] HTTP POST /api/auth/register responded 500 in 184.5614 ms
EcommerceCA.Common.Exceptions.ConflictException: This email is already registered.
   at EcommerceCA.Application.Services.AuthService.RegisterAsync(RegisterRequestDto dto) in D:\Project\New folder (2)\ycc-server-csharp\EcommerceCA\EcommerceCA.Application\Services\AuthService.cs:line 37
   at EcommerceCA.API.Controllers.AuthController.Register(RegisterRequestDto dto) in D:\Project\New folder (2)\ycc-server-csharp\EcommerceCA\EcommerceCA.API\Controllers\AuthController.cs:line 28
   at Microsoft.AspNetCore.Mvc.Infrastructure.ActionMethodExecutor.TaskOfIActionResultExecutor.Execute(ActionContext actionContext, IActionResultTypeMapper mapper, ObjectMethodExecutor executor, Object controller, Object[] arguments)
   at Microsoft.AspNetCore.Mvc.Infrastructure.ControllerActionInvoker.<InvokeActionMethodAsync>g__Awaited|12_0(ControllerActionInvoker invoker, ValueTask`1 actionResultValueTask)
   at Microsoft.AspNetCore.Mvc.Infrastructure.ControllerActionInvoker.<InvokeNextActionFilterAsync>g__Awaited|10_0(ControllerActionInvoker invoker, Task lastTask, State next, Scope scope, Object state, Boolean isCompleted)
   at Microsoft.AspNetCore.Mvc.Infrastructure.ControllerActionInvoker.Rethrow(ActionExecutedContextSealed context)
   at Microsoft.AspNetCore.Mvc.Infrastructure.ControllerActionInvoker.Next(State& next, Scope& scope, Object& state, Boolean& isCompleted)
   at Microsoft.AspNetCore.Mvc.Infrastructure.ControllerActionInvoker.<InvokeInnerFilterAsync>g__Awaited|13_0(ControllerActionInvoker invoker, Task lastTask, State next, Scope scope, Object state, Boolean isCompleted)
   at Microsoft.AspNetCore.Mvc.Infrastructure.ResourceInvoker.<InvokeFilterPipelineAsync>g__Awaited|20_0(ResourceInvoker invoker, Task lastTask, State next, Scope scope, Object state, Boolean isCompleted)
   at Microsoft.AspNetCore.Mvc.Infrastructure.ResourceInvoker.<InvokeAsync>g__Awaited|17_0(ResourceInvoker invoker, Task task, IDisposable scope)
   at Microsoft.AspNetCore.Mvc.Infrastructure.ResourceInvoker.<InvokeAsync>g__Awaited|17_0(ResourceInvoker invoker, Task task, IDisposable scope)
   at Microsoft.AspNetCore.Authorization.AuthorizationMiddleware.Invoke(HttpContext context)
   at Microsoft.AspNetCore.Authentication.AuthenticationMiddleware.Invoke(HttpContext context)
   at Swashbuckle.AspNetCore.SwaggerUI.SwaggerUIMiddleware.Invoke(HttpContext httpContext)
   at Swashbuckle.AspNetCore.Swagger.SwaggerMiddleware.Invoke(HttpContext httpContext, ISwaggerProvider swaggerProvider)
   at Serilog.AspNetCore.RequestLoggingMiddleware.Invoke(HttpContext httpContext)
2026-06-12 22:35:25.398 +05:30 [ERR] Unhandled exception [POST] /api/auth/register — This email is already registered.
EcommerceCA.Common.Exceptions.ConflictException: This email is already registered.
   at EcommerceCA.Application.Services.AuthService.RegisterAsync(RegisterRequestDto dto) in D:\Project\New folder (2)\ycc-server-csharp\EcommerceCA\EcommerceCA.Application\Services\AuthService.cs:line 37
   at EcommerceCA.API.Controllers.AuthController.Register(RegisterRequestDto dto) in D:\Project\New folder (2)\ycc-server-csharp\EcommerceCA\EcommerceCA.API\Controllers\AuthController.cs:line 28
   at Microsoft.AspNetCore.Mvc.Infrastructure.ActionMethodExecutor.TaskOfIActionResultExecutor.Execute(ActionContext actionContext, IActionResultTypeMapper mapper, ObjectMethodExecutor executor, Object controller, Object[] arguments)
   at Microsoft.AspNetCore.Mvc.Infrastructure.ControllerActionInvoker.<InvokeActionMethodAsync>g__Awaited|12_0(ControllerActionInvoker invoker, ValueTask`1 actionResultValueTask)
   at Microsoft.AspNetCore.Mvc.Infrastructure.ControllerActionInvoker.<InvokeNextActionFilterAsync>g__Awaited|10_0(ControllerActionInvoker invoker, Task lastTask, State next, Scope scope, Object state, Boolean isCompleted)
   at Microsoft.AspNetCore.Mvc.Infrastructure.ControllerActionInvoker.Rethrow(ActionExecutedContextSealed context)
   at Microsoft.AspNetCore.Mvc.Infrastructure.ControllerActionInvoker.Next(State& next, Scope& scope, Object& state, Boolean& isCompleted)
   at Microsoft.AspNetCore.Mvc.Infrastructure.ControllerActionInvoker.<InvokeInnerFilterAsync>g__Awaited|13_0(ControllerActionInvoker invoker, Task lastTask, State next, Scope scope, Object state, Boolean isCompleted)
   at Microsoft.AspNetCore.Mvc.Infrastructure.ResourceInvoker.<InvokeFilterPipelineAsync>g__Awaited|20_0(ResourceInvoker invoker, Task lastTask, State next, Scope scope, Object state, Boolean isCompleted)
   at Microsoft.AspNetCore.Mvc.Infrastructure.ResourceInvoker.<InvokeAsync>g__Awaited|17_0(ResourceInvoker invoker, Task task, IDisposable scope)
   at Microsoft.AspNetCore.Mvc.Infrastructure.ResourceInvoker.<InvokeAsync>g__Awaited|17_0(ResourceInvoker invoker, Task task, IDisposable scope)
   at Microsoft.AspNetCore.Authorization.AuthorizationMiddleware.Invoke(HttpContext context)
   at Microsoft.AspNetCore.Authentication.AuthenticationMiddleware.Invoke(HttpContext context)
   at Swashbuckle.AspNetCore.SwaggerUI.SwaggerUIMiddleware.Invoke(HttpContext httpContext)
   at Swashbuckle.AspNetCore.Swagger.SwaggerMiddleware.Invoke(HttpContext httpContext, ISwaggerProvider swaggerProvider)
   at Serilog.AspNetCore.RequestLoggingMiddleware.Invoke(HttpContext httpContext)
   at EcommerceCA.API.Middleware.ExceptionMiddleware.InvokeAsync(HttpContext context) in D:\Project\New folder (2)\ycc-server-csharp\EcommerceCA\EcommerceCA.API\Middleware\ExceptionMiddleware.cs:line 31
2026-06-12 22:36:42.969 +05:30 [ERR] HTTP POST /api/auth/login responded 500 in 103.6563 ms
EcommerceCA.Common.Exceptions.UnauthorizedException: Invalid email or password.
   at EcommerceCA.Application.Services.AuthService.LoginAsync(LoginRequestDto dto) in D:\Project\New folder (2)\ycc-server-csharp\EcommerceCA\EcommerceCA.Application\Services\AuthService.cs:line 62
   at EcommerceCA.API.Controllers.AuthController.Login(LoginRequestDto dto) in D:\Project\New folder (2)\ycc-server-csharp\EcommerceCA\EcommerceCA.API\Controllers\AuthController.cs:line 38
   at Microsoft.AspNetCore.Mvc.Infrastructure.ActionMethodExecutor.TaskOfIActionResultExecutor.Execute(ActionContext actionContext, IActionResultTypeMapper mapper, ObjectMethodExecutor executor, Object controller, Object[] arguments)
   at Microsoft.AspNetCore.Mvc.Infrastructure.ControllerActionInvoker.<InvokeActionMethodAsync>g__Awaited|12_0(ControllerActionInvoker invoker, ValueTask`1 actionResultValueTask)
   at Microsoft.AspNetCore.Mvc.Infrastructure.ControllerActionInvoker.<InvokeNextActionFilterAsync>g__Awaited|10_0(ControllerActionInvoker invoker, Task lastTask, State next, Scope scope, Object state, Boolean isCompleted)
   at Microsoft.AspNetCore.Mvc.Infrastructure.ControllerActionInvoker.Rethrow(ActionExecutedContextSealed context)
   at Microsoft.AspNetCore.Mvc.Infrastructure.ControllerActionInvoker.Next(State& next, Scope& scope, Object& state, Boolean& isCompleted)
   at Microsoft.AspNetCore.Mvc.Infrastructure.ControllerActionInvoker.<InvokeInnerFilterAsync>g__Awaited|13_0(ControllerActionInvoker invoker, Task lastTask, State next, Scope scope, Object state, Boolean isCompleted)
   at Microsoft.AspNetCore.Mvc.Infrastructure.ResourceInvoker.<InvokeFilterPipelineAsync>g__Awaited|20_0(ResourceInvoker invoker, Task lastTask, State next, Scope scope, Object state, Boolean isCompleted)
   at Microsoft.AspNetCore.Mvc.Infrastructure.ResourceInvoker.<InvokeAsync>g__Awaited|17_0(ResourceInvoker invoker, Task task, IDisposable scope)
   at Microsoft.AspNetCore.Mvc.Infrastructure.ResourceInvoker.<InvokeAsync>g__Awaited|17_0(ResourceInvoker invoker, Task task, IDisposable scope)
   at Microsoft.AspNetCore.Authorization.AuthorizationMiddleware.Invoke(HttpContext context)
   at Microsoft.AspNetCore.Authentication.AuthenticationMiddleware.Invoke(HttpContext context)
   at Swashbuckle.AspNetCore.SwaggerUI.SwaggerUIMiddleware.Invoke(HttpContext httpContext)
   at Swashbuckle.AspNetCore.Swagger.SwaggerMiddleware.Invoke(HttpContext httpContext, ISwaggerProvider swaggerProvider)
   at Serilog.AspNetCore.RequestLoggingMiddleware.Invoke(HttpContext httpContext)
2026-06-12 22:36:42.974 +05:30 [ERR] Unhandled exception [POST] /api/auth/login — Invalid email or password.
EcommerceCA.Common.Exceptions.UnauthorizedException: Invalid email or password.
   at EcommerceCA.Application.Services.AuthService.LoginAsync(LoginRequestDto dto) in D:\Project\New folder (2)\ycc-server-csharp\EcommerceCA\EcommerceCA.Application\Services\AuthService.cs:line 62
   at EcommerceCA.API.Controllers.AuthController.Login(LoginRequestDto dto) in D:\Project\New folder (2)\ycc-server-csharp\EcommerceCA\EcommerceCA.API\Controllers\AuthController.cs:line 38
   at Microsoft.AspNetCore.Mvc.Infrastructure.ActionMethodExecutor.TaskOfIActionResultExecutor.Execute(ActionContext actionContext, IActionResultTypeMapper mapper, ObjectMethodExecutor executor, Object controller, Object[] arguments)
   at Microsoft.AspNetCore.Mvc.Infrastructure.ControllerActionInvoker.<InvokeActionMethodAsync>g__Awaited|12_0(ControllerActionInvoker invoker, ValueTask`1 actionResultValueTask)
   at Microsoft.AspNetCore.Mvc.Infrastructure.ControllerActionInvoker.<InvokeNextActionFilterAsync>g__Awaited|10_0(ControllerActionInvoker invoker, Task lastTask, State next, Scope scope, Object state, Boolean isCompleted)
   at Microsoft.AspNetCore.Mvc.Infrastructure.ControllerActionInvoker.Rethrow(ActionExecutedContextSealed context)
   at Microsoft.AspNetCore.Mvc.Infrastructure.ControllerActionInvoker.Next(State& next, Scope& scope, Object& state, Boolean& isCompleted)
   at Microsoft.AspNetCore.Mvc.Infrastructure.ControllerActionInvoker.<InvokeInnerFilterAsync>g__Awaited|13_0(ControllerActionInvoker invoker, Task lastTask, State next, Scope scope, Object state, Boolean isCompleted)
   at Microsoft.AspNetCore.Mvc.Infrastructure.ResourceInvoker.<InvokeFilterPipelineAsync>g__Awaited|20_0(ResourceInvoker invoker, Task lastTask, State next, Scope scope, Object state, Boolean isCompleted)
   at Microsoft.AspNetCore.Mvc.Infrastructure.ResourceInvoker.<InvokeAsync>g__Awaited|17_0(ResourceInvoker invoker, Task task, IDisposable scope)
   at Microsoft.AspNetCore.Mvc.Infrastructure.ResourceInvoker.<InvokeAsync>g__Awaited|17_0(ResourceInvoker invoker, Task task, IDisposable scope)
   at Microsoft.AspNetCore.Authorization.AuthorizationMiddleware.Invoke(HttpContext context)
   at Microsoft.AspNetCore.Authentication.AuthenticationMiddleware.Invoke(HttpContext context)
   at Swashbuckle.AspNetCore.SwaggerUI.SwaggerUIMiddleware.Invoke(HttpContext httpContext)
   at Swashbuckle.AspNetCore.Swagger.SwaggerMiddleware.Invoke(HttpContext httpContext, ISwaggerProvider swaggerProvider)
   at Serilog.AspNetCore.RequestLoggingMiddleware.Invoke(HttpContext httpContext)
   at EcommerceCA.API.Middleware.ExceptionMiddleware.InvokeAsync(HttpContext context) in D:\Project\New folder (2)\ycc-server-csharp\EcommerceCA\EcommerceCA.API\Middleware\ExceptionMiddleware.cs:line 31
2026-06-12 22:51:09.298 +05:30 [ERR] HTTP POST /api/auth/login responded 500 in 476.4645 ms
EcommerceCA.Common.Exceptions.UnauthorizedException: Invalid email or password.
   at EcommerceCA.Application.Services.AuthService.LoginAsync(LoginRequestDto dto) in D:\Project\New folder (2)\ycc-server-csharp\EcommerceCA\EcommerceCA.Application\Services\AuthService.cs:line 62
   at EcommerceCA.API.Controllers.AuthController.Login(LoginRequestDto dto) in D:\Project\New folder (2)\ycc-server-csharp\EcommerceCA\EcommerceCA.API\Controllers\AuthController.cs:line 38
   at Microsoft.AspNetCore.Mvc.Infrastructure.ActionMethodExecutor.TaskOfIActionResultExecutor.Execute(ActionContext actionContext, IActionResultTypeMapper mapper, ObjectMethodExecutor executor, Object controller, Object[] arguments)
   at Microsoft.AspNetCore.Mvc.Infrastructure.ControllerActionInvoker.<InvokeActionMethodAsync>g__Awaited|12_0(ControllerActionInvoker invoker, ValueTask`1 actionResultValueTask)
   at Microsoft.AspNetCore.Mvc.Infrastructure.ControllerActionInvoker.<InvokeNextActionFilterAsync>g__Awaited|10_0(ControllerActionInvoker invoker, Task lastTask, State next, Scope scope, Object state, Boolean isCompleted)
   at Microsoft.AspNetCore.Mvc.Infrastructure.ControllerActionInvoker.Rethrow(ActionExecutedContextSealed context)
   at Microsoft.AspNetCore.Mvc.Infrastructure.ControllerActionInvoker.Next(State& next, Scope& scope, Object& state, Boolean& isCompleted)
   at Microsoft.AspNetCore.Mvc.Infrastructure.ControllerActionInvoker.<InvokeInnerFilterAsync>g__Awaited|13_0(ControllerActionInvoker invoker, Task lastTask, State next, Scope scope, Object state, Boolean isCompleted)
   at Microsoft.AspNetCore.Mvc.Infrastructure.ResourceInvoker.<InvokeFilterPipelineAsync>g__Awaited|20_0(ResourceInvoker invoker, Task lastTask, State next, Scope scope, Object state, Boolean isCompleted)
   at Microsoft.AspNetCore.Mvc.Infrastructure.ResourceInvoker.<InvokeAsync>g__Awaited|17_0(ResourceInvoker invoker, Task task, IDisposable scope)
   at Microsoft.AspNetCore.Mvc.Infrastructure.ResourceInvoker.<InvokeAsync>g__Awaited|17_0(ResourceInvoker invoker, Task task, IDisposable scope)
   at Microsoft.AspNetCore.Authorization.AuthorizationMiddleware.Invoke(HttpContext context)
   at Microsoft.AspNetCore.Authentication.AuthenticationMiddleware.Invoke(HttpContext context)
   at Swashbuckle.AspNetCore.SwaggerUI.SwaggerUIMiddleware.Invoke(HttpContext httpContext)
   at Swashbuckle.AspNetCore.Swagger.SwaggerMiddleware.Invoke(HttpContext httpContext, ISwaggerProvider swaggerProvider)
   at Serilog.AspNetCore.RequestLoggingMiddleware.Invoke(HttpContext httpContext)
2026-06-12 22:51:09.340 +05:30 [ERR] Unhandled exception [POST] /api/auth/login — Invalid email or password.
EcommerceCA.Common.Exceptions.UnauthorizedException: Invalid email or password.
   at EcommerceCA.Application.Services.AuthService.LoginAsync(LoginRequestDto dto) in D:\Project\New folder (2)\ycc-server-csharp\EcommerceCA\EcommerceCA.Application\Services\AuthService.cs:line 62
   at EcommerceCA.API.Controllers.AuthController.Login(LoginRequestDto dto) in D:\Project\New folder (2)\ycc-server-csharp\EcommerceCA\EcommerceCA.API\Controllers\AuthController.cs:line 38
   at Microsoft.AspNetCore.Mvc.Infrastructure.ActionMethodExecutor.TaskOfIActionResultExecutor.Execute(ActionContext actionContext, IActionResultTypeMapper mapper, ObjectMethodExecutor executor, Object controller, Object[] arguments)
   at Microsoft.AspNetCore.Mvc.Infrastructure.ControllerActionInvoker.<InvokeActionMethodAsync>g__Awaited|12_0(ControllerActionInvoker invoker, ValueTask`1 actionResultValueTask)
   at Microsoft.AspNetCore.Mvc.Infrastructure.ControllerActionInvoker.<InvokeNextActionFilterAsync>g__Awaited|10_0(ControllerActionInvoker invoker, Task lastTask, State next, Scope scope, Object state, Boolean isCompleted)
   at Microsoft.AspNetCore.Mvc.Infrastructure.ControllerActionInvoker.Rethrow(ActionExecutedContextSealed context)
   at Microsoft.AspNetCore.Mvc.Infrastructure.ControllerActionInvoker.Next(State& next, Scope& scope, Object& state, Boolean& isCompleted)
   at Microsoft.AspNetCore.Mvc.Infrastructure.ControllerActionInvoker.<InvokeInnerFilterAsync>g__Awaited|13_0(ControllerActionInvoker invoker, Task lastTask, State next, Scope scope, Object state, Boolean isCompleted)
   at Microsoft.AspNetCore.Mvc.Infrastructure.ResourceInvoker.<InvokeFilterPipelineAsync>g__Awaited|20_0(ResourceInvoker invoker, Task lastTask, State next, Scope scope, Object state, Boolean isCompleted)
   at Microsoft.AspNetCore.Mvc.Infrastructure.ResourceInvoker.<InvokeAsync>g__Awaited|17_0(ResourceInvoker invoker, Task task, IDisposable scope)
   at Microsoft.AspNetCore.Mvc.Infrastructure.ResourceInvoker.<InvokeAsync>g__Awaited|17_0(ResourceInvoker invoker, Task task, IDisposable scope)
   at Microsoft.AspNetCore.Authorization.AuthorizationMiddleware.Invoke(HttpContext context)
   at Microsoft.AspNetCore.Authentication.AuthenticationMiddleware.Invoke(HttpContext context)
   at Swashbuckle.AspNetCore.SwaggerUI.SwaggerUIMiddleware.Invoke(HttpContext httpContext)
   at Swashbuckle.AspNetCore.Swagger.SwaggerMiddleware.Invoke(HttpContext httpContext, ISwaggerProvider swaggerProvider)
   at Serilog.AspNetCore.RequestLoggingMiddleware.Invoke(HttpContext httpContext)
   at EcommerceCA.API.Middleware.ExceptionMiddleware.InvokeAsync(HttpContext context) in D:\Project\New folder (2)\ycc-server-csharp\EcommerceCA\EcommerceCA.API\Middleware\ExceptionMiddleware.cs:line 31
2026-06-12 22:51:27.531 +05:30 [ERR] HTTP POST /api/auth/login responded 500 in 6.4366 ms
EcommerceCA.Common.Exceptions.UnauthorizedException: Invalid email or password.
   at EcommerceCA.Application.Services.AuthService.LoginAsync(LoginRequestDto dto) in D:\Project\New folder (2)\ycc-server-csharp\EcommerceCA\EcommerceCA.Application\Services\AuthService.cs:line 62
   at EcommerceCA.API.Controllers.AuthController.Login(LoginRequestDto dto) in D:\Project\New folder (2)\ycc-server-csharp\EcommerceCA\EcommerceCA.API\Controllers\AuthController.cs:line 38
   at Microsoft.AspNetCore.Mvc.Infrastructure.ActionMethodExecutor.TaskOfIActionResultExecutor.Execute(ActionContext actionContext, IActionResultTypeMapper mapper, ObjectMethodExecutor executor, Object controller, Object[] arguments)
   at Microsoft.AspNetCore.Mvc.Infrastructure.ControllerActionInvoker.<InvokeActionMethodAsync>g__Awaited|12_0(ControllerActionInvoker invoker, ValueTask`1 actionResultValueTask)
   at Microsoft.AspNetCore.Mvc.Infrastructure.ControllerActionInvoker.<InvokeNextActionFilterAsync>g__Awaited|10_0(ControllerActionInvoker invoker, Task lastTask, State next, Scope scope, Object state, Boolean isCompleted)
   at Microsoft.AspNetCore.Mvc.Infrastructure.ControllerActionInvoker.Rethrow(ActionExecutedContextSealed context)
   at Microsoft.AspNetCore.Mvc.Infrastructure.ControllerActionInvoker.Next(State& next, Scope& scope, Object& state, Boolean& isCompleted)
   at Microsoft.AspNetCore.Mvc.Infrastructure.ControllerActionInvoker.<InvokeInnerFilterAsync>g__Awaited|13_0(ControllerActionInvoker invoker, Task lastTask, State next, Scope scope, Object state, Boolean isCompleted)
   at Microsoft.AspNetCore.Mvc.Infrastructure.ResourceInvoker.<InvokeFilterPipelineAsync>g__Awaited|20_0(ResourceInvoker invoker, Task lastTask, State next, Scope scope, Object state, Boolean isCompleted)
   at Microsoft.AspNetCore.Mvc.Infrastructure.ResourceInvoker.<InvokeAsync>g__Awaited|17_0(ResourceInvoker invoker, Task task, IDisposable scope)
   at Microsoft.AspNetCore.Mvc.Infrastructure.ResourceInvoker.<InvokeAsync>g__Awaited|17_0(ResourceInvoker invoker, Task task, IDisposable scope)
   at Microsoft.AspNetCore.Authorization.AuthorizationMiddleware.Invoke(HttpContext context)
   at Microsoft.AspNetCore.Authentication.AuthenticationMiddleware.Invoke(HttpContext context)
   at Swashbuckle.AspNetCore.SwaggerUI.SwaggerUIMiddleware.Invoke(HttpContext httpContext)
   at Swashbuckle.AspNetCore.Swagger.SwaggerMiddleware.Invoke(HttpContext httpContext, ISwaggerProvider swaggerProvider)
   at Serilog.AspNetCore.RequestLoggingMiddleware.Invoke(HttpContext httpContext)
2026-06-12 22:51:27.539 +05:30 [ERR] Unhandled exception [POST] /api/auth/login — Invalid email or password.
EcommerceCA.Common.Exceptions.UnauthorizedException: Invalid email or password.
   at EcommerceCA.Application.Services.AuthService.LoginAsync(LoginRequestDto dto) in D:\Project\New folder (2)\ycc-server-csharp\EcommerceCA\EcommerceCA.Application\Services\AuthService.cs:line 62
   at EcommerceCA.API.Controllers.AuthController.Login(LoginRequestDto dto) in D:\Project\New folder (2)\ycc-server-csharp\EcommerceCA\EcommerceCA.API\Controllers\AuthController.cs:line 38
   at Microsoft.AspNetCore.Mvc.Infrastructure.ActionMethodExecutor.TaskOfIActionResultExecutor.Execute(ActionContext actionContext, IActionResultTypeMapper mapper, ObjectMethodExecutor executor, Object controller, Object[] arguments)
   at Microsoft.AspNetCore.Mvc.Infrastructure.ControllerActionInvoker.<InvokeActionMethodAsync>g__Awaited|12_0(ControllerActionInvoker invoker, ValueTask`1 actionResultValueTask)
   at Microsoft.AspNetCore.Mvc.Infrastructure.ControllerActionInvoker.<InvokeNextActionFilterAsync>g__Awaited|10_0(ControllerActionInvoker invoker, Task lastTask, State next, Scope scope, Object state, Boolean isCompleted)
   at Microsoft.AspNetCore.Mvc.Infrastructure.ControllerActionInvoker.Rethrow(ActionExecutedContextSealed context)
   at Microsoft.AspNetCore.Mvc.Infrastructure.ControllerActionInvoker.Next(State& next, Scope& scope, Object& state, Boolean& isCompleted)
   at Microsoft.AspNetCore.Mvc.Infrastructure.ControllerActionInvoker.<InvokeInnerFilterAsync>g__Awaited|13_0(ControllerActionInvoker invoker, Task lastTask, State next, Scope scope, Object state, Boolean isCompleted)
   at Microsoft.AspNetCore.Mvc.Infrastructure.ResourceInvoker.<InvokeFilterPipelineAsync>g__Awaited|20_0(ResourceInvoker invoker, Task lastTask, State next, Scope scope, Object state, Boolean isCompleted)
   at Microsoft.AspNetCore.Mvc.Infrastructure.ResourceInvoker.<InvokeAsync>g__Awaited|17_0(ResourceInvoker invoker, Task task, IDisposable scope)
   at Microsoft.AspNetCore.Mvc.Infrastructure.ResourceInvoker.<InvokeAsync>g__Awaited|17_0(ResourceInvoker invoker, Task task, IDisposable scope)
   at Microsoft.AspNetCore.Authorization.AuthorizationMiddleware.Invoke(HttpContext context)
   at Microsoft.AspNetCore.Authentication.AuthenticationMiddleware.Invoke(HttpContext context)
   at Swashbuckle.AspNetCore.SwaggerUI.SwaggerUIMiddleware.Invoke(HttpContext httpContext)
   at Swashbuckle.AspNetCore.Swagger.SwaggerMiddleware.Invoke(HttpContext httpContext, ISwaggerProvider swaggerProvider)
   at Serilog.AspNetCore.RequestLoggingMiddleware.Invoke(HttpContext httpContext)
   at EcommerceCA.API.Middleware.ExceptionMiddleware.InvokeAsync(HttpContext context) in D:\Project\New folder (2)\ycc-server-csharp\EcommerceCA\EcommerceCA.API\Middleware\ExceptionMiddleware.cs:line 31
2026-06-12 23:03:33.679 +05:30 [ERR] HTTP POST /api/auth/register responded 500 in 240.5028 ms
EcommerceCA.Common.Exceptions.ConflictException: This email is already registered.
   at EcommerceCA.Application.Services.AuthService.RegisterAsync(RegisterRequestDto dto) in D:\Project\New folder (2)\ycc-server-csharp\EcommerceCA\EcommerceCA.Application\Services\AuthService.cs:line 37
   at EcommerceCA.API.Controllers.AuthController.Register(RegisterRequestDto dto) in D:\Project\New folder (2)\ycc-server-csharp\EcommerceCA\EcommerceCA.API\Controllers\AuthController.cs:line 28
   at Microsoft.AspNetCore.Mvc.Infrastructure.ActionMethodExecutor.TaskOfIActionResultExecutor.Execute(ActionContext actionContext, IActionResultTypeMapper mapper, ObjectMethodExecutor executor, Object controller, Object[] arguments)
   at Microsoft.AspNetCore.Mvc.Infrastructure.ControllerActionInvoker.<InvokeActionMethodAsync>g__Awaited|12_0(ControllerActionInvoker invoker, ValueTask`1 actionResultValueTask)
   at Microsoft.AspNetCore.Mvc.Infrastructure.ControllerActionInvoker.<InvokeNextActionFilterAsync>g__Awaited|10_0(ControllerActionInvoker invoker, Task lastTask, State next, Scope scope, Object state, Boolean isCompleted)
   at Microsoft.AspNetCore.Mvc.Infrastructure.ControllerActionInvoker.Rethrow(ActionExecutedContextSealed context)
   at Microsoft.AspNetCore.Mvc.Infrastructure.ControllerActionInvoker.Next(State& next, Scope& scope, Object& state, Boolean& isCompleted)
   at Microsoft.AspNetCore.Mvc.Infrastructure.ControllerActionInvoker.<InvokeInnerFilterAsync>g__Awaited|13_0(ControllerActionInvoker invoker, Task lastTask, State next, Scope scope, Object state, Boolean isCompleted)
   at Microsoft.AspNetCore.Mvc.Infrastructure.ResourceInvoker.<InvokeFilterPipelineAsync>g__Awaited|20_0(ResourceInvoker invoker, Task lastTask, State next, Scope scope, Object state, Boolean isCompleted)
   at Microsoft.AspNetCore.Mvc.Infrastructure.ResourceInvoker.<InvokeAsync>g__Awaited|17_0(ResourceInvoker invoker, Task task, IDisposable scope)
   at Microsoft.AspNetCore.Mvc.Infrastructure.ResourceInvoker.<InvokeAsync>g__Awaited|17_0(ResourceInvoker invoker, Task task, IDisposable scope)
   at Microsoft.AspNetCore.Authorization.AuthorizationMiddleware.Invoke(HttpContext context)
   at Microsoft.AspNetCore.Authentication.AuthenticationMiddleware.Invoke(HttpContext context)
   at Swashbuckle.AspNetCore.SwaggerUI.SwaggerUIMiddleware.Invoke(HttpContext httpContext)
   at Swashbuckle.AspNetCore.Swagger.SwaggerMiddleware.Invoke(HttpContext httpContext, ISwaggerProvider swaggerProvider)
   at Serilog.AspNetCore.RequestLoggingMiddleware.Invoke(HttpContext httpContext)
2026-06-12 23:03:33.713 +05:30 [ERR] Unhandled exception [POST] /api/auth/register — This email is already registered.
EcommerceCA.Common.Exceptions.ConflictException: This email is already registered.
   at EcommerceCA.Application.Services.AuthService.RegisterAsync(RegisterRequestDto dto) in D:\Project\New folder (2)\ycc-server-csharp\EcommerceCA\EcommerceCA.Application\Services\AuthService.cs:line 37
   at EcommerceCA.API.Controllers.AuthController.Register(RegisterRequestDto dto) in D:\Project\New folder (2)\ycc-server-csharp\EcommerceCA\EcommerceCA.API\Controllers\AuthController.cs:line 28
   at Microsoft.AspNetCore.Mvc.Infrastructure.ActionMethodExecutor.TaskOfIActionResultExecutor.Execute(ActionContext actionContext, IActionResultTypeMapper mapper, ObjectMethodExecutor executor, Object controller, Object[] arguments)
   at Microsoft.AspNetCore.Mvc.Infrastructure.ControllerActionInvoker.<InvokeActionMethodAsync>g__Awaited|12_0(ControllerActionInvoker invoker, ValueTask`1 actionResultValueTask)
   at Microsoft.AspNetCore.Mvc.Infrastructure.ControllerActionInvoker.<InvokeNextActionFilterAsync>g__Awaited|10_0(ControllerActionInvoker invoker, Task lastTask, State next, Scope scope, Object state, Boolean isCompleted)
   at Microsoft.AspNetCore.Mvc.Infrastructure.ControllerActionInvoker.Rethrow(ActionExecutedContextSealed context)
   at Microsoft.AspNetCore.Mvc.Infrastructure.ControllerActionInvoker.Next(State& next, Scope& scope, Object& state, Boolean& isCompleted)
   at Microsoft.AspNetCore.Mvc.Infrastructure.ControllerActionInvoker.<InvokeInnerFilterAsync>g__Awaited|13_0(ControllerActionInvoker invoker, Task lastTask, State next, Scope scope, Object state, Boolean isCompleted)
   at Microsoft.AspNetCore.Mvc.Infrastructure.ResourceInvoker.<InvokeFilterPipelineAsync>g__Awaited|20_0(ResourceInvoker invoker, Task lastTask, State next, Scope scope, Object state, Boolean isCompleted)
   at Microsoft.AspNetCore.Mvc.Infrastructure.ResourceInvoker.<InvokeAsync>g__Awaited|17_0(ResourceInvoker invoker, Task task, IDisposable scope)
   at Microsoft.AspNetCore.Mvc.Infrastructure.ResourceInvoker.<InvokeAsync>g__Awaited|17_0(ResourceInvoker invoker, Task task, IDisposable scope)
   at Microsoft.AspNetCore.Authorization.AuthorizationMiddleware.Invoke(HttpContext context)
   at Microsoft.AspNetCore.Authentication.AuthenticationMiddleware.Invoke(HttpContext context)
   at Swashbuckle.AspNetCore.SwaggerUI.SwaggerUIMiddleware.Invoke(HttpContext httpContext)
   at Swashbuckle.AspNetCore.Swagger.SwaggerMiddleware.Invoke(HttpContext httpContext, ISwaggerProvider swaggerProvider)
   at Serilog.AspNetCore.RequestLoggingMiddleware.Invoke(HttpContext httpContext)
   at EcommerceCA.API.Middleware.ExceptionMiddleware.InvokeAsync(HttpContext context) in D:\Project\New folder (2)\ycc-server-csharp\EcommerceCA\EcommerceCA.API\Middleware\ExceptionMiddleware.cs:line 31
2026-06-12 23:04:10.732 +05:30 [INF] HTTP GET /api/wishlist responded 401 in 66.4737 ms
2026-06-12 23:04:10.953 +05:30 [INF] HTTP GET /api/categories responded 200 in 355.2168 ms
2026-06-12 23:04:10.956 +05:30 [INF] HTTP GET /api/wishlist/ids responded 401 in 0.7190 ms
2026-06-12 23:04:10.967 +05:30 [INF] HTTP GET /api/wishlist responded 401 in 11.4240 ms
2026-06-12 23:04:11.036 +05:30 [INF] HTTP GET /api/categories responded 200 in 53.6967 ms
2026-06-12 23:04:11.091 +05:30 [INF] HTTP GET /api/wishlist/ids responded 401 in 1.2350 ms
2026-06-12 23:04:11.575 +05:30 [INF] HTTP GET /api/products responded 200 in 175.5083 ms
2026-06-12 23:04:12.042 +05:30 [INF] HTTP GET /api/products responded 200 in 102.0786 ms
2026-06-12 23:04:14.383 +05:30 [INF] HTTP GET /api/categories responded 200 in 32.9229 ms
2026-06-12 23:04:14.476 +05:30 [INF] HTTP GET /api/categories responded 200 in 62.5492 ms
2026-06-12 23:04:15.041 +05:30 [INF] HTTP GET /api/products responded 200 in 42.2127 ms
2026-06-12 23:04:15.330 +05:30 [INF] HTTP GET /api/products responded 200 in 46.5711 ms
2026-06-12 23:04:16.312 +05:30 [INF] HTTP GET /api/products/1 responded 200 in 88.9840 ms
2026-06-12 23:04:16.710 +05:30 [INF] HTTP GET /api/products/1 responded 200 in 70.7478 ms
2026-06-12 23:04:16.769 +05:30 [INF] HTTP GET /api/products responded 200 in 81.3222 ms
2026-06-12 23:04:17.138 +05:30 [INF] HTTP GET /api/products responded 200 in 36.6632 ms
2026-06-12 23:04:19.141 +05:30 [INF] HTTP GET /api/products/4 responded 200 in 24.8887 ms
2026-06-12 23:04:19.409 +05:30 [INF] HTTP GET /api/products/1 responded 200 in 48.7003 ms
2026-06-12 23:04:19.409 +05:30 [INF] HTTP GET /api/products/4 responded 200 in 53.5044 ms
2026-06-12 23:04:19.462 +05:30 [INF] HTTP GET /api/products/1 responded 200 in 3.6512 ms
2026-06-12 23:04:52.638 +05:30 [INF] HTTP GET /api/users/addresses responded 401 in 1.5310 ms
2026-06-12 23:04:52.975 +05:30 [INF] HTTP GET /api/users/addresses responded 401 in 7.4829 ms
2026-06-12 23:05:24.388 +05:30 [INF] HTTP GET /api/products/4 responded 200 in 12.1889 ms
2026-06-12 23:05:24.458 +05:30 [INF] HTTP GET /api/products/4 responded 200 in 2.5238 ms
2026-06-12 23:05:24.459 +05:30 [INF] HTTP GET /api/products/1 responded 200 in 1.7735 ms
2026-06-12 23:05:24.640 +05:30 [INF] HTTP GET /api/products/1 responded 200 in 2.6021 ms
2026-06-12 23:06:12.189 +05:30 [INF] HTTP GET /api/categories responded 200 in 17.1206 ms
2026-06-12 23:06:12.204 +05:30 [INF] HTTP GET /api/categories responded 200 in 2.7785 ms
2026-06-12 23:06:12.584 +05:30 [INF] HTTP GET /api/products responded 200 in 16.9290 ms
2026-06-12 23:06:12.837 +05:30 [INF] HTTP GET /api/products responded 200 in 5.1028 ms
2026-06-12 23:07:10.278 +05:30 [INF] HTTP GET /api/categories responded 200 in 12.5131 ms
2026-06-12 23:07:10.290 +05:30 [INF] HTTP GET /api/categories responded 200 in 1.8864 ms
2026-06-12 23:07:10.423 +05:30 [INF] HTTP GET /api/products responded 200 in 25.4085 ms
2026-06-12 23:07:10.446 +05:30 [INF] HTTP GET /api/products responded 200 in 7.3573 ms
2026-06-12 23:07:15.133 +05:30 [INF] HTTP GET /api/categories responded 200 in 18.1016 ms
2026-06-12 23:07:15.457 +05:30 [INF] HTTP GET /api/categories responded 200 in 12.9093 ms
2026-06-12 23:07:15.515 +05:30 [INF] HTTP GET /api/products responded 200 in 31.4393 ms
2026-06-12 23:07:15.860 +05:30 [INF] HTTP GET /api/products responded 200 in 25.8820 ms
2026-06-12 23:07:16.474 +05:30 [INF] HTTP GET /api/products/2 responded 200 in 12.8600 ms
2026-06-12 23:07:16.506 +05:30 [INF] HTTP GET /api/products/2 responded 200 in 1.1931 ms
2026-06-12 23:07:16.739 +05:30 [INF] HTTP GET /api/products responded 200 in 19.2082 ms
2026-06-12 23:07:16.820 +05:30 [INF] HTTP GET /api/products responded 200 in 19.2736 ms
2026-06-12 23:07:18.622 +05:30 [INF] HTTP GET /api/products/2 responded 200 in 16.2420 ms
2026-06-12 23:07:18.636 +05:30 [INF] HTTP GET /api/products/2 responded 200 in 2.1064 ms
2026-06-12 23:07:26.087 +05:30 [INF] HTTP POST /api/auth/login responded 200 in 186.9262 ms
2026-06-12 23:07:26.160 +05:30 [INF] HTTP GET /api/wishlist responded 200 in 15.3313 ms
2026-06-12 23:07:26.519 +05:30 [INF] HTTP GET /api/wishlist/ids responded 200 in 3.8971 ms
2026-06-12 23:07:27.280 +05:30 [INF] HTTP GET /api/users/addresses responded 200 in 11.5878 ms
2026-06-12 23:07:27.590 +05:30 [INF] HTTP GET /api/users/addresses responded 200 in 1.7418 ms
2026-06-12 23:08:07.447 +05:30 [INF] HTTP GET /api/wishlist responded 200 in 2.1995 ms
2026-06-12 23:08:07.460 +05:30 [INF] HTTP GET /api/wishlist responded 200 in 2.9745 ms
2026-06-12 23:08:07.592 +05:30 [INF] HTTP GET /api/users/addresses responded 200 in 22.2701 ms
2026-06-12 23:08:07.621 +05:30 [INF] HTTP GET /api/wishlist/ids responded 200 in 9.9423 ms
2026-06-12 23:08:07.636 +05:30 [INF] HTTP GET /api/users/addresses responded 200 in 6.4076 ms
2026-06-12 23:08:07.657 +05:30 [INF] HTTP GET /api/wishlist/ids responded 200 in 3.0264 ms
2026-06-12 23:08:09.928 +05:30 [INF] HTTP GET /api/wishlist responded 200 in 2.5059 ms
2026-06-12 23:08:09.941 +05:30 [INF] HTTP GET /api/wishlist responded 200 in 2.0114 ms
2026-06-12 23:08:10.031 +05:30 [INF] HTTP GET /api/users/addresses responded 200 in 3.2323 ms
2026-06-12 23:08:10.049 +05:30 [INF] HTTP GET /api/users/addresses responded 200 in 2.9725 ms
2026-06-12 23:08:10.056 +05:30 [INF] HTTP GET /api/wishlist/ids responded 200 in 3.0861 ms
2026-06-12 23:08:10.071 +05:30 [INF] HTTP GET /api/wishlist/ids responded 200 in 2.5095 ms
2026-06-12 23:08:17.294 +05:30 [INF] HTTP GET /api/products/4 responded 200 in 68.0349 ms
2026-06-12 23:08:17.297 +05:30 [INF] HTTP GET /api/products/1 responded 200 in 3.2522 ms
2026-06-12 23:08:17.308 +05:30 [INF] HTTP GET /api/products/4 responded 200 in 2.1398 ms
2026-06-12 23:08:17.489 +05:30 [INF] HTTP GET /api/products/1 responded 200 in 24.2865 ms
2026-06-12 23:08:19.245 +05:30 [INF] HTTP GET /api/users/addresses responded 401 in 2.3275 ms
2026-06-12 23:08:19.567 +05:30 [INF] HTTP GET /api/users/addresses responded 401 in 0.2276 ms
2026-06-12 23:08:27.946 +05:30 [INF] HTTP GET /api/wishlist responded 200 in 13.7738 ms
2026-06-12 23:08:27.958 +05:30 [INF] HTTP GET /api/wishlist responded 200 in 2.0753 ms
2026-06-12 23:08:28.050 +05:30 [INF] HTTP GET /api/users/addresses responded 200 in 7.3111 ms
2026-06-12 23:08:28.079 +05:30 [INF] HTTP GET /api/users/addresses responded 200 in 6.0867 ms
2026-06-12 23:08:28.080 +05:30 [INF] HTTP GET /api/wishlist/ids responded 200 in 3.8534 ms
2026-06-12 23:08:28.095 +05:30 [INF] HTTP GET /api/wishlist/ids responded 200 in 2.7835 ms
