2026-06-08 22:20:11.083 +05:30 [INF] HTTP GET /api/wishlist responded 401 in 27.1628 ms
2026-06-08 22:20:11.245 +05:30 [INF] HTTP GET /api/wishlist responded 401 in 0.7849 ms
2026-06-08 22:20:11.362 +05:30 [INF] HTTP GET /api/wishlist/ids responded 401 in 41.4967 ms
2026-06-08 22:20:11.660 +05:30 [INF] HTTP GET /api/wishlist/ids responded 401 in 4.4423 ms
2026-06-08 22:20:12.182 +05:30 [INF] HTTP GET /api/categories responded 200 in 1051.9581 ms
2026-06-08 22:20:13.466 +05:30 [INF] HTTP GET /api/categories responded 200 in 814.8212 ms
2026-06-08 22:20:20.960 +05:30 [INF] HTTP GET /api/products responded 200 in 7722.7888 ms
2026-06-08 22:20:21.499 +05:30 [INF] HTTP GET /api/products responded 200 in 48.5417 ms
2026-06-08 22:20:25.732 +05:30 [INF] HTTP GET /api/wishlist responded 401 in 0.9962 ms
2026-06-08 22:20:25.779 +05:30 [INF] HTTP GET /api/wishlist responded 401 in 1.2256 ms
2026-06-08 22:20:25.856 +05:30 [INF] HTTP GET /api/orders responded 401 in 0.7128 ms
2026-06-08 22:20:25.872 +05:30 [INF] HTTP GET /api/wishlist/ids responded 401 in 0.9932 ms
2026-06-08 22:20:25.937 +05:30 [INF] HTTP GET /api/orders responded 401 in 0.5263 ms
2026-06-08 22:20:25.987 +05:30 [INF] HTTP GET /api/products responded 200 in 124.8204 ms
2026-06-08 22:20:26.207 +05:30 [INF] HTTP GET /api/wishlist/ids responded 401 in 1.0381 ms
2026-06-08 22:20:26.353 +05:30 [INF] HTTP GET /api/products responded 200 in 37.2731 ms
2026-06-08 22:24:23.002 +05:30 [INF] HTTP GET /api/wishlist responded 401 in 0.8528 ms
2026-06-08 22:24:23.056 +05:30 [INF] HTTP GET /api/wishlist responded 401 in 0.5595 ms
2026-06-08 22:24:23.081 +05:30 [INF] HTTP GET /api/wishlist/ids responded 401 in 0.6158 ms
2026-06-08 22:24:23.110 +05:30 [INF] HTTP GET /api/wishlist/ids responded 401 in 0.6585 ms
2026-06-08 22:24:23.157 +05:30 [INF] HTTP GET /api/categories responded 200 in 152.5011 ms
2026-06-08 22:24:23.613 +05:30 [INF] HTTP GET /api/categories responded 200 in 39.7866 ms
2026-06-08 22:24:23.708 +05:30 [INF] HTTP GET /api/products responded 200 in 123.7204 ms
2026-06-08 22:24:23.886 +05:30 [INF] HTTP GET /api/products responded 200 in 87.0151 ms
2026-06-08 22:24:29.853 +05:30 [INF] HTTP GET /api/wishlist responded 401 in 0.9994 ms
2026-06-08 22:24:29.959 +05:30 [INF] HTTP GET /api/wishlist responded 401 in 0.6918 ms
2026-06-08 22:24:29.976 +05:30 [INF] HTTP GET /api/orders responded 401 in 0.6891 ms
2026-06-08 22:24:29.985 +05:30 [INF] HTTP GET /api/wishlist/ids responded 401 in 0.6590 ms
2026-06-08 22:24:30.030 +05:30 [INF] HTTP GET /api/orders responded 401 in 0.8943 ms
2026-06-08 22:24:30.125 +05:30 [INF] HTTP GET /api/products responded 200 in 158.7480 ms
2026-06-08 22:24:30.315 +05:30 [INF] HTTP GET /api/wishlist/ids responded 401 in 1.2833 ms
2026-06-08 22:24:30.459 +05:30 [INF] HTTP GET /api/products responded 200 in 18.2006 ms
